08/23/2020 21:08:40 - INFO: [('structural_head_config', u'16,8,8'), ('temporal_layer_config', u'128'), ('val_freq', 1), ('dataset', u'DBLP'), ('epochs', 50), ('walk_len', 20), ('weight_decay', 0.0005), ('neg_sample_size', 10), ('temporal_drop', 0.5), ('GPU_ID', 0), ('use_residual', u'False'), ('structural_layer_config', u'128'), ('window', -1), ('base_model', u'DySAT'), ('log_dir', 'log'), ('model_dir', 'model'), ('spatial_drop', 0.1), ('position_ffn', u'True'), ('optimizer', 'adam'), ('time_steps', 4), ('learning_rate', 0.001), ('csv_dir', 'csv'), ('batch_size', 512), ('max_gradient_norm', 1.0), ('featureless', u'False'), ('test_freq', 1), ('temporal_head_config', u'16'), ('seed', 7), ('save_dir', 'output'), ('model', u'default'), ('neg_weight', 1.0)]
08/23/2020 21:15:21 - INFO: # train: 2001, # val: 2000, # test: 6001
08/23/2020 21:15:32 - INFO: Mini batch Iter: 0 train_loss= 4.15579
08/23/2020 21:15:32 - INFO: Mini batch Iter: 0 graph_loss= 4.15579
08/23/2020 21:15:32 - INFO: Mini batch Iter: 0 reg_loss= 0.00000
08/23/2020 21:15:32 - INFO: Time for Mini batch : 3.01014280319
08/23/2020 21:15:35 - INFO: Mini batch Iter: 1 train_loss= 4.15590
08/23/2020 21:15:35 - INFO: Mini batch Iter: 1 graph_loss= 4.15590
08/23/2020 21:15:35 - INFO: Mini batch Iter: 1 reg_loss= 0.00000
08/23/2020 21:15:35 - INFO: Time for Mini batch : 1.93013882637
08/23/2020 21:15:37 - INFO: Mini batch Iter: 2 train_loss= 4.15525
08/23/2020 21:15:37 - INFO: Mini batch Iter: 2 graph_loss= 4.15525
08/23/2020 21:15:37 - INFO: Mini batch Iter: 2 reg_loss= 0.00000
08/23/2020 21:15:37 - INFO: Time for Mini batch : 1.95664215088
08/23/2020 21:15:39 - INFO: Mini batch Iter: 3 train_loss= 4.15565
08/23/2020 21:15:39 - INFO: Mini batch Iter: 3 graph_loss= 4.15565
08/23/2020 21:15:39 - INFO: Mini batch Iter: 3 reg_loss= 0.00000
08/23/2020 21:15:39 - INFO: Time for Mini batch : 1.96580004692
08/23/2020 21:15:41 - INFO: Mini batch Iter: 4 train_loss= 4.15483
08/23/2020 21:15:41 - INFO: Mini batch Iter: 4 graph_loss= 4.15483
08/23/2020 21:15:41 - INFO: Mini batch Iter: 4 reg_loss= 0.00000
08/23/2020 21:15:41 - INFO: Time for Mini batch : 1.97356295586
08/23/2020 21:15:43 - INFO: Mini batch Iter: 5 train_loss= 4.15505
08/23/2020 21:15:43 - INFO: Mini batch Iter: 5 graph_loss= 4.15505
08/23/2020 21:15:43 - INFO: Mini batch Iter: 5 reg_loss= 0.00000
08/23/2020 21:15:43 - INFO: Time for Mini batch : 1.95603513718
08/23/2020 21:15:45 - INFO: Mini batch Iter: 6 train_loss= 4.15432
08/23/2020 21:15:45 - INFO: Mini batch Iter: 6 graph_loss= 4.15432
08/23/2020 21:15:45 - INFO: Mini batch Iter: 6 reg_loss= 0.00000
08/23/2020 21:15:45 - INFO: Time for Mini batch : 1.96182799339
08/23/2020 21:15:47 - INFO: Mini batch Iter: 7 train_loss= 4.15403
08/23/2020 21:15:47 - INFO: Mini batch Iter: 7 graph_loss= 4.15403
08/23/2020 21:15:47 - INFO: Mini batch Iter: 7 reg_loss= 0.00000
08/23/2020 21:15:47 - INFO: Time for Mini batch : 1.96478104591
08/23/2020 21:15:50 - INFO: Mini batch Iter: 8 train_loss= 4.15303
08/23/2020 21:15:50 - INFO: Mini batch Iter: 8 graph_loss= 4.15303
08/23/2020 21:15:50 - INFO: Mini batch Iter: 8 reg_loss= 0.00000
08/23/2020 21:15:50 - INFO: Time for Mini batch : 1.97406101227
08/23/2020 21:15:52 - INFO: Mini batch Iter: 9 train_loss= 4.15217
08/23/2020 21:15:52 - INFO: Mini batch Iter: 9 graph_loss= 4.15217
08/23/2020 21:15:52 - INFO: Mini batch Iter: 9 reg_loss= 0.00000
08/23/2020 21:15:52 - INFO: Time for Mini batch : 1.96341300011
08/23/2020 21:15:54 - INFO: Mini batch Iter: 10 train_loss= 4.15235
08/23/2020 21:15:54 - INFO: Mini batch Iter: 10 graph_loss= 4.15235
08/23/2020 21:15:54 - INFO: Mini batch Iter: 10 reg_loss= 0.00000
08/23/2020 21:15:54 - INFO: Time for Mini batch : 1.97840213776
08/23/2020 21:15:57 - INFO: Mini batch Iter: 11 train_loss= 4.15072
08/23/2020 21:15:57 - INFO: Mini batch Iter: 11 graph_loss= 4.15072
08/23/2020 21:15:57 - INFO: Mini batch Iter: 11 reg_loss= 0.00000
08/23/2020 21:15:57 - INFO: Time for Mini batch : 2.55716919899
08/23/2020 21:15:59 - INFO: Mini batch Iter: 12 train_loss= 4.15061
08/23/2020 21:15:59 - INFO: Mini batch Iter: 12 graph_loss= 4.15061
08/23/2020 21:15:59 - INFO: Mini batch Iter: 12 reg_loss= 0.00000
08/23/2020 21:15:59 - INFO: Time for Mini batch : 1.94780683517
08/23/2020 21:16:01 - INFO: Mini batch Iter: 13 train_loss= 4.14883
08/23/2020 21:16:01 - INFO: Mini batch Iter: 13 graph_loss= 4.14883
08/23/2020 21:16:01 - INFO: Mini batch Iter: 13 reg_loss= 0.00000
08/23/2020 21:16:01 - INFO: Time for Mini batch : 1.97710394859
08/23/2020 21:16:03 - INFO: Mini batch Iter: 14 train_loss= 4.14846
08/23/2020 21:16:03 - INFO: Mini batch Iter: 14 graph_loss= 4.14846
08/23/2020 21:16:03 - INFO: Mini batch Iter: 14 reg_loss= 0.00000
08/23/2020 21:16:03 - INFO: Time for Mini batch : 1.9414691925
08/23/2020 21:16:05 - INFO: Mini batch Iter: 15 train_loss= 4.14639
08/23/2020 21:16:05 - INFO: Mini batch Iter: 15 graph_loss= 4.14639
08/23/2020 21:16:05 - INFO: Mini batch Iter: 15 reg_loss= 0.00000
08/23/2020 21:16:05 - INFO: Time for Mini batch : 1.96434617043
08/23/2020 21:16:07 - INFO: Mini batch Iter: 16 train_loss= 4.14566
08/23/2020 21:16:07 - INFO: Mini batch Iter: 16 graph_loss= 4.14566
08/23/2020 21:16:07 - INFO: Mini batch Iter: 16 reg_loss= 0.00000
08/23/2020 21:16:07 - INFO: Time for Mini batch : 1.98485302925
08/23/2020 21:16:09 - INFO: Mini batch Iter: 17 train_loss= 4.14377
08/23/2020 21:16:09 - INFO: Mini batch Iter: 17 graph_loss= 4.14377
08/23/2020 21:16:09 - INFO: Mini batch Iter: 17 reg_loss= 0.00000
08/23/2020 21:16:09 - INFO: Time for Mini batch : 1.98691797256
08/23/2020 21:16:12 - INFO: Mini batch Iter: 18 train_loss= 4.14187
08/23/2020 21:16:12 - INFO: Mini batch Iter: 18 graph_loss= 4.14187
08/23/2020 21:16:12 - INFO: Mini batch Iter: 18 reg_loss= 0.00000
08/23/2020 21:16:12 - INFO: Time for Mini batch : 1.96933293343
08/23/2020 21:16:14 - INFO: Mini batch Iter: 19 train_loss= 4.14026
08/23/2020 21:16:14 - INFO: Mini batch Iter: 19 graph_loss= 4.14026
08/23/2020 21:16:14 - INFO: Mini batch Iter: 19 reg_loss= 0.00000
08/23/2020 21:16:14 - INFO: Time for Mini batch : 1.94095301628
08/23/2020 21:16:16 - INFO: Mini batch Iter: 20 train_loss= 4.13795
08/23/2020 21:16:16 - INFO: Mini batch Iter: 20 graph_loss= 4.13795
08/23/2020 21:16:16 - INFO: Mini batch Iter: 20 reg_loss= 0.00000
08/23/2020 21:16:16 - INFO: Time for Mini batch : 1.96984791756
08/23/2020 21:16:18 - INFO: Mini batch Iter: 21 train_loss= 4.13753
08/23/2020 21:16:18 - INFO: Mini batch Iter: 21 graph_loss= 4.13753
08/23/2020 21:16:18 - INFO: Mini batch Iter: 21 reg_loss= 0.00000
08/23/2020 21:16:18 - INFO: Time for Mini batch : 1.97494888306
08/23/2020 21:16:20 - INFO: Mini batch Iter: 22 train_loss= 4.13464
08/23/2020 21:16:20 - INFO: Mini batch Iter: 22 graph_loss= 4.13464
08/23/2020 21:16:20 - INFO: Mini batch Iter: 22 reg_loss= 0.00000
08/23/2020 21:16:20 - INFO: Time for Mini batch : 1.96640515327
08/23/2020 21:16:22 - INFO: Mini batch Iter: 23 train_loss= 4.13335
08/23/2020 21:16:22 - INFO: Mini batch Iter: 23 graph_loss= 4.13335
08/23/2020 21:16:22 - INFO: Mini batch Iter: 23 reg_loss= 0.00000
08/23/2020 21:16:22 - INFO: Time for Mini batch : 1.96263885498
08/23/2020 21:16:24 - INFO: Mini batch Iter: 24 train_loss= 4.12839
08/23/2020 21:16:24 - INFO: Mini batch Iter: 24 graph_loss= 4.12839
08/23/2020 21:16:24 - INFO: Mini batch Iter: 24 reg_loss= 0.00000
08/23/2020 21:16:24 - INFO: Time for Mini batch : 1.94761490822
08/23/2020 21:16:26 - INFO: Mini batch Iter: 25 train_loss= 4.12563
08/23/2020 21:16:26 - INFO: Mini batch Iter: 25 graph_loss= 4.12563
08/23/2020 21:16:26 - INFO: Mini batch Iter: 25 reg_loss= 0.00000
08/23/2020 21:16:26 - INFO: Time for Mini batch : 1.9666621685
08/23/2020 21:16:29 - INFO: Mini batch Iter: 26 train_loss= 4.12187
08/23/2020 21:16:29 - INFO: Mini batch Iter: 26 graph_loss= 4.12187
08/23/2020 21:16:29 - INFO: Mini batch Iter: 26 reg_loss= 0.00000
08/23/2020 21:16:29 - INFO: Time for Mini batch : 2.58283209801
08/23/2020 21:16:31 - INFO: Mini batch Iter: 27 train_loss= 4.12100
08/23/2020 21:16:31 - INFO: Mini batch Iter: 27 graph_loss= 4.12100
08/23/2020 21:16:31 - INFO: Mini batch Iter: 27 reg_loss= 0.00000
08/23/2020 21:16:31 - INFO: Time for Mini batch : 1.95182013512
08/23/2020 21:16:34 - INFO: Mini batch Iter: 28 train_loss= 4.11895
08/23/2020 21:16:34 - INFO: Mini batch Iter: 28 graph_loss= 4.11895
08/23/2020 21:16:34 - INFO: Mini batch Iter: 28 reg_loss= 0.00000
08/23/2020 21:16:34 - INFO: Time for Mini batch : 1.9683368206
08/23/2020 21:16:36 - INFO: Mini batch Iter: 29 train_loss= 4.11803
08/23/2020 21:16:36 - INFO: Mini batch Iter: 29 graph_loss= 4.11803
08/23/2020 21:16:36 - INFO: Mini batch Iter: 29 reg_loss= 0.00000
08/23/2020 21:16:36 - INFO: Time for Mini batch : 1.9747428894
08/23/2020 21:16:38 - INFO: Mini batch Iter: 30 train_loss= 4.11170
08/23/2020 21:16:38 - INFO: Mini batch Iter: 30 graph_loss= 4.11170
08/23/2020 21:16:38 - INFO: Mini batch Iter: 30 reg_loss= 0.00000
08/23/2020 21:16:38 - INFO: Time for Mini batch : 2.0039999485
08/23/2020 21:16:40 - INFO: Mini batch Iter: 31 train_loss= 4.10864
08/23/2020 21:16:40 - INFO: Mini batch Iter: 31 graph_loss= 4.10864
08/23/2020 21:16:40 - INFO: Mini batch Iter: 31 reg_loss= 0.00000
08/23/2020 21:16:40 - INFO: Time for Mini batch : 1.96260094643
08/23/2020 21:16:42 - INFO: Mini batch Iter: 32 train_loss= 4.10679
08/23/2020 21:16:42 - INFO: Mini batch Iter: 32 graph_loss= 4.10679
08/23/2020 21:16:42 - INFO: Mini batch Iter: 32 reg_loss= 0.00000
08/23/2020 21:16:42 - INFO: Time for Mini batch : 1.95391607285
08/23/2020 21:16:44 - INFO: Mini batch Iter: 33 train_loss= 4.09478
08/23/2020 21:16:44 - INFO: Mini batch Iter: 33 graph_loss= 4.09478
08/23/2020 21:16:44 - INFO: Mini batch Iter: 33 reg_loss= 0.00000
08/23/2020 21:16:44 - INFO: Time for Mini batch : 1.96589803696
08/23/2020 21:16:46 - INFO: Mini batch Iter: 34 train_loss= 4.09690
08/23/2020 21:16:46 - INFO: Mini batch Iter: 34 graph_loss= 4.09690
08/23/2020 21:16:46 - INFO: Mini batch Iter: 34 reg_loss= 0.00000
08/23/2020 21:16:46 - INFO: Time for Mini batch : 1.92748403549
08/23/2020 21:16:49 - INFO: Mini batch Iter: 35 train_loss= 4.09857
08/23/2020 21:16:49 - INFO: Mini batch Iter: 35 graph_loss= 4.09857
08/23/2020 21:16:49 - INFO: Mini batch Iter: 35 reg_loss= 0.00000
08/23/2020 21:16:49 - INFO: Time for Mini batch : 1.98440003395
08/23/2020 21:16:51 - INFO: Mini batch Iter: 36 train_loss= 4.09203
08/23/2020 21:16:51 - INFO: Mini batch Iter: 36 graph_loss= 4.09203
08/23/2020 21:16:51 - INFO: Mini batch Iter: 36 reg_loss= 0.00000
08/23/2020 21:16:51 - INFO: Time for Mini batch : 1.95534110069
08/23/2020 21:16:51 - INFO: Time for epoch : 74.8022179604
08/23/2020 21:17:06 - INFO: Val results at epoch 0: Measure (HAD) AUC: 0.99552825
08/23/2020 21:17:06 - INFO: Test results at epoch 0: Measure (HAD) AUC: 0.995094885175
08/23/2020 21:17:08 - INFO: Mini batch Iter: 0 train_loss= 4.07899
08/23/2020 21:17:08 - INFO: Mini batch Iter: 0 graph_loss= 4.07899
08/23/2020 21:17:08 - INFO: Mini batch Iter: 0 reg_loss= 0.00000
08/23/2020 21:17:08 - INFO: Time for Mini batch : 1.91275501251
08/23/2020 21:17:10 - INFO: Mini batch Iter: 1 train_loss= 4.07529
08/23/2020 21:17:10 - INFO: Mini batch Iter: 1 graph_loss= 4.07529
08/23/2020 21:17:10 - INFO: Mini batch Iter: 1 reg_loss= 0.00000
08/23/2020 21:17:10 - INFO: Time for Mini batch : 1.90569114685
08/23/2020 21:17:12 - INFO: Mini batch Iter: 2 train_loss= 4.06815
08/23/2020 21:17:12 - INFO: Mini batch Iter: 2 graph_loss= 4.06815
08/23/2020 21:17:12 - INFO: Mini batch Iter: 2 reg_loss= 0.00000
08/23/2020 21:17:12 - INFO: Time for Mini batch : 1.91751194
08/23/2020 21:17:14 - INFO: Mini batch Iter: 3 train_loss= 4.06713
08/23/2020 21:17:14 - INFO: Mini batch Iter: 3 graph_loss= 4.06713
08/23/2020 21:17:14 - INFO: Mini batch Iter: 3 reg_loss= 0.00000
08/23/2020 21:17:14 - INFO: Time for Mini batch : 1.93179893494
08/23/2020 21:17:16 - INFO: Mini batch Iter: 4 train_loss= 4.06056
08/23/2020 21:17:16 - INFO: Mini batch Iter: 4 graph_loss= 4.06056
08/23/2020 21:17:16 - INFO: Mini batch Iter: 4 reg_loss= 0.00000
08/23/2020 21:17:16 - INFO: Time for Mini batch : 1.93650698662
08/23/2020 21:17:19 - INFO: Mini batch Iter: 5 train_loss= 4.05794
08/23/2020 21:17:19 - INFO: Mini batch Iter: 5 graph_loss= 4.05794
08/23/2020 21:17:19 - INFO: Mini batch Iter: 5 reg_loss= 0.00000
08/23/2020 21:17:19 - INFO: Time for Mini batch : 1.96640586853
08/23/2020 21:17:21 - INFO: Mini batch Iter: 6 train_loss= 4.04288
08/23/2020 21:17:21 - INFO: Mini batch Iter: 6 graph_loss= 4.04288
08/23/2020 21:17:21 - INFO: Mini batch Iter: 6 reg_loss= 0.00000
08/23/2020 21:17:21 - INFO: Time for Mini batch : 1.95876216888
08/23/2020 21:17:23 - INFO: Mini batch Iter: 7 train_loss= 4.04484
08/23/2020 21:17:23 - INFO: Mini batch Iter: 7 graph_loss= 4.04484
08/23/2020 21:17:23 - INFO: Mini batch Iter: 7 reg_loss= 0.00000
08/23/2020 21:17:23 - INFO: Time for Mini batch : 1.91742897034
08/23/2020 21:17:25 - INFO: Mini batch Iter: 8 train_loss= 4.03383
08/23/2020 21:17:25 - INFO: Mini batch Iter: 8 graph_loss= 4.03383
08/23/2020 21:17:25 - INFO: Mini batch Iter: 8 reg_loss= 0.00000
08/23/2020 21:17:25 - INFO: Time for Mini batch : 1.9350259304
08/23/2020 21:17:27 - INFO: Mini batch Iter: 9 train_loss= 4.03295
08/23/2020 21:17:27 - INFO: Mini batch Iter: 9 graph_loss= 4.03295
08/23/2020 21:17:27 - INFO: Mini batch Iter: 9 reg_loss= 0.00000
08/23/2020 21:17:27 - INFO: Time for Mini batch : 1.95147895813
08/23/2020 21:17:30 - INFO: Mini batch Iter: 10 train_loss= 4.02937
08/23/2020 21:17:30 - INFO: Mini batch Iter: 10 graph_loss= 4.02937
08/23/2020 21:17:30 - INFO: Mini batch Iter: 10 reg_loss= 0.00000
08/23/2020 21:17:30 - INFO: Time for Mini batch : 2.52065896988
08/23/2020 21:17:32 - INFO: Mini batch Iter: 11 train_loss= 4.02518
08/23/2020 21:17:32 - INFO: Mini batch Iter: 11 graph_loss= 4.02518
08/23/2020 21:17:32 - INFO: Mini batch Iter: 11 reg_loss= 0.00000
08/23/2020 21:17:32 - INFO: Time for Mini batch : 1.93251919746
08/23/2020 21:17:34 - INFO: Mini batch Iter: 12 train_loss= 4.00020
08/23/2020 21:17:34 - INFO: Mini batch Iter: 12 graph_loss= 4.00020
08/23/2020 21:17:34 - INFO: Mini batch Iter: 12 reg_loss= 0.00000
08/23/2020 21:17:34 - INFO: Time for Mini batch : 1.94628596306
08/23/2020 21:17:36 - INFO: Mini batch Iter: 13 train_loss= 4.00366
08/23/2020 21:17:36 - INFO: Mini batch Iter: 13 graph_loss= 4.00366
08/23/2020 21:17:36 - INFO: Mini batch Iter: 13 reg_loss= 0.00000
08/23/2020 21:17:36 - INFO: Time for Mini batch : 1.94945812225
08/23/2020 21:17:38 - INFO: Mini batch Iter: 14 train_loss= 3.99609
08/23/2020 21:17:38 - INFO: Mini batch Iter: 14 graph_loss= 3.99609
08/23/2020 21:17:38 - INFO: Mini batch Iter: 14 reg_loss= 0.00000
08/23/2020 21:17:38 - INFO: Time for Mini batch : 1.93897199631
08/23/2020 21:17:40 - INFO: Mini batch Iter: 15 train_loss= 3.97001
08/23/2020 21:17:40 - INFO: Mini batch Iter: 15 graph_loss= 3.97001
08/23/2020 21:17:40 - INFO: Mini batch Iter: 15 reg_loss= 0.00000
08/23/2020 21:17:40 - INFO: Time for Mini batch : 1.95952796936
08/23/2020 21:17:42 - INFO: Mini batch Iter: 16 train_loss= 3.98309
08/23/2020 21:17:42 - INFO: Mini batch Iter: 16 graph_loss= 3.98309
08/23/2020 21:17:42 - INFO: Mini batch Iter: 16 reg_loss= 0.00000
08/23/2020 21:17:42 - INFO: Time for Mini batch : 1.94697999954
08/23/2020 21:17:45 - INFO: Mini batch Iter: 17 train_loss= 3.99415
08/23/2020 21:17:45 - INFO: Mini batch Iter: 17 graph_loss= 3.99415
08/23/2020 21:17:45 - INFO: Mini batch Iter: 17 reg_loss= 0.00000
08/23/2020 21:17:45 - INFO: Time for Mini batch : 1.97447896004
08/23/2020 21:17:47 - INFO: Mini batch Iter: 18 train_loss= 3.98822
08/23/2020 21:17:47 - INFO: Mini batch Iter: 18 graph_loss= 3.98822
08/23/2020 21:17:47 - INFO: Mini batch Iter: 18 reg_loss= 0.00000
08/23/2020 21:17:47 - INFO: Time for Mini batch : 1.9091899395
08/23/2020 21:17:49 - INFO: Mini batch Iter: 19 train_loss= 3.95308
08/23/2020 21:17:49 - INFO: Mini batch Iter: 19 graph_loss= 3.95308
08/23/2020 21:17:49 - INFO: Mini batch Iter: 19 reg_loss= 0.00000
08/23/2020 21:17:49 - INFO: Time for Mini batch : 1.94529294968
08/23/2020 21:17:51 - INFO: Mini batch Iter: 20 train_loss= 3.94995
08/23/2020 21:17:51 - INFO: Mini batch Iter: 20 graph_loss= 3.94995
08/23/2020 21:17:51 - INFO: Mini batch Iter: 20 reg_loss= 0.00000
08/23/2020 21:17:51 - INFO: Time for Mini batch : 1.94330000877
08/23/2020 21:17:53 - INFO: Mini batch Iter: 21 train_loss= 3.93302
08/23/2020 21:17:53 - INFO: Mini batch Iter: 21 graph_loss= 3.93302
08/23/2020 21:17:53 - INFO: Mini batch Iter: 21 reg_loss= 0.00000
08/23/2020 21:17:53 - INFO: Time for Mini batch : 1.94396305084
08/23/2020 21:17:55 - INFO: Mini batch Iter: 22 train_loss= 3.92098
08/23/2020 21:17:55 - INFO: Mini batch Iter: 22 graph_loss= 3.92098
08/23/2020 21:17:55 - INFO: Mini batch Iter: 22 reg_loss= 0.00000
08/23/2020 21:17:55 - INFO: Time for Mini batch : 1.97358417511
08/23/2020 21:17:57 - INFO: Mini batch Iter: 23 train_loss= 3.94844
08/23/2020 21:17:57 - INFO: Mini batch Iter: 23 graph_loss= 3.94844
08/23/2020 21:17:57 - INFO: Mini batch Iter: 23 reg_loss= 0.00000
08/23/2020 21:17:57 - INFO: Time for Mini batch : 1.94321203232
08/23/2020 21:17:59 - INFO: Mini batch Iter: 24 train_loss= 3.90974
08/23/2020 21:17:59 - INFO: Mini batch Iter: 24 graph_loss= 3.90974
08/23/2020 21:17:59 - INFO: Mini batch Iter: 24 reg_loss= 0.00000
08/23/2020 21:17:59 - INFO: Time for Mini batch : 1.94490885735
08/23/2020 21:18:02 - INFO: Mini batch Iter: 25 train_loss= 3.90772
08/23/2020 21:18:02 - INFO: Mini batch Iter: 25 graph_loss= 3.90772
08/23/2020 21:18:02 - INFO: Mini batch Iter: 25 reg_loss= 0.00000
08/23/2020 21:18:02 - INFO: Time for Mini batch : 1.92579817772
08/23/2020 21:18:04 - INFO: Mini batch Iter: 26 train_loss= 3.88654
08/23/2020 21:18:04 - INFO: Mini batch Iter: 26 graph_loss= 3.88654
08/23/2020 21:18:04 - INFO: Mini batch Iter: 26 reg_loss= 0.00000
08/23/2020 21:18:04 - INFO: Time for Mini batch : 1.93495202065
08/23/2020 21:18:06 - INFO: Mini batch Iter: 27 train_loss= 3.88747
08/23/2020 21:18:06 - INFO: Mini batch Iter: 27 graph_loss= 3.88747
08/23/2020 21:18:06 - INFO: Mini batch Iter: 27 reg_loss= 0.00000
08/23/2020 21:18:06 - INFO: Time for Mini batch : 1.91686105728
08/23/2020 21:18:08 - INFO: Mini batch Iter: 28 train_loss= 3.88766
08/23/2020 21:18:08 - INFO: Mini batch Iter: 28 graph_loss= 3.88766
08/23/2020 21:18:08 - INFO: Mini batch Iter: 28 reg_loss= 0.00000
08/23/2020 21:18:08 - INFO: Time for Mini batch : 1.94310593605
08/23/2020 21:18:10 - INFO: Mini batch Iter: 29 train_loss= 3.88728
08/23/2020 21:18:10 - INFO: Mini batch Iter: 29 graph_loss= 3.88728
08/23/2020 21:18:10 - INFO: Mini batch Iter: 29 reg_loss= 0.00000
08/23/2020 21:18:10 - INFO: Time for Mini batch : 1.92761921883
08/23/2020 21:18:12 - INFO: Mini batch Iter: 30 train_loss= 3.87420
08/23/2020 21:18:12 - INFO: Mini batch Iter: 30 graph_loss= 3.87420
08/23/2020 21:18:12 - INFO: Mini batch Iter: 30 reg_loss= 0.00000
08/23/2020 21:18:12 - INFO: Time for Mini batch : 1.91093087196
08/23/2020 21:18:14 - INFO: Mini batch Iter: 31 train_loss= 3.85802
08/23/2020 21:18:14 - INFO: Mini batch Iter: 31 graph_loss= 3.85802
08/23/2020 21:18:14 - INFO: Mini batch Iter: 31 reg_loss= 0.00000
08/23/2020 21:18:14 - INFO: Time for Mini batch : 1.9235291481
08/23/2020 21:18:16 - INFO: Mini batch Iter: 32 train_loss= 3.83814
08/23/2020 21:18:16 - INFO: Mini batch Iter: 32 graph_loss= 3.83814
08/23/2020 21:18:16 - INFO: Mini batch Iter: 32 reg_loss= 0.00000
08/23/2020 21:18:16 - INFO: Time for Mini batch : 1.9584209919
08/23/2020 21:18:18 - INFO: Mini batch Iter: 33 train_loss= 3.84076
08/23/2020 21:18:18 - INFO: Mini batch Iter: 33 graph_loss= 3.84076
08/23/2020 21:18:18 - INFO: Mini batch Iter: 33 reg_loss= 0.00000
08/23/2020 21:18:18 - INFO: Time for Mini batch : 1.94903898239
08/23/2020 21:18:21 - INFO: Mini batch Iter: 34 train_loss= 3.81915
08/23/2020 21:18:21 - INFO: Mini batch Iter: 34 graph_loss= 3.81915
08/23/2020 21:18:21 - INFO: Mini batch Iter: 34 reg_loss= 0.00000
08/23/2020 21:18:21 - INFO: Time for Mini batch : 1.9150788784
08/23/2020 21:18:23 - INFO: Mini batch Iter: 35 train_loss= 3.84384
08/23/2020 21:18:23 - INFO: Mini batch Iter: 35 graph_loss= 3.84384
08/23/2020 21:18:23 - INFO: Mini batch Iter: 35 reg_loss= 0.00000
08/23/2020 21:18:23 - INFO: Time for Mini batch : 1.94794988632
08/23/2020 21:18:25 - INFO: Mini batch Iter: 36 train_loss= 3.81095
08/23/2020 21:18:25 - INFO: Mini batch Iter: 36 graph_loss= 3.81095
08/23/2020 21:18:25 - INFO: Mini batch Iter: 36 reg_loss= 0.00000
08/23/2020 21:18:25 - INFO: Time for Mini batch : 1.94270205498
08/23/2020 21:18:25 - INFO: Time for epoch : 72.194914341
08/23/2020 21:18:42 - INFO: Val results at epoch 1: Measure (HAD) AUC: 0.9926515
08/23/2020 21:18:42 - INFO: Test results at epoch 1: Measure (HAD) AUC: 0.993064867459
08/23/2020 21:18:44 - INFO: Mini batch Iter: 0 train_loss= 3.77414
08/23/2020 21:18:44 - INFO: Mini batch Iter: 0 graph_loss= 3.77414
08/23/2020 21:18:44 - INFO: Mini batch Iter: 0 reg_loss= 0.00000
08/23/2020 21:18:44 - INFO: Time for Mini batch : 2.23630189896
08/23/2020 21:18:46 - INFO: Mini batch Iter: 1 train_loss= 3.76232
08/23/2020 21:18:46 - INFO: Mini batch Iter: 1 graph_loss= 3.76232
08/23/2020 21:18:46 - INFO: Mini batch Iter: 1 reg_loss= 0.00000
08/23/2020 21:18:46 - INFO: Time for Mini batch : 1.99275493622
08/23/2020 21:18:48 - INFO: Mini batch Iter: 2 train_loss= 3.78413
08/23/2020 21:18:48 - INFO: Mini batch Iter: 2 graph_loss= 3.78413
08/23/2020 21:18:48 - INFO: Mini batch Iter: 2 reg_loss= 0.00000
08/23/2020 21:18:48 - INFO: Time for Mini batch : 2.02950501442
08/23/2020 21:18:51 - INFO: Mini batch Iter: 3 train_loss= 3.75586
08/23/2020 21:18:51 - INFO: Mini batch Iter: 3 graph_loss= 3.75586
08/23/2020 21:18:51 - INFO: Mini batch Iter: 3 reg_loss= 0.00000
08/23/2020 21:18:51 - INFO: Time for Mini batch : 2.00260901451
08/23/2020 21:18:53 - INFO: Mini batch Iter: 4 train_loss= 3.78338
08/23/2020 21:18:53 - INFO: Mini batch Iter: 4 graph_loss= 3.78338
08/23/2020 21:18:53 - INFO: Mini batch Iter: 4 reg_loss= 0.00000
08/23/2020 21:18:53 - INFO: Time for Mini batch : 2.65318608284
08/23/2020 21:18:56 - INFO: Mini batch Iter: 5 train_loss= 3.78154
08/23/2020 21:18:56 - INFO: Mini batch Iter: 5 graph_loss= 3.78154
08/23/2020 21:18:56 - INFO: Mini batch Iter: 5 reg_loss= 0.00000
08/23/2020 21:18:56 - INFO: Time for Mini batch : 2.02350997925
08/23/2020 21:18:58 - INFO: Mini batch Iter: 6 train_loss= 3.76023
08/23/2020 21:18:58 - INFO: Mini batch Iter: 6 graph_loss= 3.76023
08/23/2020 21:18:58 - INFO: Mini batch Iter: 6 reg_loss= 0.00000
08/23/2020 21:18:58 - INFO: Time for Mini batch : 2.01280212402
08/23/2020 21:19:00 - INFO: Mini batch Iter: 7 train_loss= 3.72265
08/23/2020 21:19:00 - INFO: Mini batch Iter: 7 graph_loss= 3.72265
08/23/2020 21:19:00 - INFO: Mini batch Iter: 7 reg_loss= 0.00000
08/23/2020 21:19:00 - INFO: Time for Mini batch : 2.02365207672
08/23/2020 21:19:02 - INFO: Mini batch Iter: 8 train_loss= 3.69726
08/23/2020 21:19:02 - INFO: Mini batch Iter: 8 graph_loss= 3.69726
08/23/2020 21:19:02 - INFO: Mini batch Iter: 8 reg_loss= 0.00000
08/23/2020 21:19:02 - INFO: Time for Mini batch : 1.98880195618
08/23/2020 21:19:04 - INFO: Mini batch Iter: 9 train_loss= 3.72954
08/23/2020 21:19:04 - INFO: Mini batch Iter: 9 graph_loss= 3.72954
08/23/2020 21:19:04 - INFO: Mini batch Iter: 9 reg_loss= 0.00000
08/23/2020 21:19:04 - INFO: Time for Mini batch : 1.996352911
08/23/2020 21:19:07 - INFO: Mini batch Iter: 10 train_loss= 3.75882
08/23/2020 21:19:07 - INFO: Mini batch Iter: 10 graph_loss= 3.75882
08/23/2020 21:19:07 - INFO: Mini batch Iter: 10 reg_loss= 0.00000
08/23/2020 21:19:07 - INFO: Time for Mini batch : 1.99031710625
08/23/2020 21:19:09 - INFO: Mini batch Iter: 11 train_loss= 3.73214
08/23/2020 21:19:09 - INFO: Mini batch Iter: 11 graph_loss= 3.73214
08/23/2020 21:19:09 - INFO: Mini batch Iter: 11 reg_loss= 0.00000
08/23/2020 21:19:09 - INFO: Time for Mini batch : 1.98324489594
08/23/2020 21:19:11 - INFO: Mini batch Iter: 12 train_loss= 3.68045
08/23/2020 21:19:11 - INFO: Mini batch Iter: 12 graph_loss= 3.68045
08/23/2020 21:19:11 - INFO: Mini batch Iter: 12 reg_loss= 0.00000
08/23/2020 21:19:11 - INFO: Time for Mini batch : 1.99259495735
08/23/2020 21:19:13 - INFO: Mini batch Iter: 13 train_loss= 3.67647
08/23/2020 21:19:13 - INFO: Mini batch Iter: 13 graph_loss= 3.67647
08/23/2020 21:19:13 - INFO: Mini batch Iter: 13 reg_loss= 0.00000
08/23/2020 21:19:13 - INFO: Time for Mini batch : 1.98937511444
08/23/2020 21:19:15 - INFO: Mini batch Iter: 14 train_loss= 3.70582
08/23/2020 21:19:15 - INFO: Mini batch Iter: 14 graph_loss= 3.70582
08/23/2020 21:19:15 - INFO: Mini batch Iter: 14 reg_loss= 0.00000
08/23/2020 21:19:15 - INFO: Time for Mini batch : 1.99013996124
08/23/2020 21:19:18 - INFO: Mini batch Iter: 15 train_loss= 3.66999
08/23/2020 21:19:18 - INFO: Mini batch Iter: 15 graph_loss= 3.66999
08/23/2020 21:19:18 - INFO: Mini batch Iter: 15 reg_loss= 0.00000
08/23/2020 21:19:18 - INFO: Time for Mini batch : 2.02930402756
08/23/2020 21:19:20 - INFO: Mini batch Iter: 16 train_loss= 3.65181
08/23/2020 21:19:20 - INFO: Mini batch Iter: 16 graph_loss= 3.65181
08/23/2020 21:19:20 - INFO: Mini batch Iter: 16 reg_loss= 0.00000
08/23/2020 21:19:20 - INFO: Time for Mini batch : 1.97571492195
08/23/2020 21:19:22 - INFO: Mini batch Iter: 17 train_loss= 3.63966
08/23/2020 21:19:22 - INFO: Mini batch Iter: 17 graph_loss= 3.63966
08/23/2020 21:19:22 - INFO: Mini batch Iter: 17 reg_loss= 0.00000
08/23/2020 21:19:22 - INFO: Time for Mini batch : 1.98615884781
08/23/2020 21:19:24 - INFO: Mini batch Iter: 18 train_loss= 3.64512
08/23/2020 21:19:24 - INFO: Mini batch Iter: 18 graph_loss= 3.64512
08/23/2020 21:19:24 - INFO: Mini batch Iter: 18 reg_loss= 0.00000
08/23/2020 21:19:24 - INFO: Time for Mini batch : 1.95868206024
08/23/2020 21:19:26 - INFO: Mini batch Iter: 19 train_loss= 3.61572
08/23/2020 21:19:26 - INFO: Mini batch Iter: 19 graph_loss= 3.61572
08/23/2020 21:19:26 - INFO: Mini batch Iter: 19 reg_loss= 0.00000
08/23/2020 21:19:26 - INFO: Time for Mini batch : 1.98134613037
08/23/2020 21:19:28 - INFO: Mini batch Iter: 20 train_loss= 3.65488
08/23/2020 21:19:28 - INFO: Mini batch Iter: 20 graph_loss= 3.65488
08/23/2020 21:19:28 - INFO: Mini batch Iter: 20 reg_loss= 0.00000
08/23/2020 21:19:28 - INFO: Time for Mini batch : 1.97741484642
08/23/2020 21:19:30 - INFO: Mini batch Iter: 21 train_loss= 3.68017
08/23/2020 21:19:30 - INFO: Mini batch Iter: 21 graph_loss= 3.68017
08/23/2020 21:19:30 - INFO: Mini batch Iter: 21 reg_loss= 0.00000
08/23/2020 21:19:30 - INFO: Time for Mini batch : 1.96913480759
08/23/2020 21:19:33 - INFO: Mini batch Iter: 22 train_loss= 3.65358
08/23/2020 21:19:33 - INFO: Mini batch Iter: 22 graph_loss= 3.65358
08/23/2020 21:19:33 - INFO: Mini batch Iter: 22 reg_loss= 0.00000
08/23/2020 21:19:33 - INFO: Time for Mini batch : 1.9369790554
08/23/2020 21:19:35 - INFO: Mini batch Iter: 23 train_loss= 3.61412
08/23/2020 21:19:35 - INFO: Mini batch Iter: 23 graph_loss= 3.61412
08/23/2020 21:19:35 - INFO: Mini batch Iter: 23 reg_loss= 0.00000
08/23/2020 21:19:35 - INFO: Time for Mini batch : 1.94276499748
08/23/2020 21:19:37 - INFO: Mini batch Iter: 24 train_loss= 3.62475
08/23/2020 21:19:37 - INFO: Mini batch Iter: 24 graph_loss= 3.62475
08/23/2020 21:19:37 - INFO: Mini batch Iter: 24 reg_loss= 0.00000
08/23/2020 21:19:37 - INFO: Time for Mini batch : 1.97457480431
08/23/2020 21:19:39 - INFO: Mini batch Iter: 25 train_loss= 3.63020
08/23/2020 21:19:39 - INFO: Mini batch Iter: 25 graph_loss= 3.63020
08/23/2020 21:19:39 - INFO: Mini batch Iter: 25 reg_loss= 0.00000
08/23/2020 21:19:39 - INFO: Time for Mini batch : 1.96584510803
08/23/2020 21:19:41 - INFO: Mini batch Iter: 26 train_loss= 3.60977
08/23/2020 21:19:41 - INFO: Mini batch Iter: 26 graph_loss= 3.60977
08/23/2020 21:19:41 - INFO: Mini batch Iter: 26 reg_loss= 0.00000
08/23/2020 21:19:41 - INFO: Time for Mini batch : 2.00426602364
08/23/2020 21:19:43 - INFO: Mini batch Iter: 27 train_loss= 3.59359
08/23/2020 21:19:43 - INFO: Mini batch Iter: 27 graph_loss= 3.59359
08/23/2020 21:19:43 - INFO: Mini batch Iter: 27 reg_loss= 0.00000
08/23/2020 21:19:43 - INFO: Time for Mini batch : 2.02321100235
08/23/2020 21:19:45 - INFO: Mini batch Iter: 28 train_loss= 3.57298
08/23/2020 21:19:45 - INFO: Mini batch Iter: 28 graph_loss= 3.57298
08/23/2020 21:19:45 - INFO: Mini batch Iter: 28 reg_loss= 0.00000
08/23/2020 21:19:45 - INFO: Time for Mini batch : 1.93586993217
08/23/2020 21:19:48 - INFO: Mini batch Iter: 29 train_loss= 3.56582
08/23/2020 21:19:48 - INFO: Mini batch Iter: 29 graph_loss= 3.56582
08/23/2020 21:19:48 - INFO: Mini batch Iter: 29 reg_loss= 0.00000
08/23/2020 21:19:48 - INFO: Time for Mini batch : 1.90543484688
08/23/2020 21:19:50 - INFO: Mini batch Iter: 30 train_loss= 3.59563
08/23/2020 21:19:50 - INFO: Mini batch Iter: 30 graph_loss= 3.59563
08/23/2020 21:19:50 - INFO: Mini batch Iter: 30 reg_loss= 0.00000
08/23/2020 21:19:50 - INFO: Time for Mini batch : 1.89644098282
08/23/2020 21:19:52 - INFO: Mini batch Iter: 31 train_loss= 3.56166
08/23/2020 21:19:52 - INFO: Mini batch Iter: 31 graph_loss= 3.56166
08/23/2020 21:19:52 - INFO: Mini batch Iter: 31 reg_loss= 0.00000
08/23/2020 21:19:52 - INFO: Time for Mini batch : 1.93926477432
08/23/2020 21:19:54 - INFO: Mini batch Iter: 32 train_loss= 3.53003
08/23/2020 21:19:54 - INFO: Mini batch Iter: 32 graph_loss= 3.53003
08/23/2020 21:19:54 - INFO: Mini batch Iter: 32 reg_loss= 0.00000
08/23/2020 21:19:54 - INFO: Time for Mini batch : 1.89574289322
08/23/2020 21:19:56 - INFO: Mini batch Iter: 33 train_loss= 3.49461
08/23/2020 21:19:56 - INFO: Mini batch Iter: 33 graph_loss= 3.49461
08/23/2020 21:19:56 - INFO: Mini batch Iter: 33 reg_loss= 0.00000
08/23/2020 21:19:56 - INFO: Time for Mini batch : 1.92763900757
08/23/2020 21:19:59 - INFO: Mini batch Iter: 34 train_loss= 3.57130
08/23/2020 21:19:59 - INFO: Mini batch Iter: 34 graph_loss= 3.57130
08/23/2020 21:19:59 - INFO: Mini batch Iter: 34 reg_loss= 0.00000
08/23/2020 21:19:59 - INFO: Time for Mini batch : 2.52260088921
08/23/2020 21:20:01 - INFO: Mini batch Iter: 35 train_loss= 3.57209
08/23/2020 21:20:01 - INFO: Mini batch Iter: 35 graph_loss= 3.57209
08/23/2020 21:20:01 - INFO: Mini batch Iter: 35 reg_loss= 0.00000
08/23/2020 21:20:01 - INFO: Time for Mini batch : 1.93104696274
08/23/2020 21:20:03 - INFO: Mini batch Iter: 36 train_loss= 3.50781
08/23/2020 21:20:03 - INFO: Mini batch Iter: 36 graph_loss= 3.50781
08/23/2020 21:20:03 - INFO: Mini batch Iter: 36 reg_loss= 0.00000
08/23/2020 21:20:03 - INFO: Time for Mini batch : 1.87622284889
08/23/2020 21:20:03 - INFO: Time for epoch : 74.3444583416
08/23/2020 21:20:18 - INFO: Val results at epoch 2: Measure (HAD) AUC: 0.99284175
08/23/2020 21:20:18 - INFO: Test results at epoch 2: Measure (HAD) AUC: 0.992935854911
08/23/2020 21:20:20 - INFO: Mini batch Iter: 0 train_loss= 3.47790
08/23/2020 21:20:20 - INFO: Mini batch Iter: 0 graph_loss= 3.47790
08/23/2020 21:20:20 - INFO: Mini batch Iter: 0 reg_loss= 0.00000
08/23/2020 21:20:20 - INFO: Time for Mini batch : 1.97938895226
08/23/2020 21:20:22 - INFO: Mini batch Iter: 1 train_loss= 3.56324
08/23/2020 21:20:22 - INFO: Mini batch Iter: 1 graph_loss= 3.56324
08/23/2020 21:20:22 - INFO: Mini batch Iter: 1 reg_loss= 0.00000
08/23/2020 21:20:22 - INFO: Time for Mini batch : 1.95791506767
08/23/2020 21:20:24 - INFO: Mini batch Iter: 2 train_loss= 3.45879
08/23/2020 21:20:24 - INFO: Mini batch Iter: 2 graph_loss= 3.45879
08/23/2020 21:20:24 - INFO: Mini batch Iter: 2 reg_loss= 0.00000
08/23/2020 21:20:24 - INFO: Time for Mini batch : 1.93043684959
08/23/2020 21:20:26 - INFO: Mini batch Iter: 3 train_loss= 3.41110
08/23/2020 21:20:26 - INFO: Mini batch Iter: 3 graph_loss= 3.41110
08/23/2020 21:20:26 - INFO: Mini batch Iter: 3 reg_loss= 0.00000
08/23/2020 21:20:26 - INFO: Time for Mini batch : 1.92469716072
08/23/2020 21:20:28 - INFO: Mini batch Iter: 4 train_loss= 3.46578
08/23/2020 21:20:28 - INFO: Mini batch Iter: 4 graph_loss= 3.46578
08/23/2020 21:20:28 - INFO: Mini batch Iter: 4 reg_loss= 0.00000
08/23/2020 21:20:28 - INFO: Time for Mini batch : 1.91651105881
08/23/2020 21:20:30 - INFO: Mini batch Iter: 5 train_loss= 3.47708
08/23/2020 21:20:30 - INFO: Mini batch Iter: 5 graph_loss= 3.47708
08/23/2020 21:20:30 - INFO: Mini batch Iter: 5 reg_loss= 0.00000
08/23/2020 21:20:30 - INFO: Time for Mini batch : 1.94327688217
08/23/2020 21:20:32 - INFO: Mini batch Iter: 6 train_loss= 3.49795
08/23/2020 21:20:32 - INFO: Mini batch Iter: 6 graph_loss= 3.49795
08/23/2020 21:20:32 - INFO: Mini batch Iter: 6 reg_loss= 0.00000
08/23/2020 21:20:32 - INFO: Time for Mini batch : 1.92607402802
08/23/2020 21:20:35 - INFO: Mini batch Iter: 7 train_loss= 3.42534
08/23/2020 21:20:35 - INFO: Mini batch Iter: 7 graph_loss= 3.42534
08/23/2020 21:20:35 - INFO: Mini batch Iter: 7 reg_loss= 0.00000
08/23/2020 21:20:35 - INFO: Time for Mini batch : 1.92903590202
08/23/2020 21:20:37 - INFO: Mini batch Iter: 8 train_loss= 3.49606
08/23/2020 21:20:37 - INFO: Mini batch Iter: 8 graph_loss= 3.49606
08/23/2020 21:20:37 - INFO: Mini batch Iter: 8 reg_loss= 0.00000
08/23/2020 21:20:37 - INFO: Time for Mini batch : 1.91186618805
08/23/2020 21:20:39 - INFO: Mini batch Iter: 9 train_loss= 3.43719
08/23/2020 21:20:39 - INFO: Mini batch Iter: 9 graph_loss= 3.43719
08/23/2020 21:20:39 - INFO: Mini batch Iter: 9 reg_loss= 0.00000
08/23/2020 21:20:39 - INFO: Time for Mini batch : 1.93561601639
08/23/2020 21:20:41 - INFO: Mini batch Iter: 10 train_loss= 3.38847
08/23/2020 21:20:41 - INFO: Mini batch Iter: 10 graph_loss= 3.38847
08/23/2020 21:20:41 - INFO: Mini batch Iter: 10 reg_loss= 0.00000
08/23/2020 21:20:41 - INFO: Time for Mini batch : 1.91713094711
08/23/2020 21:20:43 - INFO: Mini batch Iter: 11 train_loss= 3.46691
08/23/2020 21:20:43 - INFO: Mini batch Iter: 11 graph_loss= 3.46691
08/23/2020 21:20:43 - INFO: Mini batch Iter: 11 reg_loss= 0.00000
08/23/2020 21:20:43 - INFO: Time for Mini batch : 1.93505501747
08/23/2020 21:20:45 - INFO: Mini batch Iter: 12 train_loss= 3.41488
08/23/2020 21:20:45 - INFO: Mini batch Iter: 12 graph_loss= 3.41488
08/23/2020 21:20:45 - INFO: Mini batch Iter: 12 reg_loss= 0.00000
08/23/2020 21:20:45 - INFO: Time for Mini batch : 1.93621897697
08/23/2020 21:20:47 - INFO: Mini batch Iter: 13 train_loss= 3.48376
08/23/2020 21:20:47 - INFO: Mini batch Iter: 13 graph_loss= 3.48376
08/23/2020 21:20:47 - INFO: Mini batch Iter: 13 reg_loss= 0.00000
08/23/2020 21:20:47 - INFO: Time for Mini batch : 1.94349098206
08/23/2020 21:20:49 - INFO: Mini batch Iter: 14 train_loss= 3.39110
08/23/2020 21:20:49 - INFO: Mini batch Iter: 14 graph_loss= 3.39110
08/23/2020 21:20:49 - INFO: Mini batch Iter: 14 reg_loss= 0.00000
08/23/2020 21:20:49 - INFO: Time for Mini batch : 1.93674492836
08/23/2020 21:20:51 - INFO: Mini batch Iter: 15 train_loss= 3.41888
08/23/2020 21:20:51 - INFO: Mini batch Iter: 15 graph_loss= 3.41888
08/23/2020 21:20:51 - INFO: Mini batch Iter: 15 reg_loss= 0.00000
08/23/2020 21:20:51 - INFO: Time for Mini batch : 1.95632505417
08/23/2020 21:20:54 - INFO: Mini batch Iter: 16 train_loss= 3.36904
08/23/2020 21:20:54 - INFO: Mini batch Iter: 16 graph_loss= 3.36904
08/23/2020 21:20:54 - INFO: Mini batch Iter: 16 reg_loss= 0.00000
08/23/2020 21:20:54 - INFO: Time for Mini batch : 1.95470690727
08/23/2020 21:20:56 - INFO: Mini batch Iter: 17 train_loss= 3.40572
08/23/2020 21:20:56 - INFO: Mini batch Iter: 17 graph_loss= 3.40572
08/23/2020 21:20:56 - INFO: Mini batch Iter: 17 reg_loss= 0.00000
08/23/2020 21:20:56 - INFO: Time for Mini batch : 1.96671199799
08/23/2020 21:20:58 - INFO: Mini batch Iter: 18 train_loss= 3.41338
08/23/2020 21:20:58 - INFO: Mini batch Iter: 18 graph_loss= 3.41338
08/23/2020 21:20:58 - INFO: Mini batch Iter: 18 reg_loss= 0.00000
08/23/2020 21:20:58 - INFO: Time for Mini batch : 1.92252206802
08/23/2020 21:21:00 - INFO: Mini batch Iter: 19 train_loss= 3.50261
08/23/2020 21:21:00 - INFO: Mini batch Iter: 19 graph_loss= 3.50261
08/23/2020 21:21:00 - INFO: Mini batch Iter: 19 reg_loss= 0.00000
08/23/2020 21:21:00 - INFO: Time for Mini batch : 1.97654914856
08/23/2020 21:21:02 - INFO: Mini batch Iter: 20 train_loss= 3.46749
08/23/2020 21:21:02 - INFO: Mini batch Iter: 20 graph_loss= 3.46749
08/23/2020 21:21:02 - INFO: Mini batch Iter: 20 reg_loss= 0.00000
08/23/2020 21:21:02 - INFO: Time for Mini batch : 1.94138598442
08/23/2020 21:21:04 - INFO: Mini batch Iter: 21 train_loss= 3.36258
08/23/2020 21:21:04 - INFO: Mini batch Iter: 21 graph_loss= 3.36258
08/23/2020 21:21:04 - INFO: Mini batch Iter: 21 reg_loss= 0.00000
08/23/2020 21:21:04 - INFO: Time for Mini batch : 1.95296216011
08/23/2020 21:21:06 - INFO: Mini batch Iter: 22 train_loss= 3.35882
08/23/2020 21:21:06 - INFO: Mini batch Iter: 22 graph_loss= 3.35882
08/23/2020 21:21:06 - INFO: Mini batch Iter: 22 reg_loss= 0.00000
08/23/2020 21:21:06 - INFO: Time for Mini batch : 1.95858502388
08/23/2020 21:21:09 - INFO: Mini batch Iter: 23 train_loss= 3.34193
08/23/2020 21:21:09 - INFO: Mini batch Iter: 23 graph_loss= 3.34193
08/23/2020 21:21:09 - INFO: Mini batch Iter: 23 reg_loss= 0.00000
08/23/2020 21:21:09 - INFO: Time for Mini batch : 1.95151996613
08/23/2020 21:21:11 - INFO: Mini batch Iter: 24 train_loss= 3.43797
08/23/2020 21:21:11 - INFO: Mini batch Iter: 24 graph_loss= 3.43797
08/23/2020 21:21:11 - INFO: Mini batch Iter: 24 reg_loss= 0.00000
08/23/2020 21:21:11 - INFO: Time for Mini batch : 1.92186188698
08/23/2020 21:21:13 - INFO: Mini batch Iter: 25 train_loss= 3.41048
08/23/2020 21:21:13 - INFO: Mini batch Iter: 25 graph_loss= 3.41048
08/23/2020 21:21:13 - INFO: Mini batch Iter: 25 reg_loss= 0.00000
08/23/2020 21:21:13 - INFO: Time for Mini batch : 1.93566918373
08/23/2020 21:21:15 - INFO: Mini batch Iter: 26 train_loss= 3.37938
08/23/2020 21:21:15 - INFO: Mini batch Iter: 26 graph_loss= 3.37938
08/23/2020 21:21:15 - INFO: Mini batch Iter: 26 reg_loss= 0.00000
08/23/2020 21:21:15 - INFO: Time for Mini batch : 1.96077895164
08/23/2020 21:21:18 - INFO: Mini batch Iter: 27 train_loss= 3.28841
08/23/2020 21:21:18 - INFO: Mini batch Iter: 27 graph_loss= 3.28841
08/23/2020 21:21:18 - INFO: Mini batch Iter: 27 reg_loss= 0.00000
08/23/2020 21:21:18 - INFO: Time for Mini batch : 2.49122810364
08/23/2020 21:21:20 - INFO: Mini batch Iter: 28 train_loss= 3.33617
08/23/2020 21:21:20 - INFO: Mini batch Iter: 28 graph_loss= 3.33617
08/23/2020 21:21:20 - INFO: Mini batch Iter: 28 reg_loss= 0.00000
08/23/2020 21:21:20 - INFO: Time for Mini batch : 1.9408249855
08/23/2020 21:21:22 - INFO: Mini batch Iter: 29 train_loss= 3.40048
08/23/2020 21:21:22 - INFO: Mini batch Iter: 29 graph_loss= 3.40048
08/23/2020 21:21:22 - INFO: Mini batch Iter: 29 reg_loss= 0.00000
08/23/2020 21:21:22 - INFO: Time for Mini batch : 1.97391605377
08/23/2020 21:21:24 - INFO: Mini batch Iter: 30 train_loss= 3.38566
08/23/2020 21:21:24 - INFO: Mini batch Iter: 30 graph_loss= 3.38566
08/23/2020 21:21:24 - INFO: Mini batch Iter: 30 reg_loss= 0.00000
08/23/2020 21:21:24 - INFO: Time for Mini batch : 1.95364904404
08/23/2020 21:21:26 - INFO: Mini batch Iter: 31 train_loss= 3.31961
08/23/2020 21:21:26 - INFO: Mini batch Iter: 31 graph_loss= 3.31961
08/23/2020 21:21:26 - INFO: Mini batch Iter: 31 reg_loss= 0.00000
08/23/2020 21:21:26 - INFO: Time for Mini batch : 1.93768787384
08/23/2020 21:21:28 - INFO: Mini batch Iter: 32 train_loss= 3.31632
08/23/2020 21:21:28 - INFO: Mini batch Iter: 32 graph_loss= 3.31632
08/23/2020 21:21:28 - INFO: Mini batch Iter: 32 reg_loss= 0.00000
08/23/2020 21:21:28 - INFO: Time for Mini batch : 1.94958615303
08/23/2020 21:21:30 - INFO: Mini batch Iter: 33 train_loss= 3.32438
08/23/2020 21:21:30 - INFO: Mini batch Iter: 33 graph_loss= 3.32438
08/23/2020 21:21:30 - INFO: Mini batch Iter: 33 reg_loss= 0.00000
08/23/2020 21:21:30 - INFO: Time for Mini batch : 1.95674800873
08/23/2020 21:21:32 - INFO: Mini batch Iter: 34 train_loss= 3.30684
08/23/2020 21:21:32 - INFO: Mini batch Iter: 34 graph_loss= 3.30684
08/23/2020 21:21:32 - INFO: Mini batch Iter: 34 reg_loss= 0.00000
08/23/2020 21:21:32 - INFO: Time for Mini batch : 1.95940709114
08/23/2020 21:21:35 - INFO: Mini batch Iter: 35 train_loss= 3.29197
08/23/2020 21:21:35 - INFO: Mini batch Iter: 35 graph_loss= 3.29197
08/23/2020 21:21:35 - INFO: Mini batch Iter: 35 reg_loss= 0.00000
08/23/2020 21:21:35 - INFO: Time for Mini batch : 1.95115399361
08/23/2020 21:21:37 - INFO: Mini batch Iter: 36 train_loss= 3.34626
08/23/2020 21:21:37 - INFO: Mini batch Iter: 36 graph_loss= 3.34626
08/23/2020 21:21:37 - INFO: Mini batch Iter: 36 reg_loss= 0.00000
08/23/2020 21:21:37 - INFO: Time for Mini batch : 1.91245698929
08/23/2020 21:21:37 - INFO: Time for epoch : 72.3436815739
08/23/2020 21:21:51 - INFO: Val results at epoch 3: Measure (HAD) AUC: 0.9942935
08/23/2020 21:21:51 - INFO: Test results at epoch 3: Measure (HAD) AUC: 0.994401755126
08/23/2020 21:21:54 - INFO: Mini batch Iter: 0 train_loss= 3.29345
08/23/2020 21:21:54 - INFO: Mini batch Iter: 0 graph_loss= 3.29345
08/23/2020 21:21:54 - INFO: Mini batch Iter: 0 reg_loss= 0.00000
08/23/2020 21:21:54 - INFO: Time for Mini batch : 1.94925904274
08/23/2020 21:21:56 - INFO: Mini batch Iter: 1 train_loss= 3.26254
08/23/2020 21:21:56 - INFO: Mini batch Iter: 1 graph_loss= 3.26254
08/23/2020 21:21:56 - INFO: Mini batch Iter: 1 reg_loss= 0.00000
08/23/2020 21:21:56 - INFO: Time for Mini batch : 1.92581987381
08/23/2020 21:21:58 - INFO: Mini batch Iter: 2 train_loss= 3.29844
08/23/2020 21:21:58 - INFO: Mini batch Iter: 2 graph_loss= 3.29844
08/23/2020 21:21:58 - INFO: Mini batch Iter: 2 reg_loss= 0.00000
08/23/2020 21:21:58 - INFO: Time for Mini batch : 1.92621016502
08/23/2020 21:22:00 - INFO: Mini batch Iter: 3 train_loss= 3.27069
08/23/2020 21:22:00 - INFO: Mini batch Iter: 3 graph_loss= 3.27069
08/23/2020 21:22:00 - INFO: Mini batch Iter: 3 reg_loss= 0.00000
08/23/2020 21:22:00 - INFO: Time for Mini batch : 1.95585989952
08/23/2020 21:22:02 - INFO: Mini batch Iter: 4 train_loss= 3.22565
08/23/2020 21:22:02 - INFO: Mini batch Iter: 4 graph_loss= 3.22565
08/23/2020 21:22:02 - INFO: Mini batch Iter: 4 reg_loss= 0.00000
08/23/2020 21:22:02 - INFO: Time for Mini batch : 1.94584202766
08/23/2020 21:22:04 - INFO: Mini batch Iter: 5 train_loss= 3.32759
08/23/2020 21:22:04 - INFO: Mini batch Iter: 5 graph_loss= 3.32759
08/23/2020 21:22:04 - INFO: Mini batch Iter: 5 reg_loss= 0.00000
08/23/2020 21:22:04 - INFO: Time for Mini batch : 1.91316509247
08/23/2020 21:22:06 - INFO: Mini batch Iter: 6 train_loss= 3.29880
08/23/2020 21:22:06 - INFO: Mini batch Iter: 6 graph_loss= 3.29880
08/23/2020 21:22:06 - INFO: Mini batch Iter: 6 reg_loss= 0.00000
08/23/2020 21:22:06 - INFO: Time for Mini batch : 2.1026699543
08/23/2020 21:22:09 - INFO: Mini batch Iter: 7 train_loss= 3.33719
08/23/2020 21:22:09 - INFO: Mini batch Iter: 7 graph_loss= 3.33719
08/23/2020 21:22:09 - INFO: Mini batch Iter: 7 reg_loss= 0.00000
08/23/2020 21:22:09 - INFO: Time for Mini batch : 1.93466210365
08/23/2020 21:22:11 - INFO: Mini batch Iter: 8 train_loss= 3.33461
08/23/2020 21:22:11 - INFO: Mini batch Iter: 8 graph_loss= 3.33461
08/23/2020 21:22:11 - INFO: Mini batch Iter: 8 reg_loss= 0.00000
08/23/2020 21:22:11 - INFO: Time for Mini batch : 1.92235684395
08/23/2020 21:22:13 - INFO: Mini batch Iter: 9 train_loss= 3.16365
08/23/2020 21:22:13 - INFO: Mini batch Iter: 9 graph_loss= 3.16365
08/23/2020 21:22:13 - INFO: Mini batch Iter: 9 reg_loss= 0.00000
08/23/2020 21:22:13 - INFO: Time for Mini batch : 1.88915491104
08/23/2020 21:22:15 - INFO: Mini batch Iter: 10 train_loss= 3.28198
08/23/2020 21:22:15 - INFO: Mini batch Iter: 10 graph_loss= 3.28198
08/23/2020 21:22:15 - INFO: Mini batch Iter: 10 reg_loss= 0.00000
08/23/2020 21:22:15 - INFO: Time for Mini batch : 1.9207918644
08/23/2020 21:22:17 - INFO: Mini batch Iter: 11 train_loss= 3.19726
08/23/2020 21:22:17 - INFO: Mini batch Iter: 11 graph_loss= 3.19726
08/23/2020 21:22:17 - INFO: Mini batch Iter: 11 reg_loss= 0.00000
08/23/2020 21:22:17 - INFO: Time for Mini batch : 1.93789315224
08/23/2020 21:22:19 - INFO: Mini batch Iter: 12 train_loss= 3.23223
08/23/2020 21:22:19 - INFO: Mini batch Iter: 12 graph_loss= 3.23223
08/23/2020 21:22:19 - INFO: Mini batch Iter: 12 reg_loss= 0.00000
08/23/2020 21:22:19 - INFO: Time for Mini batch : 1.98305797577
08/23/2020 21:22:21 - INFO: Mini batch Iter: 13 train_loss= 3.29053
08/23/2020 21:22:21 - INFO: Mini batch Iter: 13 graph_loss= 3.29053
08/23/2020 21:22:21 - INFO: Mini batch Iter: 13 reg_loss= 0.00000
08/23/2020 21:22:21 - INFO: Time for Mini batch : 1.93757486343
08/23/2020 21:22:23 - INFO: Mini batch Iter: 14 train_loss= 3.33886
08/23/2020 21:22:23 - INFO: Mini batch Iter: 14 graph_loss= 3.33886
08/23/2020 21:22:23 - INFO: Mini batch Iter: 14 reg_loss= 0.00000
08/23/2020 21:22:23 - INFO: Time for Mini batch : 1.94145989418
08/23/2020 21:22:25 - INFO: Mini batch Iter: 15 train_loss= 3.19138
08/23/2020 21:22:25 - INFO: Mini batch Iter: 15 graph_loss= 3.19138
08/23/2020 21:22:25 - INFO: Mini batch Iter: 15 reg_loss= 0.00000
08/23/2020 21:22:25 - INFO: Time for Mini batch : 1.94131803513
08/23/2020 21:22:28 - INFO: Mini batch Iter: 16 train_loss= 3.20721
08/23/2020 21:22:28 - INFO: Mini batch Iter: 16 graph_loss= 3.20721
08/23/2020 21:22:28 - INFO: Mini batch Iter: 16 reg_loss= 0.00000
08/23/2020 21:22:28 - INFO: Time for Mini batch : 1.93318605423
08/23/2020 21:22:30 - INFO: Mini batch Iter: 17 train_loss= 3.34278
08/23/2020 21:22:30 - INFO: Mini batch Iter: 17 graph_loss= 3.34278
08/23/2020 21:22:30 - INFO: Mini batch Iter: 17 reg_loss= 0.00000
08/23/2020 21:22:30 - INFO: Time for Mini batch : 1.91583299637
08/23/2020 21:22:32 - INFO: Mini batch Iter: 18 train_loss= 3.19301
08/23/2020 21:22:32 - INFO: Mini batch Iter: 18 graph_loss= 3.19301
08/23/2020 21:22:32 - INFO: Mini batch Iter: 18 reg_loss= 0.00000
08/23/2020 21:22:32 - INFO: Time for Mini batch : 1.93576598167
08/23/2020 21:22:34 - INFO: Mini batch Iter: 19 train_loss= 3.21690
08/23/2020 21:22:34 - INFO: Mini batch Iter: 19 graph_loss= 3.21690
08/23/2020 21:22:34 - INFO: Mini batch Iter: 19 reg_loss= 0.00000
08/23/2020 21:22:34 - INFO: Time for Mini batch : 1.95771098137
08/23/2020 21:22:36 - INFO: Mini batch Iter: 20 train_loss= 3.33725
08/23/2020 21:22:36 - INFO: Mini batch Iter: 20 graph_loss= 3.33725
08/23/2020 21:22:36 - INFO: Mini batch Iter: 20 reg_loss= 0.00000
08/23/2020 21:22:36 - INFO: Time for Mini batch : 1.98503899574
08/23/2020 21:22:38 - INFO: Mini batch Iter: 21 train_loss= 3.21774
08/23/2020 21:22:38 - INFO: Mini batch Iter: 21 graph_loss= 3.21774
08/23/2020 21:22:38 - INFO: Mini batch Iter: 21 reg_loss= 0.00000
08/23/2020 21:22:38 - INFO: Time for Mini batch : 1.92809295654
08/23/2020 21:22:41 - INFO: Mini batch Iter: 22 train_loss= 3.23815
08/23/2020 21:22:41 - INFO: Mini batch Iter: 22 graph_loss= 3.23815
08/23/2020 21:22:41 - INFO: Mini batch Iter: 22 reg_loss= 0.00000
08/23/2020 21:22:41 - INFO: Time for Mini batch : 2.51930499077
08/23/2020 21:22:43 - INFO: Mini batch Iter: 23 train_loss= 3.31414
08/23/2020 21:22:43 - INFO: Mini batch Iter: 23 graph_loss= 3.31414
08/23/2020 21:22:43 - INFO: Mini batch Iter: 23 reg_loss= 0.00000
08/23/2020 21:22:43 - INFO: Time for Mini batch : 1.92696714401
08/23/2020 21:22:45 - INFO: Mini batch Iter: 24 train_loss= 3.18859
08/23/2020 21:22:45 - INFO: Mini batch Iter: 24 graph_loss= 3.18859
08/23/2020 21:22:45 - INFO: Mini batch Iter: 24 reg_loss= 0.00000
08/23/2020 21:22:45 - INFO: Time for Mini batch : 1.9367120266
08/23/2020 21:22:47 - INFO: Mini batch Iter: 25 train_loss= 3.18854
08/23/2020 21:22:47 - INFO: Mini batch Iter: 25 graph_loss= 3.18854
08/23/2020 21:22:47 - INFO: Mini batch Iter: 25 reg_loss= 0.00000
08/23/2020 21:22:47 - INFO: Time for Mini batch : 1.91822600365
08/23/2020 21:22:49 - INFO: Mini batch Iter: 26 train_loss= 3.20687
08/23/2020 21:22:49 - INFO: Mini batch Iter: 26 graph_loss= 3.20687
08/23/2020 21:22:49 - INFO: Mini batch Iter: 26 reg_loss= 0.00000
08/23/2020 21:22:49 - INFO: Time for Mini batch : 1.93441700935
08/23/2020 21:22:51 - INFO: Mini batch Iter: 27 train_loss= 3.13994
08/23/2020 21:22:51 - INFO: Mini batch Iter: 27 graph_loss= 3.13994
08/23/2020 21:22:51 - INFO: Mini batch Iter: 27 reg_loss= 0.00000
08/23/2020 21:22:51 - INFO: Time for Mini batch : 1.95865297318
08/23/2020 21:22:54 - INFO: Mini batch Iter: 28 train_loss= 3.17397
08/23/2020 21:22:54 - INFO: Mini batch Iter: 28 graph_loss= 3.17397
08/23/2020 21:22:54 - INFO: Mini batch Iter: 28 reg_loss= 0.00000
08/23/2020 21:22:54 - INFO: Time for Mini batch : 1.96950793266
08/23/2020 21:22:56 - INFO: Mini batch Iter: 29 train_loss= 3.19094
08/23/2020 21:22:56 - INFO: Mini batch Iter: 29 graph_loss= 3.19094
08/23/2020 21:22:56 - INFO: Mini batch Iter: 29 reg_loss= 0.00000
08/23/2020 21:22:56 - INFO: Time for Mini batch : 1.98988604546
08/23/2020 21:22:58 - INFO: Mini batch Iter: 30 train_loss= 3.17539
08/23/2020 21:22:58 - INFO: Mini batch Iter: 30 graph_loss= 3.17539
08/23/2020 21:22:58 - INFO: Mini batch Iter: 30 reg_loss= 0.00000
08/23/2020 21:22:58 - INFO: Time for Mini batch : 1.96651101112
08/23/2020 21:23:00 - INFO: Mini batch Iter: 31 train_loss= 3.15021
08/23/2020 21:23:00 - INFO: Mini batch Iter: 31 graph_loss= 3.15021
08/23/2020 21:23:00 - INFO: Mini batch Iter: 31 reg_loss= 0.00000
08/23/2020 21:23:00 - INFO: Time for Mini batch : 1.93170404434
08/23/2020 21:23:02 - INFO: Mini batch Iter: 32 train_loss= 3.12140
08/23/2020 21:23:02 - INFO: Mini batch Iter: 32 graph_loss= 3.12140
08/23/2020 21:23:02 - INFO: Mini batch Iter: 32 reg_loss= 0.00000
08/23/2020 21:23:02 - INFO: Time for Mini batch : 1.9454331398
08/23/2020 21:23:04 - INFO: Mini batch Iter: 33 train_loss= 3.14275
08/23/2020 21:23:04 - INFO: Mini batch Iter: 33 graph_loss= 3.14275
08/23/2020 21:23:04 - INFO: Mini batch Iter: 33 reg_loss= 0.00000
08/23/2020 21:23:04 - INFO: Time for Mini batch : 1.90721702576
08/23/2020 21:23:06 - INFO: Mini batch Iter: 34 train_loss= 3.11643
08/23/2020 21:23:06 - INFO: Mini batch Iter: 34 graph_loss= 3.11643
08/23/2020 21:23:06 - INFO: Mini batch Iter: 34 reg_loss= 0.00000
08/23/2020 21:23:06 - INFO: Time for Mini batch : 1.93227410316
08/23/2020 21:23:09 - INFO: Mini batch Iter: 35 train_loss= 3.29415
08/23/2020 21:23:09 - INFO: Mini batch Iter: 35 graph_loss= 3.29415
08/23/2020 21:23:09 - INFO: Mini batch Iter: 35 reg_loss= 0.00000
08/23/2020 21:23:09 - INFO: Time for Mini batch : 1.94696998596
08/23/2020 21:23:11 - INFO: Mini batch Iter: 36 train_loss= 3.12675
08/23/2020 21:23:11 - INFO: Mini batch Iter: 36 graph_loss= 3.12675
08/23/2020 21:23:11 - INFO: Mini batch Iter: 36 reg_loss= 0.00000
08/23/2020 21:23:11 - INFO: Time for Mini batch : 1.94147801399
08/23/2020 21:23:11 - INFO: Time for epoch : 72.3874135017
08/23/2020 21:23:26 - INFO: Val results at epoch 4: Measure (HAD) AUC: 0.99563525
08/23/2020 21:23:26 - INFO: Test results at epoch 4: Measure (HAD) AUC: 0.995757719767
08/23/2020 21:23:28 - INFO: Mini batch Iter: 0 train_loss= 3.22444
08/23/2020 21:23:28 - INFO: Mini batch Iter: 0 graph_loss= 3.22444
08/23/2020 21:23:28 - INFO: Mini batch Iter: 0 reg_loss= 0.00000
08/23/2020 21:23:28 - INFO: Time for Mini batch : 1.93611812592
08/23/2020 21:23:30 - INFO: Mini batch Iter: 1 train_loss= 3.18209
08/23/2020 21:23:30 - INFO: Mini batch Iter: 1 graph_loss= 3.18209
08/23/2020 21:23:30 - INFO: Mini batch Iter: 1 reg_loss= 0.00000
08/23/2020 21:23:30 - INFO: Time for Mini batch : 1.93006014824
08/23/2020 21:23:32 - INFO: Mini batch Iter: 2 train_loss= 3.13106
08/23/2020 21:23:32 - INFO: Mini batch Iter: 2 graph_loss= 3.13106
08/23/2020 21:23:32 - INFO: Mini batch Iter: 2 reg_loss= 0.00000
08/23/2020 21:23:32 - INFO: Time for Mini batch : 1.92844390869
08/23/2020 21:23:34 - INFO: Mini batch Iter: 3 train_loss= 3.14508
08/23/2020 21:23:34 - INFO: Mini batch Iter: 3 graph_loss= 3.14508
08/23/2020 21:23:34 - INFO: Mini batch Iter: 3 reg_loss= 0.00000
08/23/2020 21:23:34 - INFO: Time for Mini batch : 1.92535996437
08/23/2020 21:23:36 - INFO: Mini batch Iter: 4 train_loss= 3.13539
08/23/2020 21:23:36 - INFO: Mini batch Iter: 4 graph_loss= 3.13539
08/23/2020 21:23:36 - INFO: Mini batch Iter: 4 reg_loss= 0.00000
08/23/2020 21:23:36 - INFO: Time for Mini batch : 1.89305090904
08/23/2020 21:23:38 - INFO: Mini batch Iter: 5 train_loss= 3.10045
08/23/2020 21:23:38 - INFO: Mini batch Iter: 5 graph_loss= 3.10045
08/23/2020 21:23:38 - INFO: Mini batch Iter: 5 reg_loss= 0.00000
08/23/2020 21:23:38 - INFO: Time for Mini batch : 1.90023899078
08/23/2020 21:23:41 - INFO: Mini batch Iter: 6 train_loss= 3.07278
08/23/2020 21:23:41 - INFO: Mini batch Iter: 6 graph_loss= 3.07278
08/23/2020 21:23:41 - INFO: Mini batch Iter: 6 reg_loss= 0.00000
08/23/2020 21:23:41 - INFO: Time for Mini batch : 1.94555687904
08/23/2020 21:23:43 - INFO: Mini batch Iter: 7 train_loss= 3.03603
08/23/2020 21:23:43 - INFO: Mini batch Iter: 7 graph_loss= 3.03603
08/23/2020 21:23:43 - INFO: Mini batch Iter: 7 reg_loss= 0.00000
08/23/2020 21:23:43 - INFO: Time for Mini batch : 1.92842698097
08/23/2020 21:23:45 - INFO: Mini batch Iter: 8 train_loss= 3.11538
08/23/2020 21:23:45 - INFO: Mini batch Iter: 8 graph_loss= 3.11538
08/23/2020 21:23:45 - INFO: Mini batch Iter: 8 reg_loss= 0.00000
08/23/2020 21:23:45 - INFO: Time for Mini batch : 2.01369190216
08/23/2020 21:23:47 - INFO: Mini batch Iter: 9 train_loss= 3.11915
08/23/2020 21:23:47 - INFO: Mini batch Iter: 9 graph_loss= 3.11915
08/23/2020 21:23:47 - INFO: Mini batch Iter: 9 reg_loss= 0.00000
08/23/2020 21:23:47 - INFO: Time for Mini batch : 1.95422005653
08/23/2020 21:23:49 - INFO: Mini batch Iter: 10 train_loss= 3.15181
08/23/2020 21:23:49 - INFO: Mini batch Iter: 10 graph_loss= 3.15181
08/23/2020 21:23:49 - INFO: Mini batch Iter: 10 reg_loss= 0.00000
08/23/2020 21:23:49 - INFO: Time for Mini batch : 1.93703913689
08/23/2020 21:23:51 - INFO: Mini batch Iter: 11 train_loss= 3.06668
08/23/2020 21:23:51 - INFO: Mini batch Iter: 11 graph_loss= 3.06668
08/23/2020 21:23:51 - INFO: Mini batch Iter: 11 reg_loss= 0.00000
08/23/2020 21:23:51 - INFO: Time for Mini batch : 1.92527413368
08/23/2020 21:23:53 - INFO: Mini batch Iter: 12 train_loss= 3.09906
08/23/2020 21:23:53 - INFO: Mini batch Iter: 12 graph_loss= 3.09906
08/23/2020 21:23:53 - INFO: Mini batch Iter: 12 reg_loss= 0.00000
08/23/2020 21:23:53 - INFO: Time for Mini batch : 1.92075705528
08/23/2020 21:23:55 - INFO: Mini batch Iter: 13 train_loss= 3.12905
08/23/2020 21:23:55 - INFO: Mini batch Iter: 13 graph_loss= 3.12905
08/23/2020 21:23:55 - INFO: Mini batch Iter: 13 reg_loss= 0.00000
08/23/2020 21:23:55 - INFO: Time for Mini batch : 1.93625092506
08/23/2020 21:23:58 - INFO: Mini batch Iter: 14 train_loss= 3.06244
08/23/2020 21:23:58 - INFO: Mini batch Iter: 14 graph_loss= 3.06244
08/23/2020 21:23:58 - INFO: Mini batch Iter: 14 reg_loss= 0.00000
08/23/2020 21:23:58 - INFO: Time for Mini batch : 1.89834904671
08/23/2020 21:24:00 - INFO: Mini batch Iter: 15 train_loss= 3.11933
08/23/2020 21:24:00 - INFO: Mini batch Iter: 15 graph_loss= 3.11933
08/23/2020 21:24:00 - INFO: Mini batch Iter: 15 reg_loss= 0.00000
08/23/2020 21:24:00 - INFO: Time for Mini batch : 1.9351940155
08/23/2020 21:24:02 - INFO: Mini batch Iter: 16 train_loss= 3.04507
08/23/2020 21:24:02 - INFO: Mini batch Iter: 16 graph_loss= 3.04507
08/23/2020 21:24:02 - INFO: Mini batch Iter: 16 reg_loss= 0.00000
08/23/2020 21:24:02 - INFO: Time for Mini batch : 1.91622710228
08/23/2020 21:24:04 - INFO: Mini batch Iter: 17 train_loss= 3.04194
08/23/2020 21:24:04 - INFO: Mini batch Iter: 17 graph_loss= 3.04194
08/23/2020 21:24:04 - INFO: Mini batch Iter: 17 reg_loss= 0.00000
08/23/2020 21:24:04 - INFO: Time for Mini batch : 2.47135901451
08/23/2020 21:24:06 - INFO: Mini batch Iter: 18 train_loss= 3.11940
08/23/2020 21:24:06 - INFO: Mini batch Iter: 18 graph_loss= 3.11940
08/23/2020 21:24:06 - INFO: Mini batch Iter: 18 reg_loss= 0.00000
08/23/2020 21:24:06 - INFO: Time for Mini batch : 1.90123915672
08/23/2020 21:24:09 - INFO: Mini batch Iter: 19 train_loss= 3.05737
08/23/2020 21:24:09 - INFO: Mini batch Iter: 19 graph_loss= 3.05737
08/23/2020 21:24:09 - INFO: Mini batch Iter: 19 reg_loss= 0.00000
08/23/2020 21:24:09 - INFO: Time for Mini batch : 1.92138814926
08/23/2020 21:24:11 - INFO: Mini batch Iter: 20 train_loss= 3.03324
08/23/2020 21:24:11 - INFO: Mini batch Iter: 20 graph_loss= 3.03324
08/23/2020 21:24:11 - INFO: Mini batch Iter: 20 reg_loss= 0.00000
08/23/2020 21:24:11 - INFO: Time for Mini batch : 1.90161514282
08/23/2020 21:24:13 - INFO: Mini batch Iter: 21 train_loss= 3.10333
08/23/2020 21:24:13 - INFO: Mini batch Iter: 21 graph_loss= 3.10333
08/23/2020 21:24:13 - INFO: Mini batch Iter: 21 reg_loss= 0.00000
08/23/2020 21:24:13 - INFO: Time for Mini batch : 1.9195690155
08/23/2020 21:24:15 - INFO: Mini batch Iter: 22 train_loss= 3.06059
08/23/2020 21:24:15 - INFO: Mini batch Iter: 22 graph_loss= 3.06059
08/23/2020 21:24:15 - INFO: Mini batch Iter: 22 reg_loss= 0.00000
08/23/2020 21:24:15 - INFO: Time for Mini batch : 1.91269087791
08/23/2020 21:24:17 - INFO: Mini batch Iter: 23 train_loss= 3.02608
08/23/2020 21:24:17 - INFO: Mini batch Iter: 23 graph_loss= 3.02608
08/23/2020 21:24:17 - INFO: Mini batch Iter: 23 reg_loss= 0.00000
08/23/2020 21:24:17 - INFO: Time for Mini batch : 1.93638110161
08/23/2020 21:24:19 - INFO: Mini batch Iter: 24 train_loss= 3.06518
08/23/2020 21:24:19 - INFO: Mini batch Iter: 24 graph_loss= 3.06518
08/23/2020 21:24:19 - INFO: Mini batch Iter: 24 reg_loss= 0.00000
08/23/2020 21:24:19 - INFO: Time for Mini batch : 1.94876408577
08/23/2020 21:24:21 - INFO: Mini batch Iter: 25 train_loss= 3.01288
08/23/2020 21:24:21 - INFO: Mini batch Iter: 25 graph_loss= 3.01288
08/23/2020 21:24:21 - INFO: Mini batch Iter: 25 reg_loss= 0.00000
08/23/2020 21:24:21 - INFO: Time for Mini batch : 1.88082504272
08/23/2020 21:24:23 - INFO: Mini batch Iter: 26 train_loss= 3.17624
08/23/2020 21:24:23 - INFO: Mini batch Iter: 26 graph_loss= 3.17624
08/23/2020 21:24:23 - INFO: Mini batch Iter: 26 reg_loss= 0.00000
08/23/2020 21:24:23 - INFO: Time for Mini batch : 1.90421509743
08/23/2020 21:24:25 - INFO: Mini batch Iter: 27 train_loss= 3.11855
08/23/2020 21:24:25 - INFO: Mini batch Iter: 27 graph_loss= 3.11855
08/23/2020 21:24:25 - INFO: Mini batch Iter: 27 reg_loss= 0.00000
08/23/2020 21:24:25 - INFO: Time for Mini batch : 1.91258788109
08/23/2020 21:24:27 - INFO: Mini batch Iter: 28 train_loss= 2.95955
08/23/2020 21:24:27 - INFO: Mini batch Iter: 28 graph_loss= 2.95955
08/23/2020 21:24:27 - INFO: Mini batch Iter: 28 reg_loss= 0.00000
08/23/2020 21:24:27 - INFO: Time for Mini batch : 1.89055299759
08/23/2020 21:24:29 - INFO: Mini batch Iter: 29 train_loss= 3.09344
08/23/2020 21:24:29 - INFO: Mini batch Iter: 29 graph_loss= 3.09344
08/23/2020 21:24:29 - INFO: Mini batch Iter: 29 reg_loss= 0.00000
08/23/2020 21:24:29 - INFO: Time for Mini batch : 1.92734909058
08/23/2020 21:24:31 - INFO: Mini batch Iter: 30 train_loss= 3.02779
08/23/2020 21:24:31 - INFO: Mini batch Iter: 30 graph_loss= 3.02779
08/23/2020 21:24:31 - INFO: Mini batch Iter: 30 reg_loss= 0.00000
08/23/2020 21:24:31 - INFO: Time for Mini batch : 1.90883016586
08/23/2020 21:24:34 - INFO: Mini batch Iter: 31 train_loss= 3.07275
08/23/2020 21:24:34 - INFO: Mini batch Iter: 31 graph_loss= 3.07275
08/23/2020 21:24:34 - INFO: Mini batch Iter: 31 reg_loss= 0.00000
08/23/2020 21:24:34 - INFO: Time for Mini batch : 1.90524101257
08/23/2020 21:24:36 - INFO: Mini batch Iter: 32 train_loss= 2.97597
08/23/2020 21:24:36 - INFO: Mini batch Iter: 32 graph_loss= 2.97597
08/23/2020 21:24:36 - INFO: Mini batch Iter: 32 reg_loss= 0.00000
08/23/2020 21:24:36 - INFO: Time for Mini batch : 1.88037705421
08/23/2020 21:24:38 - INFO: Mini batch Iter: 33 train_loss= 3.03996
08/23/2020 21:24:38 - INFO: Mini batch Iter: 33 graph_loss= 3.03996
08/23/2020 21:24:38 - INFO: Mini batch Iter: 33 reg_loss= 0.00000
08/23/2020 21:24:38 - INFO: Time for Mini batch : 1.90004992485
08/23/2020 21:24:40 - INFO: Mini batch Iter: 34 train_loss= 3.02409
08/23/2020 21:24:40 - INFO: Mini batch Iter: 34 graph_loss= 3.02409
08/23/2020 21:24:40 - INFO: Mini batch Iter: 34 reg_loss= 0.00000
08/23/2020 21:24:40 - INFO: Time for Mini batch : 1.91999197006
08/23/2020 21:24:42 - INFO: Mini batch Iter: 35 train_loss= 3.05348
08/23/2020 21:24:42 - INFO: Mini batch Iter: 35 graph_loss= 3.05348
08/23/2020 21:24:42 - INFO: Mini batch Iter: 35 reg_loss= 0.00000
08/23/2020 21:24:42 - INFO: Time for Mini batch : 1.91668891907
08/23/2020 21:24:44 - INFO: Mini batch Iter: 36 train_loss= 3.05689
08/23/2020 21:24:44 - INFO: Mini batch Iter: 36 graph_loss= 3.05689
08/23/2020 21:24:44 - INFO: Mini batch Iter: 36 reg_loss= 0.00000
08/23/2020 21:24:44 - INFO: Time for Mini batch : 1.91450285912
08/23/2020 21:24:44 - INFO: Time for epoch : 71.4924921989
08/23/2020 21:24:58 - INFO: Val results at epoch 5: Measure (HAD) AUC: 0.996465
08/23/2020 21:24:58 - INFO: Test results at epoch 5: Measure (HAD) AUC: 0.996522520368
08/23/2020 21:25:01 - INFO: Mini batch Iter: 0 train_loss= 3.07851
08/23/2020 21:25:01 - INFO: Mini batch Iter: 0 graph_loss= 3.07851
08/23/2020 21:25:01 - INFO: Mini batch Iter: 0 reg_loss= 0.00000
08/23/2020 21:25:01 - INFO: Time for Mini batch : 1.90846705437
08/23/2020 21:25:03 - INFO: Mini batch Iter: 1 train_loss= 3.07659
08/23/2020 21:25:03 - INFO: Mini batch Iter: 1 graph_loss= 3.07659
08/23/2020 21:25:03 - INFO: Mini batch Iter: 1 reg_loss= 0.00000
08/23/2020 21:25:03 - INFO: Time for Mini batch : 1.87494683266
08/23/2020 21:25:05 - INFO: Mini batch Iter: 2 train_loss= 3.00424
08/23/2020 21:25:05 - INFO: Mini batch Iter: 2 graph_loss= 3.00424
08/23/2020 21:25:05 - INFO: Mini batch Iter: 2 reg_loss= 0.00000
08/23/2020 21:25:05 - INFO: Time for Mini batch : 1.8581571579
08/23/2020 21:25:07 - INFO: Mini batch Iter: 3 train_loss= 2.95649
08/23/2020 21:25:07 - INFO: Mini batch Iter: 3 graph_loss= 2.95649
08/23/2020 21:25:07 - INFO: Mini batch Iter: 3 reg_loss= 0.00000
08/23/2020 21:25:07 - INFO: Time for Mini batch : 1.90581488609
08/23/2020 21:25:09 - INFO: Mini batch Iter: 4 train_loss= 3.00153
08/23/2020 21:25:09 - INFO: Mini batch Iter: 4 graph_loss= 3.00153
08/23/2020 21:25:09 - INFO: Mini batch Iter: 4 reg_loss= 0.00000
08/23/2020 21:25:09 - INFO: Time for Mini batch : 1.8851981163
08/23/2020 21:25:11 - INFO: Mini batch Iter: 5 train_loss= 2.94263
08/23/2020 21:25:11 - INFO: Mini batch Iter: 5 graph_loss= 2.94263
08/23/2020 21:25:11 - INFO: Mini batch Iter: 5 reg_loss= 0.00000
08/23/2020 21:25:11 - INFO: Time for Mini batch : 1.8838429451
08/23/2020 21:25:13 - INFO: Mini batch Iter: 6 train_loss= 3.00059
08/23/2020 21:25:13 - INFO: Mini batch Iter: 6 graph_loss= 3.00059
08/23/2020 21:25:13 - INFO: Mini batch Iter: 6 reg_loss= 0.00000
08/23/2020 21:25:13 - INFO: Time for Mini batch : 1.8605120182
08/23/2020 21:25:15 - INFO: Mini batch Iter: 7 train_loss= 3.08948
08/23/2020 21:25:15 - INFO: Mini batch Iter: 7 graph_loss= 3.08948
08/23/2020 21:25:15 - INFO: Mini batch Iter: 7 reg_loss= 0.00000
08/23/2020 21:25:15 - INFO: Time for Mini batch : 1.90571784973
08/23/2020 21:25:17 - INFO: Mini batch Iter: 8 train_loss= 2.98392
08/23/2020 21:25:17 - INFO: Mini batch Iter: 8 graph_loss= 2.98392
08/23/2020 21:25:17 - INFO: Mini batch Iter: 8 reg_loss= 0.00000
08/23/2020 21:25:17 - INFO: Time for Mini batch : 1.89493703842
08/23/2020 21:25:19 - INFO: Mini batch Iter: 9 train_loss= 2.94431
08/23/2020 21:25:19 - INFO: Mini batch Iter: 9 graph_loss= 2.94431
08/23/2020 21:25:19 - INFO: Mini batch Iter: 9 reg_loss= 0.00000
08/23/2020 21:25:19 - INFO: Time for Mini batch : 1.89870595932
08/23/2020 21:25:21 - INFO: Mini batch Iter: 10 train_loss= 2.93884
08/23/2020 21:25:21 - INFO: Mini batch Iter: 10 graph_loss= 2.93884
08/23/2020 21:25:21 - INFO: Mini batch Iter: 10 reg_loss= 0.00000
08/23/2020 21:25:21 - INFO: Time for Mini batch : 1.8521399498
08/23/2020 21:25:23 - INFO: Mini batch Iter: 11 train_loss= 2.95480
08/23/2020 21:25:23 - INFO: Mini batch Iter: 11 graph_loss= 2.95480
08/23/2020 21:25:23 - INFO: Mini batch Iter: 11 reg_loss= 0.00000
08/23/2020 21:25:23 - INFO: Time for Mini batch : 1.87829899788
08/23/2020 21:25:26 - INFO: Mini batch Iter: 12 train_loss= 2.92274
08/23/2020 21:25:26 - INFO: Mini batch Iter: 12 graph_loss= 2.92274
08/23/2020 21:25:26 - INFO: Mini batch Iter: 12 reg_loss= 0.00000
08/23/2020 21:25:26 - INFO: Time for Mini batch : 2.46528887749
08/23/2020 21:25:28 - INFO: Mini batch Iter: 13 train_loss= 3.09076
08/23/2020 21:25:28 - INFO: Mini batch Iter: 13 graph_loss= 3.09076
08/23/2020 21:25:28 - INFO: Mini batch Iter: 13 reg_loss= 0.00000
08/23/2020 21:25:28 - INFO: Time for Mini batch : 1.89690685272
08/23/2020 21:25:30 - INFO: Mini batch Iter: 14 train_loss= 2.99695
08/23/2020 21:25:30 - INFO: Mini batch Iter: 14 graph_loss= 2.99695
08/23/2020 21:25:30 - INFO: Mini batch Iter: 14 reg_loss= 0.00000
08/23/2020 21:25:30 - INFO: Time for Mini batch : 1.88508105278
08/23/2020 21:25:32 - INFO: Mini batch Iter: 15 train_loss= 3.00944
08/23/2020 21:25:32 - INFO: Mini batch Iter: 15 graph_loss= 3.00944
08/23/2020 21:25:32 - INFO: Mini batch Iter: 15 reg_loss= 0.00000
08/23/2020 21:25:32 - INFO: Time for Mini batch : 1.88690495491
08/23/2020 21:25:34 - INFO: Mini batch Iter: 16 train_loss= 2.89155
08/23/2020 21:25:34 - INFO: Mini batch Iter: 16 graph_loss= 2.89155
08/23/2020 21:25:34 - INFO: Mini batch Iter: 16 reg_loss= 0.00000
08/23/2020 21:25:34 - INFO: Time for Mini batch : 1.88760519028
08/23/2020 21:25:36 - INFO: Mini batch Iter: 17 train_loss= 3.03033
08/23/2020 21:25:36 - INFO: Mini batch Iter: 17 graph_loss= 3.03033
08/23/2020 21:25:36 - INFO: Mini batch Iter: 17 reg_loss= 0.00000
08/23/2020 21:25:36 - INFO: Time for Mini batch : 1.88170599937
08/23/2020 21:25:38 - INFO: Mini batch Iter: 18 train_loss= 3.02103
08/23/2020 21:25:38 - INFO: Mini batch Iter: 18 graph_loss= 3.02103
08/23/2020 21:25:38 - INFO: Mini batch Iter: 18 reg_loss= 0.00000
08/23/2020 21:25:38 - INFO: Time for Mini batch : 1.90166902542
08/23/2020 21:25:40 - INFO: Mini batch Iter: 19 train_loss= 2.93836
08/23/2020 21:25:40 - INFO: Mini batch Iter: 19 graph_loss= 2.93836
08/23/2020 21:25:40 - INFO: Mini batch Iter: 19 reg_loss= 0.00000
08/23/2020 21:25:40 - INFO: Time for Mini batch : 1.89007210732
08/23/2020 21:25:42 - INFO: Mini batch Iter: 20 train_loss= 3.02924
08/23/2020 21:25:42 - INFO: Mini batch Iter: 20 graph_loss= 3.02924
08/23/2020 21:25:42 - INFO: Mini batch Iter: 20 reg_loss= 0.00000
08/23/2020 21:25:42 - INFO: Time for Mini batch : 1.89999103546
08/23/2020 21:25:44 - INFO: Mini batch Iter: 21 train_loss= 2.99297
08/23/2020 21:25:44 - INFO: Mini batch Iter: 21 graph_loss= 2.99297
08/23/2020 21:25:44 - INFO: Mini batch Iter: 21 reg_loss= 0.00000
08/23/2020 21:25:44 - INFO: Time for Mini batch : 1.8937959671
08/23/2020 21:25:46 - INFO: Mini batch Iter: 22 train_loss= 3.09630
08/23/2020 21:25:46 - INFO: Mini batch Iter: 22 graph_loss= 3.09630
08/23/2020 21:25:46 - INFO: Mini batch Iter: 22 reg_loss= 0.00000
08/23/2020 21:25:46 - INFO: Time for Mini batch : 1.71116518974
08/23/2020 21:25:48 - INFO: Mini batch Iter: 23 train_loss= 2.90165
08/23/2020 21:25:48 - INFO: Mini batch Iter: 23 graph_loss= 2.90165
08/23/2020 21:25:48 - INFO: Mini batch Iter: 23 reg_loss= 0.00000
08/23/2020 21:25:48 - INFO: Time for Mini batch : 1.65649104118
08/23/2020 21:25:50 - INFO: Mini batch Iter: 24 train_loss= 2.89635
08/23/2020 21:25:50 - INFO: Mini batch Iter: 24 graph_loss= 2.89635
08/23/2020 21:25:50 - INFO: Mini batch Iter: 24 reg_loss= 0.00000
08/23/2020 21:25:50 - INFO: Time for Mini batch : 1.64565706253
08/23/2020 21:25:52 - INFO: Mini batch Iter: 25 train_loss= 2.97050
08/23/2020 21:25:52 - INFO: Mini batch Iter: 25 graph_loss= 2.97050
08/23/2020 21:25:52 - INFO: Mini batch Iter: 25 reg_loss= 0.00000
08/23/2020 21:25:52 - INFO: Time for Mini batch : 1.66593003273
08/23/2020 21:25:54 - INFO: Mini batch Iter: 26 train_loss= 2.93221
08/23/2020 21:25:54 - INFO: Mini batch Iter: 26 graph_loss= 2.93221
08/23/2020 21:25:54 - INFO: Mini batch Iter: 26 reg_loss= 0.00000
08/23/2020 21:25:54 - INFO: Time for Mini batch : 1.63283205032
08/23/2020 21:25:55 - INFO: Mini batch Iter: 27 train_loss= 2.93923
08/23/2020 21:25:55 - INFO: Mini batch Iter: 27 graph_loss= 2.93923
08/23/2020 21:25:55 - INFO: Mini batch Iter: 27 reg_loss= 0.00000
08/23/2020 21:25:55 - INFO: Time for Mini batch : 1.59380888939
08/23/2020 21:25:57 - INFO: Mini batch Iter: 28 train_loss= 3.02049
08/23/2020 21:25:57 - INFO: Mini batch Iter: 28 graph_loss= 3.02049
08/23/2020 21:25:57 - INFO: Mini batch Iter: 28 reg_loss= 0.00000
08/23/2020 21:25:57 - INFO: Time for Mini batch : 1.5664691925
08/23/2020 21:25:59 - INFO: Mini batch Iter: 29 train_loss= 2.91524
08/23/2020 21:25:59 - INFO: Mini batch Iter: 29 graph_loss= 2.91524
08/23/2020 21:25:59 - INFO: Mini batch Iter: 29 reg_loss= 0.00000
08/23/2020 21:25:59 - INFO: Time for Mini batch : 1.58141994476
08/23/2020 21:26:01 - INFO: Mini batch Iter: 30 train_loss= 2.92941
08/23/2020 21:26:01 - INFO: Mini batch Iter: 30 graph_loss= 2.92941
08/23/2020 21:26:01 - INFO: Mini batch Iter: 30 reg_loss= 0.00000
08/23/2020 21:26:01 - INFO: Time for Mini batch : 1.73221302032
08/23/2020 21:26:03 - INFO: Mini batch Iter: 31 train_loss= 2.92263
08/23/2020 21:26:03 - INFO: Mini batch Iter: 31 graph_loss= 2.92263
08/23/2020 21:26:03 - INFO: Mini batch Iter: 31 reg_loss= 0.00000
08/23/2020 21:26:03 - INFO: Time for Mini batch : 2.0079100132
08/23/2020 21:26:06 - INFO: Mini batch Iter: 32 train_loss= 2.97488
08/23/2020 21:26:06 - INFO: Mini batch Iter: 32 graph_loss= 2.97488
08/23/2020 21:26:06 - INFO: Mini batch Iter: 32 reg_loss= 0.00000
08/23/2020 21:26:06 - INFO: Time for Mini batch : 2.89658999443
08/23/2020 21:26:08 - INFO: Mini batch Iter: 33 train_loss= 2.96461
08/23/2020 21:26:08 - INFO: Mini batch Iter: 33 graph_loss= 2.96461
08/23/2020 21:26:08 - INFO: Mini batch Iter: 33 reg_loss= 0.00000
08/23/2020 21:26:08 - INFO: Time for Mini batch : 2.03242301941
08/23/2020 21:26:10 - INFO: Mini batch Iter: 34 train_loss= 2.92012
08/23/2020 21:26:10 - INFO: Mini batch Iter: 34 graph_loss= 2.92012
08/23/2020 21:26:10 - INFO: Mini batch Iter: 34 reg_loss= 0.00000
08/23/2020 21:26:10 - INFO: Time for Mini batch : 1.88747382164
08/23/2020 21:26:12 - INFO: Mini batch Iter: 35 train_loss= 2.92053
08/23/2020 21:26:12 - INFO: Mini batch Iter: 35 graph_loss= 2.92053
08/23/2020 21:26:12 - INFO: Mini batch Iter: 35 reg_loss= 0.00000
08/23/2020 21:26:12 - INFO: Time for Mini batch : 1.76174283028
08/23/2020 21:26:14 - INFO: Mini batch Iter: 36 train_loss= 2.83388
08/23/2020 21:26:14 - INFO: Mini batch Iter: 36 graph_loss= 2.83388
08/23/2020 21:26:14 - INFO: Mini batch Iter: 36 reg_loss= 0.00000
08/23/2020 21:26:14 - INFO: Time for Mini batch : 1.71429991722
08/23/2020 21:26:14 - INFO: Time for epoch : 69.0722396374
08/23/2020 21:26:25 - INFO: Val results at epoch 6: Measure (HAD) AUC: 0.9975925
08/23/2020 21:26:25 - INFO: Test results at epoch 6: Measure (HAD) AUC: 0.997238837131
08/23/2020 21:26:27 - INFO: Mini batch Iter: 0 train_loss= 2.91757
08/23/2020 21:26:27 - INFO: Mini batch Iter: 0 graph_loss= 2.91757
08/23/2020 21:26:27 - INFO: Mini batch Iter: 0 reg_loss= 0.00000
08/23/2020 21:26:27 - INFO: Time for Mini batch : 1.56644511223
08/23/2020 21:26:29 - INFO: Mini batch Iter: 1 train_loss= 2.86284
08/23/2020 21:26:29 - INFO: Mini batch Iter: 1 graph_loss= 2.86284
08/23/2020 21:26:29 - INFO: Mini batch Iter: 1 reg_loss= 0.00000
08/23/2020 21:26:29 - INFO: Time for Mini batch : 1.54565095901
08/23/2020 21:26:31 - INFO: Mini batch Iter: 2 train_loss= 2.87775
08/23/2020 21:26:31 - INFO: Mini batch Iter: 2 graph_loss= 2.87775
08/23/2020 21:26:31 - INFO: Mini batch Iter: 2 reg_loss= 0.00000
08/23/2020 21:26:31 - INFO: Time for Mini batch : 1.90672302246
08/23/2020 21:26:33 - INFO: Mini batch Iter: 3 train_loss= 2.93230
08/23/2020 21:26:33 - INFO: Mini batch Iter: 3 graph_loss= 2.93230
08/23/2020 21:26:33 - INFO: Mini batch Iter: 3 reg_loss= 0.00000
08/23/2020 21:26:33 - INFO: Time for Mini batch : 2.02765417099
