08/03/2020 18:01:36 - INFO: [('structural_head_config', u'16,8,8'), ('temporal_layer_config', u'128'), ('val_freq', 1), ('dataset', u'Enron_new'), ('epochs', 200), ('walk_len', 20), ('weight_decay', 0.0005), ('neg_sample_size', 10), ('temporal_drop', 0.5), ('GPU_ID', 0), ('use_residual', u'False'), ('structural_layer_config', u'128'), ('window', -1), ('base_model', u'DySAT'), ('log_dir', 'log'), ('model_dir', 'model'), ('spatial_drop', 0.1), ('position_ffn', u'True'), ('optimizer', 'adam'), ('time_steps', 11), ('learning_rate', 0.001), ('csv_dir', 'csv'), ('batch_size', 512), ('max_gradient_norm', 1.0), ('featureless', u'True'), ('test_freq', 1), ('temporal_head_config', u'16'), ('seed', 7), ('save_dir', 'output'), ('model', u'default'), ('neg_weight', 1.0)]
08/03/2020 18:01:43 - INFO: # train: 43, # val: 42, # test: 127
08/03/2020 18:05:16 - INFO: [('structural_head_config', u'16,8,8'), ('temporal_layer_config', u'128'), ('val_freq', 1), ('dataset', u'Enron_new'), ('epochs', 200), ('walk_len', 20), ('weight_decay', 0.0005), ('neg_sample_size', 10), ('temporal_drop', 0.5), ('GPU_ID', 0), ('use_residual', u'False'), ('structural_layer_config', u'128'), ('window', -1), ('base_model', u'DySAT'), ('log_dir', 'log'), ('model_dir', 'model'), ('spatial_drop', 0.1), ('position_ffn', u'True'), ('optimizer', 'adam'), ('time_steps', 11), ('learning_rate', 0.001), ('csv_dir', 'csv'), ('batch_size', 512), ('max_gradient_norm', 1.0), ('featureless', u'True'), ('test_freq', 1), ('temporal_head_config', u'16'), ('seed', 7), ('save_dir', 'output'), ('model', u'default'), ('neg_weight', 1.0)]
08/03/2020 18:05:22 - INFO: # train: 43, # val: 42, # test: 127
08/03/2020 18:06:37 - WARNING: Tensor._shape is private, use Tensor.shape instead. Tensor._shape will eventually be removed.
08/03/2020 18:07:38 - WARNING: Tensor._shape is private, use Tensor.shape instead. Tensor._shape will eventually be removed.
08/03/2020 18:07:44 - INFO: [('structural_head_config', u'16,8,8'), ('temporal_layer_config', u'128'), ('val_freq', 1), ('dataset', u'Enron_new'), ('epochs', 200), ('walk_len', 20), ('weight_decay', 0.0005), ('neg_sample_size', 10), ('temporal_drop', 0.5), ('GPU_ID', 0), ('use_residual', u'False'), ('structural_layer_config', u'128'), ('window', -1), ('base_model', u'DySAT'), ('log_dir', 'log'), ('model_dir', 'model'), ('spatial_drop', 0.1), ('position_ffn', u'True'), ('optimizer', 'adam'), ('time_steps', 11), ('learning_rate', 0.001), ('csv_dir', 'csv'), ('batch_size', 512), ('max_gradient_norm', 1.0), ('featureless', u'True'), ('test_freq', 1), ('temporal_head_config', u'16'), ('seed', 7), ('save_dir', 'output'), ('model', u'default'), ('neg_weight', 1.0)]
08/03/2020 18:07:51 - INFO: # train: 43, # val: 42, # test: 127
08/03/2020 18:08:24 - INFO: [('structural_head_config', u'16,8,8'), ('temporal_layer_config', u'128'), ('val_freq', 1), ('dataset', u'Enron_new'), ('epochs', 200), ('walk_len', 20), ('weight_decay', 0.0005), ('neg_sample_size', 10), ('temporal_drop', 0.5), ('GPU_ID', 0), ('use_residual', u'False'), ('structural_layer_config', u'128'), ('window', -1), ('base_model', u'DySAT'), ('log_dir', 'log'), ('model_dir', 'model'), ('spatial_drop', 0.1), ('position_ffn', u'True'), ('optimizer', 'adam'), ('time_steps', 11), ('learning_rate', 0.001), ('csv_dir', 'csv'), ('batch_size', 512), ('max_gradient_norm', 1.0), ('featureless', u'True'), ('test_freq', 1), ('temporal_head_config', u'16'), ('seed', 7), ('save_dir', 'output'), ('model', u'default'), ('neg_weight', 1.0)]
08/03/2020 18:08:30 - INFO: # train: 43, # val: 42, # test: 127
08/03/2020 18:08:39 - WARNING: Tensor._shape is private, use Tensor.shape instead. Tensor._shape will eventually be removed.
08/03/2020 18:09:36 - INFO: [('structural_head_config', u'16,8,8'), ('temporal_layer_config', u'128'), ('val_freq', 1), ('dataset', u'Enron_new'), ('epochs', 200), ('walk_len', 20), ('weight_decay', 0.0005), ('neg_sample_size', 10), ('temporal_drop', 0.5), ('GPU_ID', 0), ('use_residual', u'False'), ('structural_layer_config', u'128'), ('window', -1), ('base_model', u'DySAT'), ('log_dir', 'log'), ('model_dir', 'model'), ('spatial_drop', 0.1), ('position_ffn', u'True'), ('optimizer', 'adam'), ('time_steps', 11), ('learning_rate', 0.001), ('csv_dir', 'csv'), ('batch_size', 512), ('max_gradient_norm', 1.0), ('featureless', u'True'), ('test_freq', 1), ('temporal_head_config', u'16'), ('seed', 7), ('save_dir', 'output'), ('model', u'default'), ('neg_weight', 1.0)]
08/03/2020 18:09:42 - INFO: # train: 43, # val: 42, # test: 127
08/03/2020 18:10:26 - WARNING: Tensor._shape is private, use Tensor.shape instead. Tensor._shape will eventually be removed.
08/03/2020 18:10:33 - INFO: [('structural_head_config', u'16,8,8'), ('temporal_layer_config', u'128'), ('val_freq', 1), ('dataset', u'Enron_new'), ('epochs', 200), ('walk_len', 20), ('weight_decay', 0.0005), ('neg_sample_size', 10), ('temporal_drop', 0.5), ('GPU_ID', 0), ('use_residual', u'False'), ('structural_layer_config', u'128'), ('window', -1), ('base_model', u'DySAT'), ('log_dir', 'log'), ('model_dir', 'model'), ('spatial_drop', 0.1), ('position_ffn', u'True'), ('optimizer', 'adam'), ('time_steps', 11), ('learning_rate', 0.001), ('csv_dir', 'csv'), ('batch_size', 512), ('max_gradient_norm', 1.0), ('featureless', u'True'), ('test_freq', 1), ('temporal_head_config', u'16'), ('seed', 7), ('save_dir', 'output'), ('model', u'default'), ('neg_weight', 1.0)]
08/03/2020 18:10:39 - INFO: # train: 43, # val: 42, # test: 127
08/03/2020 18:11:26 - WARNING: Tensor._shape is private, use Tensor.shape instead. Tensor._shape will eventually be removed.
08/03/2020 18:11:43 - INFO: [('structural_head_config', u'16,8,8'), ('temporal_layer_config', u'128'), ('val_freq', 1), ('dataset', u'Enron_new'), ('epochs', 200), ('walk_len', 20), ('weight_decay', 0.0005), ('neg_sample_size', 10), ('temporal_drop', 0.5), ('GPU_ID', 0), ('use_residual', u'False'), ('structural_layer_config', u'128'), ('window', -1), ('base_model', u'DySAT'), ('log_dir', 'log'), ('model_dir', 'model'), ('spatial_drop', 0.1), ('position_ffn', u'True'), ('optimizer', 'adam'), ('time_steps', 11), ('learning_rate', 0.001), ('csv_dir', 'csv'), ('batch_size', 512), ('max_gradient_norm', 1.0), ('featureless', u'True'), ('test_freq', 1), ('temporal_head_config', u'16'), ('seed', 7), ('save_dir', 'output'), ('model', u'default'), ('neg_weight', 1.0)]
08/03/2020 18:11:49 - INFO: # train: 43, # val: 42, # test: 127
08/03/2020 18:12:23 - INFO: [('structural_head_config', u'16,8,8'), ('temporal_layer_config', u'128'), ('val_freq', 1), ('dataset', u'Enron_new'), ('epochs', 200), ('walk_len', 20), ('weight_decay', 0.0005), ('neg_sample_size', 10), ('temporal_drop', 0.5), ('GPU_ID', 0), ('use_residual', u'False'), ('structural_layer_config', u'128'), ('window', -1), ('base_model', u'DySAT'), ('log_dir', 'log'), ('model_dir', 'model'), ('spatial_drop', 0.1), ('position_ffn', u'True'), ('optimizer', 'adam'), ('time_steps', 11), ('learning_rate', 0.001), ('csv_dir', 'csv'), ('batch_size', 512), ('max_gradient_norm', 1.0), ('featureless', u'True'), ('test_freq', 1), ('temporal_head_config', u'16'), ('seed', 7), ('save_dir', 'output'), ('model', u'default'), ('neg_weight', 1.0)]
08/03/2020 18:12:29 - INFO: # train: 43, # val: 42, # test: 127
08/03/2020 18:57:46 - WARNING: Tensor._shape is private, use Tensor.shape instead. Tensor._shape will eventually be removed.
08/03/2020 18:57:49 - WARNING: Tensor._shape is private, use Tensor.shape instead. Tensor._shape will eventually be removed.
08/03/2020 18:58:08 - WARNING: Tensor._shape is private, use Tensor.shape instead. Tensor._shape will eventually be removed.
08/03/2020 20:01:37 - INFO: [('structural_head_config', u'16,8,8'), ('temporal_layer_config', u'128'), ('val_freq', 1), ('dataset', u'Enron_new'), ('epochs', 200), ('walk_len', 20), ('weight_decay', 0.0005), ('neg_sample_size', 10), ('temporal_drop', 0.5), ('GPU_ID', 0), ('use_residual', u'False'), ('structural_layer_config', u'128'), ('window', -1), ('base_model', u'DySAT'), ('log_dir', 'log'), ('model_dir', 'model'), ('spatial_drop', 0.1), ('position_ffn', u'True'), ('optimizer', 'adam'), ('time_steps', 11), ('learning_rate', 0.001), ('csv_dir', 'csv'), ('batch_size', 512), ('max_gradient_norm', 1.0), ('featureless', u'True'), ('test_freq', 1), ('temporal_head_config', u'16'), ('seed', 7), ('save_dir', 'output'), ('model', u'default'), ('neg_weight', 1.0)]
08/03/2020 20:01:45 - INFO: # train: 43, # val: 42, # test: 127
08/03/2020 20:01:50 - WARNING: Tensor._shape is private, use Tensor.shape instead. Tensor._shape will eventually be removed.
08/03/2020 20:01:53 - WARNING: Tensor._shape is private, use Tensor.shape instead. Tensor._shape will eventually be removed.
08/03/2020 20:02:32 - WARNING: Tensor._shape is private, use Tensor.shape instead. Tensor._shape will eventually be removed.
08/03/2020 20:05:57 - WARNING: Tensor._shape is private, use Tensor.shape instead. Tensor._shape will eventually be removed.
08/03/2020 20:07:41 - INFO: [('structural_head_config', u'16,8,8'), ('temporal_layer_config', u'128'), ('val_freq', 1), ('dataset', u'Enron_new'), ('epochs', 200), ('walk_len', 20), ('weight_decay', 0.0005), ('neg_sample_size', 10), ('temporal_drop', 0.5), ('GPU_ID', 0), ('use_residual', u'False'), ('structural_layer_config', u'128'), ('window', -1), ('base_model', u'DySAT'), ('log_dir', 'log'), ('model_dir', 'model'), ('spatial_drop', 0.1), ('position_ffn', u'True'), ('optimizer', 'adam'), ('time_steps', 11), ('learning_rate', 0.001), ('csv_dir', 'csv'), ('batch_size', 512), ('max_gradient_norm', 1.0), ('featureless', u'True'), ('test_freq', 1), ('temporal_head_config', u'16'), ('seed', 7), ('save_dir', 'output'), ('model', u'default'), ('neg_weight', 1.0)]
08/03/2020 20:07:49 - INFO: # train: 43, # val: 42, # test: 127
08/03/2020 20:09:17 - WARNING: Operation._control_inputs is private, use Operation.control_inputs instead. Operation._control_inputs will eventually be removed.
08/03/2020 20:09:17 - WARNING: Operation._inputs is private, use Operation.inputs instead. Operation._inputs will eventually be removed.
08/03/2020 20:09:17 - WARNING: Operation._node_def is private, use Operation.node_def instead. Operation._node_def will eventually be removed.
08/03/2020 20:09:17 - WARNING: Operation._op_def is private, use Operation.op_def instead. Operation._op_def will eventually be removed.
08/03/2020 20:13:22 - INFO: [('structural_head_config', u'16,8,8'), ('temporal_layer_config', u'128'), ('val_freq', 1), ('dataset', u'Enron_new'), ('epochs', 200), ('walk_len', 20), ('weight_decay', 0.0005), ('neg_sample_size', 10), ('temporal_drop', 0.5), ('GPU_ID', 0), ('use_residual', u'False'), ('structural_layer_config', u'128'), ('window', -1), ('base_model', u'DySAT'), ('log_dir', 'log'), ('model_dir', 'model'), ('spatial_drop', 0.1), ('position_ffn', u'True'), ('optimizer', 'adam'), ('time_steps', 11), ('learning_rate', 0.001), ('csv_dir', 'csv'), ('batch_size', 512), ('max_gradient_norm', 1.0), ('featureless', u'True'), ('test_freq', 1), ('temporal_head_config', u'16'), ('seed', 7), ('save_dir', 'output'), ('model', u'default'), ('neg_weight', 1.0)]
08/03/2020 20:13:27 - INFO: # train: 43, # val: 42, # test: 127
08/03/2020 20:14:42 - INFO: [('structural_head_config', u'16,8,8'), ('temporal_layer_config', u'128'), ('val_freq', 1), ('dataset', u'Enron_new'), ('epochs', 200), ('walk_len', 20), ('weight_decay', 0.0005), ('neg_sample_size', 10), ('temporal_drop', 0.5), ('GPU_ID', 0), ('use_residual', u'False'), ('structural_layer_config', u'128'), ('window', -1), ('base_model', u'DySAT'), ('log_dir', 'log'), ('model_dir', 'model'), ('spatial_drop', 0.1), ('position_ffn', u'True'), ('optimizer', 'adam'), ('time_steps', 11), ('learning_rate', 0.001), ('csv_dir', 'csv'), ('batch_size', 512), ('max_gradient_norm', 1.0), ('featureless', u'True'), ('test_freq', 1), ('temporal_head_config', u'16'), ('seed', 7), ('save_dir', 'output'), ('model', u'default'), ('neg_weight', 1.0)]
08/03/2020 20:14:49 - INFO: # train: 43, # val: 42, # test: 127
08/03/2020 20:14:55 - WARNING: Tensor._shape is private, use Tensor.shape instead. Tensor._shape will eventually be removed.
08/03/2020 20:17:48 - INFO: [('structural_head_config', u'16,8,8'), ('temporal_layer_config', u'128'), ('val_freq', 1), ('dataset', u'Enron_new'), ('epochs', 200), ('walk_len', 20), ('weight_decay', 0.0005), ('neg_sample_size', 10), ('temporal_drop', 0.5), ('GPU_ID', 0), ('use_residual', u'False'), ('structural_layer_config', u'128'), ('window', -1), ('base_model', u'DySAT'), ('log_dir', 'log'), ('model_dir', 'model'), ('spatial_drop', 0.1), ('position_ffn', u'True'), ('optimizer', 'adam'), ('time_steps', 11), ('learning_rate', 0.001), ('csv_dir', 'csv'), ('batch_size', 512), ('max_gradient_norm', 1.0), ('featureless', u'True'), ('test_freq', 1), ('temporal_head_config', u'16'), ('seed', 7), ('save_dir', 'output'), ('model', u'default'), ('neg_weight', 1.0)]
08/03/2020 20:17:55 - INFO: # train: 43, # val: 42, # test: 127
08/03/2020 20:18:32 - INFO: [('structural_head_config', u'16,8,8'), ('temporal_layer_config', u'128'), ('val_freq', 1), ('dataset', u'Enron_new'), ('epochs', 200), ('walk_len', 20), ('weight_decay', 0.0005), ('neg_sample_size', 10), ('temporal_drop', 0.5), ('GPU_ID', 0), ('use_residual', u'False'), ('structural_layer_config', u'128'), ('window', -1), ('base_model', u'DySAT'), ('log_dir', 'log'), ('model_dir', 'model'), ('spatial_drop', 0.1), ('position_ffn', u'True'), ('optimizer', 'adam'), ('time_steps', 11), ('learning_rate', 0.001), ('csv_dir', 'csv'), ('batch_size', 512), ('max_gradient_norm', 1.0), ('featureless', u'True'), ('test_freq', 1), ('temporal_head_config', u'16'), ('seed', 7), ('save_dir', 'output'), ('model', u'default'), ('neg_weight', 1.0)]
08/03/2020 20:18:40 - INFO: # train: 43, # val: 42, # test: 127
08/03/2020 22:40:53 - INFO: [('structural_head_config', u'16,8,8'), ('temporal_layer_config', u'128'), ('val_freq', 1), ('dataset', u'Enron_new'), ('epochs', 200), ('walk_len', 20), ('weight_decay', 0.0005), ('neg_sample_size', 10), ('temporal_drop', 0.5), ('GPU_ID', 0), ('use_residual', u'False'), ('structural_layer_config', u'128'), ('window', -1), ('base_model', u'DySAT'), ('log_dir', 'log'), ('model_dir', 'model'), ('spatial_drop', 0.1), ('position_ffn', u'True'), ('optimizer', 'adam'), ('time_steps', 11), ('learning_rate', 0.001), ('csv_dir', 'csv'), ('batch_size', 512), ('max_gradient_norm', 1.0), ('featureless', u'True'), ('test_freq', 1), ('temporal_head_config', u'16'), ('seed', 7), ('save_dir', 'output'), ('model', u'default'), ('neg_weight', 1.0)]
08/03/2020 22:41:13 - INFO: # train: 43, # val: 42, # test: 127
08/03/2020 22:45:46 - WARNING: Tensor._shape is private, use Tensor.shape instead. Tensor._shape will eventually be removed.
08/03/2020 22:47:44 - INFO: [('structural_head_config', u'16,8,8'), ('temporal_layer_config', u'128'), ('val_freq', 1), ('dataset', u'Enron_new'), ('epochs', 200), ('walk_len', 20), ('weight_decay', 0.0005), ('neg_sample_size', 10), ('temporal_drop', 0.5), ('GPU_ID', 0), ('use_residual', u'False'), ('structural_layer_config', u'128'), ('window', -1), ('base_model', u'DySAT'), ('log_dir', 'log'), ('model_dir', 'model'), ('spatial_drop', 0.1), ('position_ffn', u'True'), ('optimizer', 'adam'), ('time_steps', 11), ('learning_rate', 0.001), ('csv_dir', 'csv'), ('batch_size', 512), ('max_gradient_norm', 1.0), ('featureless', u'True'), ('test_freq', 1), ('temporal_head_config', u'16'), ('seed', 7), ('save_dir', 'output'), ('model', u'default'), ('neg_weight', 1.0)]
08/03/2020 22:47:50 - INFO: # train: 43, # val: 42, # test: 127
08/03/2020 22:49:21 - WARNING: Tensor._shape is private, use Tensor.shape instead. Tensor._shape will eventually be removed.
08/03/2020 22:49:25 - WARNING: Tensor._shape is private, use Tensor.shape instead. Tensor._shape will eventually be removed.
08/03/2020 22:49:31 - WARNING: Tensor._shape is private, use Tensor.shape instead. Tensor._shape will eventually be removed.
08/03/2020 22:49:35 - WARNING: Tensor._shape is private, use Tensor.shape instead. Tensor._shape will eventually be removed.
08/03/2020 22:49:36 - WARNING: Tensor._shape is private, use Tensor.shape instead. Tensor._shape will eventually be removed.
08/03/2020 22:49:44 - WARNING: Tensor._shape is private, use Tensor.shape instead. Tensor._shape will eventually be removed.
08/03/2020 22:49:45 - WARNING: Tensor._shape is private, use Tensor.shape instead. Tensor._shape will eventually be removed.
08/03/2020 22:49:51 - WARNING: Tensor._shape is private, use Tensor.shape instead. Tensor._shape will eventually be removed.
08/03/2020 22:49:51 - WARNING: Tensor._shape is private, use Tensor.shape instead. Tensor._shape will eventually be removed.
08/03/2020 22:49:52 - WARNING: Tensor._shape is private, use Tensor.shape instead. Tensor._shape will eventually be removed.
08/03/2020 22:52:58 - WARNING: Tensor._shape is private, use Tensor.shape instead. Tensor._shape will eventually be removed.
08/03/2020 22:53:00 - WARNING: Tensor._shape is private, use Tensor.shape instead. Tensor._shape will eventually be removed.
08/03/2020 22:53:26 - WARNING: Tensor._shape is private, use Tensor.shape instead. Tensor._shape will eventually be removed.
08/03/2020 22:53:27 - WARNING: Tensor._shape is private, use Tensor.shape instead. Tensor._shape will eventually be removed.
08/03/2020 22:58:21 - WARNING: Tensor._shape is private, use Tensor.shape instead. Tensor._shape will eventually be removed.
08/03/2020 22:58:37 - WARNING: Tensor._shape is private, use Tensor.shape instead. Tensor._shape will eventually be removed.
08/03/2020 23:58:41 - INFO: [('structural_head_config', u'16,8,8'), ('temporal_layer_config', u'128'), ('val_freq', 1), ('dataset', u'Enron_new'), ('epochs', 200), ('walk_len', 20), ('weight_decay', 0.0005), ('neg_sample_size', 10), ('temporal_drop', 0.5), ('GPU_ID', 0), ('use_residual', u'False'), ('structural_layer_config', u'128'), ('window', -1), ('base_model', u'DySAT'), ('log_dir', 'log'), ('model_dir', 'model'), ('spatial_drop', 0.1), ('position_ffn', u'True'), ('optimizer', 'adam'), ('time_steps', 11), ('learning_rate', 0.001), ('csv_dir', 'csv'), ('batch_size', 512), ('max_gradient_norm', 1.0), ('featureless', u'True'), ('test_freq', 1), ('temporal_head_config', u'16'), ('seed', 7), ('save_dir', 'output'), ('model', u'default'), ('neg_weight', 1.0)]
08/03/2020 23:58:47 - INFO: # train: 43, # val: 42, # test: 127
