08/30/2020 03:39:44 - INFO: [('structural_head_config', u'16,8,8'), ('temporal_layer_config', u'128'), ('val_freq', 1), ('dataset', u'Epinions'), ('epochs', 30), ('walk_len', 20), ('weight_decay', 0.0005), ('neg_sample_size', 10), ('temporal_drop', 0.5), ('GPU_ID', 0), ('use_residual', u'False'), ('structural_layer_config', u'128'), ('window', -1), ('base_model', u'DySAT'), ('log_dir', 'log'), ('model_dir', 'model'), ('spatial_drop', 0.1), ('position_ffn', u'True'), ('optimizer', 'adam'), ('time_steps', 5), ('learning_rate', 0.001), ('csv_dir', 'csv'), ('batch_size', 512), ('max_gradient_norm', 1.0), ('featureless', u'False'), ('test_freq', 1), ('temporal_head_config', u'16'), ('seed', 7), ('save_dir', 'output'), ('model', u'default'), ('neg_weight', 1.0)]
08/30/2020 03:40:07 - INFO: # train: 1477, # val: 1475, # test: 4427
08/30/2020 03:41:39 - INFO: Mini batch Iter: 0 train_loss= 5.54487
08/30/2020 03:41:40 - INFO: Mini batch Iter: 0 graph_loss= 5.54487
08/30/2020 03:41:40 - INFO: Mini batch Iter: 0 reg_loss= 0.00000
08/30/2020 03:41:40 - INFO: Time for Mini batch : 85.7091290951
08/30/2020 03:49:15 - INFO: Mini batch Iter: 1 train_loss= 5.54478
08/30/2020 03:49:15 - INFO: Mini batch Iter: 1 graph_loss= 5.54478
08/30/2020 03:49:15 - INFO: Mini batch Iter: 1 reg_loss= 0.00000
08/30/2020 03:49:15 - INFO: Time for Mini batch : 442.3473382
08/30/2020 03:52:45 - INFO: Mini batch Iter: 2 train_loss= 5.54451
08/30/2020 03:52:46 - INFO: Mini batch Iter: 2 graph_loss= 5.54451
08/30/2020 03:52:46 - INFO: Mini batch Iter: 2 reg_loss= 0.00000
08/30/2020 03:52:46 - INFO: Time for Mini batch : 210.208890915
08/30/2020 03:55:23 - INFO: Mini batch Iter: 3 train_loss= 5.54442
08/30/2020 03:55:24 - INFO: Mini batch Iter: 3 graph_loss= 5.54442
08/30/2020 03:55:24 - INFO: Mini batch Iter: 3 reg_loss= 0.00000
08/30/2020 03:55:24 - INFO: Time for Mini batch : 147.043951988
08/30/2020 03:57:10 - INFO: Mini batch Iter: 4 train_loss= 5.54421
08/30/2020 03:57:10 - INFO: Mini batch Iter: 4 graph_loss= 5.54421
08/30/2020 03:57:10 - INFO: Mini batch Iter: 4 reg_loss= 0.00000
08/30/2020 03:57:10 - INFO: Time for Mini batch : 91.4157149792
08/30/2020 03:58:36 - INFO: Mini batch Iter: 5 train_loss= 5.54467
08/30/2020 03:58:37 - INFO: Mini batch Iter: 5 graph_loss= 5.54467
08/30/2020 03:58:37 - INFO: Mini batch Iter: 5 reg_loss= 0.00000
08/30/2020 03:58:37 - INFO: Time for Mini batch : 71.8782827854
08/30/2020 04:02:22 - INFO: Mini batch Iter: 6 train_loss= 5.54428
08/30/2020 04:02:22 - INFO: Mini batch Iter: 6 graph_loss= 5.54428
08/30/2020 04:02:22 - INFO: Mini batch Iter: 6 reg_loss= 0.00000
08/30/2020 04:02:22 - INFO: Time for Mini batch : 208.107704878
08/30/2020 04:08:31 - INFO: Mini batch Iter: 7 train_loss= 5.54425
08/30/2020 04:08:32 - INFO: Mini batch Iter: 7 graph_loss= 5.54425
08/30/2020 04:08:32 - INFO: Mini batch Iter: 7 reg_loss= 0.00000
08/30/2020 04:08:32 - INFO: Time for Mini batch : 357.784228086
08/30/2020 04:09:42 - INFO: Mini batch Iter: 8 train_loss= 5.54442
08/30/2020 04:09:42 - INFO: Mini batch Iter: 8 graph_loss= 5.54442
08/30/2020 04:09:42 - INFO: Mini batch Iter: 8 reg_loss= 0.00000
08/30/2020 04:09:42 - INFO: Time for Mini batch : 70.1826958656
08/30/2020 04:17:41 - INFO: Mini batch Iter: 9 train_loss= 5.54401
08/30/2020 04:17:41 - INFO: Mini batch Iter: 9 graph_loss= 5.54401
08/30/2020 04:17:41 - INFO: Mini batch Iter: 9 reg_loss= 0.00000
08/30/2020 04:17:41 - INFO: Time for Mini batch : 465.510015965
08/30/2020 04:19:09 - INFO: Mini batch Iter: 10 train_loss= 5.54401
08/30/2020 04:19:10 - INFO: Mini batch Iter: 10 graph_loss= 5.54401
08/30/2020 04:19:10 - INFO: Mini batch Iter: 10 reg_loss= 0.00000
08/30/2020 04:19:10 - INFO: Time for Mini batch : 79.2115800381
08/30/2020 04:23:48 - INFO: Mini batch Iter: 11 train_loss= 5.54417
08/30/2020 04:23:48 - INFO: Mini batch Iter: 11 graph_loss= 5.54417
08/30/2020 04:23:48 - INFO: Mini batch Iter: 11 reg_loss= 0.00000
08/30/2020 04:23:48 - INFO: Time for Mini batch : 265.826076031
08/30/2020 04:32:15 - INFO: Mini batch Iter: 12 train_loss= 5.54353
08/30/2020 04:32:16 - INFO: Mini batch Iter: 12 graph_loss= 5.54353
08/30/2020 04:32:16 - INFO: Mini batch Iter: 12 reg_loss= 0.00000
08/30/2020 04:32:16 - INFO: Time for Mini batch : 497.777058125
08/30/2020 04:35:23 - INFO: Mini batch Iter: 13 train_loss= 5.54257
08/30/2020 04:35:23 - INFO: Mini batch Iter: 13 graph_loss= 5.54257
08/30/2020 04:35:23 - INFO: Mini batch Iter: 13 reg_loss= 0.00000
08/30/2020 04:35:23 - INFO: Time for Mini batch : 174.555550098
08/30/2020 04:36:06 - INFO: Mini batch Iter: 14 train_loss= 5.54133
08/30/2020 04:36:06 - INFO: Mini batch Iter: 14 graph_loss= 5.54133
08/30/2020 04:36:06 - INFO: Mini batch Iter: 14 reg_loss= 0.00000
08/30/2020 04:36:06 - INFO: Time for Mini batch : 42.6870820522
08/30/2020 04:36:50 - INFO: Mini batch Iter: 15 train_loss= 5.54327
08/30/2020 04:36:50 - INFO: Mini batch Iter: 15 graph_loss= 5.54327
08/30/2020 04:36:50 - INFO: Mini batch Iter: 15 reg_loss= 0.00000
08/30/2020 04:36:50 - INFO: Time for Mini batch : 41.3785870075
08/30/2020 04:42:26 - INFO: Mini batch Iter: 16 train_loss= 5.54507
08/30/2020 04:42:27 - INFO: Mini batch Iter: 16 graph_loss= 5.54507
08/30/2020 04:42:27 - INFO: Mini batch Iter: 16 reg_loss= 0.00000
08/30/2020 04:42:27 - INFO: Time for Mini batch : 308.484118938
08/30/2020 04:44:34 - INFO: Mini batch Iter: 17 train_loss= 5.54386
08/30/2020 04:44:35 - INFO: Mini batch Iter: 17 graph_loss= 5.54386
08/30/2020 04:44:35 - INFO: Mini batch Iter: 17 reg_loss= 0.00000
08/30/2020 04:44:35 - INFO: Time for Mini batch : 114.030837059
08/30/2020 04:44:35 - INFO: Time for epoch : 3662.00599313
08/30/2020 04:46:27 - INFO: Val results at epoch 0: Measure (HAD) AUC: 0.895822579718
08/30/2020 04:46:27 - INFO: Test results at epoch 0: Measure (HAD) AUC: 0.885949766432
08/30/2020 04:48:22 - INFO: Mini batch Iter: 0 train_loss= 5.54005
08/30/2020 04:48:22 - INFO: Mini batch Iter: 0 graph_loss= 5.54005
08/30/2020 04:48:22 - INFO: Mini batch Iter: 0 reg_loss= 0.00000
08/30/2020 04:48:22 - INFO: Time for Mini batch : 106.681383848
08/30/2020 04:52:11 - INFO: Mini batch Iter: 1 train_loss= 5.54363
08/30/2020 04:52:11 - INFO: Mini batch Iter: 1 graph_loss= 5.54363
08/30/2020 04:52:11 - INFO: Mini batch Iter: 1 reg_loss= 0.00000
08/30/2020 04:52:11 - INFO: Time for Mini batch : 211.140728951
08/30/2020 04:53:32 - INFO: Mini batch Iter: 2 train_loss= 5.54336
08/30/2020 04:53:33 - INFO: Mini batch Iter: 2 graph_loss= 5.54336
08/30/2020 04:53:33 - INFO: Mini batch Iter: 2 reg_loss= 0.00000
08/30/2020 04:53:33 - INFO: Time for Mini batch : 79.7497467995
08/30/2020 04:55:39 - INFO: Mini batch Iter: 3 train_loss= 5.53964
08/30/2020 04:55:39 - INFO: Mini batch Iter: 3 graph_loss= 5.53964
08/30/2020 04:55:39 - INFO: Mini batch Iter: 3 reg_loss= 0.00000
08/30/2020 04:55:39 - INFO: Time for Mini batch : 111.233939171
08/30/2020 04:56:47 - INFO: Mini batch Iter: 4 train_loss= 5.53761
08/30/2020 04:56:47 - INFO: Mini batch Iter: 4 graph_loss= 5.53761
08/30/2020 04:56:47 - INFO: Mini batch Iter: 4 reg_loss= 0.00000
08/30/2020 04:56:47 - INFO: Time for Mini batch : 51.6876039505
08/30/2020 05:02:37 - INFO: Mini batch Iter: 5 train_loss= 5.53751
08/30/2020 05:02:37 - INFO: Mini batch Iter: 5 graph_loss= 5.53751
08/30/2020 05:02:37 - INFO: Mini batch Iter: 5 reg_loss= 0.00000
08/30/2020 05:02:37 - INFO: Time for Mini batch : 335.303750992
08/30/2020 05:03:22 - INFO: Mini batch Iter: 6 train_loss= 5.53400
08/30/2020 05:03:22 - INFO: Mini batch Iter: 6 graph_loss= 5.53400
08/30/2020 05:03:22 - INFO: Mini batch Iter: 6 reg_loss= 0.00000
08/30/2020 05:03:22 - INFO: Time for Mini batch : 31.1878700256
08/30/2020 05:06:08 - INFO: Mini batch Iter: 7 train_loss= 5.54162
08/30/2020 05:06:08 - INFO: Mini batch Iter: 7 graph_loss= 5.54162
08/30/2020 05:06:08 - INFO: Mini batch Iter: 7 reg_loss= 0.00000
08/30/2020 05:06:08 - INFO: Time for Mini batch : 159.355301142
08/30/2020 05:10:25 - INFO: Mini batch Iter: 8 train_loss= 5.53687
08/30/2020 05:10:25 - INFO: Mini batch Iter: 8 graph_loss= 5.53687
08/30/2020 05:10:25 - INFO: Mini batch Iter: 8 reg_loss= 0.00000
08/30/2020 05:10:25 - INFO: Time for Mini batch : 243.263362885
08/30/2020 05:17:49 - INFO: Mini batch Iter: 9 train_loss= 5.53647
08/30/2020 05:17:50 - INFO: Mini batch Iter: 9 graph_loss= 5.53647
08/30/2020 05:17:50 - INFO: Mini batch Iter: 9 reg_loss= 0.00000
08/30/2020 05:17:50 - INFO: Time for Mini batch : 429.775223017
08/30/2020 05:21:27 - INFO: Mini batch Iter: 10 train_loss= 5.53406
08/30/2020 05:21:28 - INFO: Mini batch Iter: 10 graph_loss= 5.53406
08/30/2020 05:21:28 - INFO: Mini batch Iter: 10 reg_loss= 0.00000
08/30/2020 05:21:28 - INFO: Time for Mini batch : 216.52550602
08/30/2020 05:25:33 - INFO: Mini batch Iter: 11 train_loss= 5.53873
08/30/2020 05:25:34 - INFO: Mini batch Iter: 11 graph_loss= 5.53873
08/30/2020 05:25:34 - INFO: Mini batch Iter: 11 reg_loss= 0.00000
08/30/2020 05:25:34 - INFO: Time for Mini batch : 231.480834961
08/30/2020 05:27:59 - INFO: Mini batch Iter: 12 train_loss= 5.52777
08/30/2020 05:27:59 - INFO: Mini batch Iter: 12 graph_loss= 5.52777
08/30/2020 05:27:59 - INFO: Mini batch Iter: 12 reg_loss= 0.00000
08/30/2020 05:27:59 - INFO: Time for Mini batch : 123.768743992
08/30/2020 05:28:45 - INFO: Mini batch Iter: 13 train_loss= 5.53602
08/30/2020 05:28:45 - INFO: Mini batch Iter: 13 graph_loss= 5.53602
08/30/2020 05:28:45 - INFO: Mini batch Iter: 13 reg_loss= 0.00000
08/30/2020 05:28:45 - INFO: Time for Mini batch : 29.603951931
08/30/2020 05:30:37 - INFO: Mini batch Iter: 14 train_loss= 5.52340
08/30/2020 05:30:38 - INFO: Mini batch Iter: 14 graph_loss= 5.52340
08/30/2020 05:30:38 - INFO: Mini batch Iter: 14 reg_loss= 0.00000
08/30/2020 05:30:38 - INFO: Time for Mini batch : 105.110083818
08/30/2020 05:32:37 - INFO: Mini batch Iter: 15 train_loss= 5.51442
08/30/2020 05:32:38 - INFO: Mini batch Iter: 15 graph_loss= 5.51442
08/30/2020 05:32:38 - INFO: Mini batch Iter: 15 reg_loss= 0.00000
08/30/2020 05:32:38 - INFO: Time for Mini batch : 102.015391111
08/30/2020 05:39:33 - INFO: Mini batch Iter: 16 train_loss= 5.54120
08/30/2020 05:39:33 - INFO: Mini batch Iter: 16 graph_loss= 5.54120
08/30/2020 05:39:33 - INFO: Mini batch Iter: 16 reg_loss= 0.00000
08/30/2020 05:39:33 - INFO: Time for Mini batch : 400.426388979
08/30/2020 05:48:35 - INFO: Mini batch Iter: 17 train_loss= 5.55929
08/30/2020 05:48:35 - INFO: Mini batch Iter: 17 graph_loss= 5.55929
08/30/2020 05:48:35 - INFO: Mini batch Iter: 17 reg_loss= 0.00000
08/30/2020 05:48:35 - INFO: Time for Mini batch : 530.353024006
08/30/2020 05:48:35 - INFO: Time for epoch : 3488.55830193
08/30/2020 05:49:14 - INFO: Val results at epoch 1: Measure (HAD) AUC: 0.90415903476
08/30/2020 05:49:14 - INFO: Test results at epoch 1: Measure (HAD) AUC: 0.892904543035
08/30/2020 05:49:53 - INFO: Mini batch Iter: 0 train_loss= 5.54254
08/30/2020 05:49:53 - INFO: Mini batch Iter: 0 graph_loss= 5.54254
08/30/2020 05:49:53 - INFO: Mini batch Iter: 0 reg_loss= 0.00000
08/30/2020 05:49:53 - INFO: Time for Mini batch : 39.0830938816
08/30/2020 05:51:25 - INFO: Mini batch Iter: 1 train_loss= 5.51347
08/30/2020 05:51:26 - INFO: Mini batch Iter: 1 graph_loss= 5.51347
08/30/2020 05:51:26 - INFO: Mini batch Iter: 1 reg_loss= 0.00000
08/30/2020 05:51:26 - INFO: Time for Mini batch : 73.8143789768
08/30/2020 05:54:56 - INFO: Mini batch Iter: 2 train_loss= 5.55143
08/30/2020 05:54:57 - INFO: Mini batch Iter: 2 graph_loss= 5.55143
08/30/2020 05:54:57 - INFO: Mini batch Iter: 2 reg_loss= 0.00000
08/30/2020 05:54:57 - INFO: Time for Mini batch : 190.388424873
08/30/2020 05:56:49 - INFO: Mini batch Iter: 3 train_loss= 5.54589
08/30/2020 05:56:49 - INFO: Mini batch Iter: 3 graph_loss= 5.54589
08/30/2020 05:56:49 - INFO: Mini batch Iter: 3 reg_loss= 0.00000
08/30/2020 05:56:49 - INFO: Time for Mini batch : 96.8994171619
08/30/2020 05:58:08 - INFO: Mini batch Iter: 4 train_loss= 5.55085
08/30/2020 05:58:08 - INFO: Mini batch Iter: 4 graph_loss= 5.55085
08/30/2020 05:58:08 - INFO: Mini batch Iter: 4 reg_loss= 0.00000
08/30/2020 05:58:08 - INFO: Time for Mini batch : 50.6807701588
08/30/2020 06:04:35 - INFO: Mini batch Iter: 5 train_loss= 5.54305
08/30/2020 06:04:36 - INFO: Mini batch Iter: 5 graph_loss= 5.54305
08/30/2020 06:04:36 - INFO: Mini batch Iter: 5 reg_loss= 0.00000
08/30/2020 06:04:36 - INFO: Time for Mini batch : 366.891154051
08/30/2020 06:09:04 - INFO: Mini batch Iter: 6 train_loss= 5.55063
08/30/2020 06:09:04 - INFO: Mini batch Iter: 6 graph_loss= 5.55063
08/30/2020 06:09:04 - INFO: Mini batch Iter: 6 reg_loss= 0.00000
08/30/2020 06:09:04 - INFO: Time for Mini batch : 254.029191017
08/30/2020 06:10:23 - INFO: Mini batch Iter: 7 train_loss= 5.55575
08/30/2020 06:10:23 - INFO: Mini batch Iter: 7 graph_loss= 5.55575
08/30/2020 06:10:23 - INFO: Mini batch Iter: 7 reg_loss= 0.00000
08/30/2020 06:10:23 - INFO: Time for Mini batch : 76.5902118683
08/30/2020 06:18:54 - INFO: Mini batch Iter: 8 train_loss= 5.52754
08/30/2020 06:18:55 - INFO: Mini batch Iter: 8 graph_loss= 5.52754
08/30/2020 06:18:55 - INFO: Mini batch Iter: 8 reg_loss= 0.00000
08/30/2020 06:18:55 - INFO: Time for Mini batch : 507.745404959
08/30/2020 06:30:16 - INFO: Mini batch Iter: 9 train_loss= 5.54022
08/30/2020 06:30:19 - INFO: Mini batch Iter: 9 graph_loss= 5.54022
08/30/2020 06:30:19 - INFO: Mini batch Iter: 9 reg_loss= 0.00000
08/30/2020 06:30:19 - INFO: Time for Mini batch : 671.766196966
08/30/2020 06:31:31 - INFO: Mini batch Iter: 10 train_loss= 5.53212
08/30/2020 06:31:32 - INFO: Mini batch Iter: 10 graph_loss= 5.53212
08/30/2020 06:31:32 - INFO: Mini batch Iter: 10 reg_loss= 0.00000
08/30/2020 06:31:32 - INFO: Time for Mini batch : 52.6921901703
08/30/2020 06:34:22 - INFO: Mini batch Iter: 11 train_loss= 5.53555
08/30/2020 06:34:23 - INFO: Mini batch Iter: 11 graph_loss= 5.53555
08/30/2020 06:34:23 - INFO: Mini batch Iter: 11 reg_loss= 0.00000
08/30/2020 06:34:23 - INFO: Time for Mini batch : 151.472303867
08/30/2020 06:35:14 - INFO: Mini batch Iter: 12 train_loss= 5.52425
08/30/2020 06:35:14 - INFO: Mini batch Iter: 12 graph_loss= 5.52425
08/30/2020 06:35:14 - INFO: Mini batch Iter: 12 reg_loss= 0.00000
08/30/2020 06:35:14 - INFO: Time for Mini batch : 31.1831710339
08/30/2020 06:43:35 - INFO: Mini batch Iter: 13 train_loss= 5.53825
08/30/2020 06:43:35 - INFO: Mini batch Iter: 13 graph_loss= 5.53825
08/30/2020 06:43:35 - INFO: Mini batch Iter: 13 reg_loss= 0.00000
08/30/2020 06:43:35 - INFO: Time for Mini batch : 485.122219086
