08/29/2020 14:53:18 - INFO: [('structural_head_config', u'16,8,8'), ('temporal_layer_config', u'128'), ('val_freq', 1), ('dataset', u'Epinions'), ('epochs', 30), ('walk_len', 20), ('weight_decay', 0.0005), ('neg_sample_size', 10), ('temporal_drop', 0.5), ('GPU_ID', 0), ('use_residual', u'False'), ('structural_layer_config', u'128'), ('window', -1), ('base_model', u'DySAT'), ('log_dir', 'log'), ('model_dir', 'model'), ('spatial_drop', 0.1), ('position_ffn', u'True'), ('optimizer', 'adam'), ('time_steps', 4), ('learning_rate', 0.001), ('csv_dir', 'csv'), ('batch_size', 512), ('max_gradient_norm', 1.0), ('featureless', u'False'), ('test_freq', 1), ('temporal_head_config', u'16'), ('seed', 7), ('save_dir', 'output'), ('model', u'default'), ('neg_weight', 1.0)]
08/29/2020 14:53:36 - INFO: # train: 1684, # val: 1683, # test: 5050
08/29/2020 14:56:29 - INFO: Mini batch Iter: 0 train_loss= 4.15832
08/29/2020 14:56:29 - INFO: Mini batch Iter: 0 graph_loss= 4.15832
08/29/2020 14:56:29 - INFO: Mini batch Iter: 0 reg_loss= 0.00000
08/29/2020 14:56:29 - INFO: Time for Mini batch : 167.649350166
08/29/2020 15:02:08 - INFO: Mini batch Iter: 1 train_loss= 4.15833
08/29/2020 15:02:08 - INFO: Mini batch Iter: 1 graph_loss= 4.15833
08/29/2020 15:02:08 - INFO: Mini batch Iter: 1 reg_loss= 0.00000
08/29/2020 15:02:08 - INFO: Time for Mini batch : 338.338434935
08/29/2020 15:07:27 - INFO: Mini batch Iter: 2 train_loss= 4.15847
08/29/2020 15:07:27 - INFO: Mini batch Iter: 2 graph_loss= 4.15847
08/29/2020 15:07:27 - INFO: Mini batch Iter: 2 reg_loss= 0.00000
08/29/2020 15:07:27 - INFO: Time for Mini batch : 314.471095085
08/29/2020 15:11:28 - INFO: Mini batch Iter: 3 train_loss= 4.15811
08/29/2020 15:11:28 - INFO: Mini batch Iter: 3 graph_loss= 4.15811
08/29/2020 15:11:28 - INFO: Mini batch Iter: 3 reg_loss= 0.00000
08/29/2020 15:11:28 - INFO: Time for Mini batch : 235.54234314
08/29/2020 15:15:51 - INFO: Mini batch Iter: 4 train_loss= 4.15843
08/29/2020 15:15:51 - INFO: Mini batch Iter: 4 graph_loss= 4.15843
08/29/2020 15:15:51 - INFO: Mini batch Iter: 4 reg_loss= 0.00000
08/29/2020 15:15:51 - INFO: Time for Mini batch : 256.079886913
08/29/2020 15:20:01 - INFO: Mini batch Iter: 5 train_loss= 4.15828
08/29/2020 15:20:01 - INFO: Mini batch Iter: 5 graph_loss= 4.15828
08/29/2020 15:20:01 - INFO: Mini batch Iter: 5 reg_loss= 0.00000
08/29/2020 15:20:01 - INFO: Time for Mini batch : 250.048495054
08/29/2020 15:28:29 - INFO: Mini batch Iter: 6 train_loss= 4.15750
08/29/2020 15:28:29 - INFO: Mini batch Iter: 6 graph_loss= 4.15750
08/29/2020 15:28:29 - INFO: Mini batch Iter: 6 reg_loss= 0.00000
08/29/2020 15:28:29 - INFO: Time for Mini batch : 505.528370857
08/29/2020 15:36:13 - INFO: Mini batch Iter: 7 train_loss= 4.15835
08/29/2020 15:36:13 - INFO: Mini batch Iter: 7 graph_loss= 4.15835
08/29/2020 15:36:13 - INFO: Mini batch Iter: 7 reg_loss= 0.00000
08/29/2020 15:36:13 - INFO: Time for Mini batch : 447.240595102
08/29/2020 15:44:49 - INFO: Mini batch Iter: 8 train_loss= 4.15827
08/29/2020 15:44:49 - INFO: Mini batch Iter: 8 graph_loss= 4.15827
08/29/2020 15:44:49 - INFO: Mini batch Iter: 8 reg_loss= 0.00000
08/29/2020 15:44:49 - INFO: Time for Mini batch : 507.236411095
08/29/2020 15:49:14 - INFO: Mini batch Iter: 9 train_loss= 4.15809
08/29/2020 15:49:14 - INFO: Mini batch Iter: 9 graph_loss= 4.15809
08/29/2020 15:49:14 - INFO: Mini batch Iter: 9 reg_loss= 0.00000
08/29/2020 15:49:14 - INFO: Time for Mini batch : 251.549890995
08/29/2020 15:53:46 - INFO: Mini batch Iter: 10 train_loss= 4.15869
08/29/2020 15:53:46 - INFO: Mini batch Iter: 10 graph_loss= 4.15869
08/29/2020 15:53:46 - INFO: Mini batch Iter: 10 reg_loss= 0.00000
08/29/2020 15:53:46 - INFO: Time for Mini batch : 263.22389102
08/29/2020 16:02:00 - INFO: Mini batch Iter: 11 train_loss= 4.15778
08/29/2020 16:02:00 - INFO: Mini batch Iter: 11 graph_loss= 4.15778
08/29/2020 16:02:00 - INFO: Mini batch Iter: 11 reg_loss= 0.00000
08/29/2020 16:02:00 - INFO: Time for Mini batch : 485.63344717
08/29/2020 16:09:54 - INFO: Mini batch Iter: 12 train_loss= 4.15832
08/29/2020 16:09:55 - INFO: Mini batch Iter: 12 graph_loss= 4.15832
08/29/2020 16:09:55 - INFO: Mini batch Iter: 12 reg_loss= 0.00000
08/29/2020 16:09:55 - INFO: Time for Mini batch : 473.92933917
08/29/2020 16:15:10 - INFO: Mini batch Iter: 13 train_loss= 4.15684
08/29/2020 16:15:10 - INFO: Mini batch Iter: 13 graph_loss= 4.15684
08/29/2020 16:15:10 - INFO: Mini batch Iter: 13 reg_loss= 0.00000
08/29/2020 16:15:10 - INFO: Time for Mini batch : 302.084136009
08/29/2020 16:19:15 - INFO: Mini batch Iter: 14 train_loss= 4.15820
08/29/2020 16:19:15 - INFO: Mini batch Iter: 14 graph_loss= 4.15820
08/29/2020 16:19:15 - INFO: Mini batch Iter: 14 reg_loss= 0.00000
08/29/2020 16:19:15 - INFO: Time for Mini batch : 234.112165928
08/29/2020 16:24:33 - INFO: Mini batch Iter: 15 train_loss= 4.15792
08/29/2020 16:24:33 - INFO: Mini batch Iter: 15 graph_loss= 4.15792
08/29/2020 16:24:33 - INFO: Mini batch Iter: 15 reg_loss= 0.00000
08/29/2020 16:24:33 - INFO: Time for Mini batch : 310.98218298
08/29/2020 16:28:08 - INFO: Mini batch Iter: 16 train_loss= 4.15622
08/29/2020 16:28:08 - INFO: Mini batch Iter: 16 graph_loss= 4.15622
08/29/2020 16:28:08 - INFO: Mini batch Iter: 16 reg_loss= 0.00000
08/29/2020 16:28:08 - INFO: Time for Mini batch : 196.287874937
08/29/2020 16:32:52 - INFO: Mini batch Iter: 17 train_loss= 4.15672
08/29/2020 16:32:52 - INFO: Mini batch Iter: 17 graph_loss= 4.15672
08/29/2020 16:32:52 - INFO: Mini batch Iter: 17 reg_loss= 0.00000
08/29/2020 16:32:52 - INFO: Time for Mini batch : 278.875665903
08/29/2020 16:32:52 - INFO: Time for epoch : 5816.56814146
08/29/2020 16:33:50 - INFO: Val results at epoch 0: Measure (HAD) AUC: 0.873345315728
08/29/2020 16:33:50 - INFO: Test results at epoch 0: Measure (HAD) AUC: 0.868092422312
08/29/2020 16:42:37 - INFO: Mini batch Iter: 0 train_loss= 4.15624
08/29/2020 16:42:37 - INFO: Mini batch Iter: 0 graph_loss= 4.15624
08/29/2020 16:42:37 - INFO: Mini batch Iter: 0 reg_loss= 0.00000
08/29/2020 16:42:37 - INFO: Time for Mini batch : 522.802781105
08/29/2020 16:52:50 - INFO: Mini batch Iter: 1 train_loss= 4.15630
08/29/2020 16:52:51 - INFO: Mini batch Iter: 1 graph_loss= 4.15630
08/29/2020 16:52:51 - INFO: Mini batch Iter: 1 reg_loss= 0.00000
08/29/2020 16:52:51 - INFO: Time for Mini batch : 611.571318865
08/29/2020 16:57:28 - INFO: Mini batch Iter: 2 train_loss= 4.15595
08/29/2020 16:57:28 - INFO: Mini batch Iter: 2 graph_loss= 4.15595
08/29/2020 16:57:28 - INFO: Mini batch Iter: 2 reg_loss= 0.00000
08/29/2020 16:57:28 - INFO: Time for Mini batch : 257.351879835
08/29/2020 17:03:59 - INFO: Mini batch Iter: 3 train_loss= 4.15411
08/29/2020 17:03:59 - INFO: Mini batch Iter: 3 graph_loss= 4.15411
08/29/2020 17:03:59 - INFO: Mini batch Iter: 3 reg_loss= 0.00000
08/29/2020 17:03:59 - INFO: Time for Mini batch : 382.797532082
08/29/2020 17:06:40 - INFO: Mini batch Iter: 4 train_loss= 4.15884
08/29/2020 17:06:40 - INFO: Mini batch Iter: 4 graph_loss= 4.15884
08/29/2020 17:06:40 - INFO: Mini batch Iter: 4 reg_loss= 0.00000
08/29/2020 17:06:40 - INFO: Time for Mini batch : 145.262421131
08/29/2020 17:12:09 - INFO: Mini batch Iter: 5 train_loss= 4.15397
08/29/2020 17:12:09 - INFO: Mini batch Iter: 5 graph_loss= 4.15397
08/29/2020 17:12:09 - INFO: Mini batch Iter: 5 reg_loss= 0.00000
08/29/2020 17:12:09 - INFO: Time for Mini batch : 323.471503973
08/29/2020 17:16:36 - INFO: Mini batch Iter: 6 train_loss= 4.15769
08/29/2020 17:16:36 - INFO: Mini batch Iter: 6 graph_loss= 4.15769
08/29/2020 17:16:36 - INFO: Mini batch Iter: 6 reg_loss= 0.00000
08/29/2020 17:16:36 - INFO: Time for Mini batch : 253.70374012
08/29/2020 17:26:05 - INFO: Mini batch Iter: 7 train_loss= 4.15875
08/29/2020 17:26:06 - INFO: Mini batch Iter: 7 graph_loss= 4.15875
08/29/2020 17:26:06 - INFO: Mini batch Iter: 7 reg_loss= 0.00000
08/29/2020 17:26:06 - INFO: Time for Mini batch : 561.021363974
08/29/2020 17:37:48 - INFO: Mini batch Iter: 8 train_loss= 4.15611
08/29/2020 17:37:49 - INFO: Mini batch Iter: 8 graph_loss= 4.15611
08/29/2020 17:37:49 - INFO: Mini batch Iter: 8 reg_loss= 0.00000
08/29/2020 17:37:49 - INFO: Time for Mini batch : 684.268111944
08/29/2020 17:48:08 - INFO: Mini batch Iter: 9 train_loss= 4.15834
08/29/2020 17:48:08 - INFO: Mini batch Iter: 9 graph_loss= 4.15834
08/29/2020 17:48:08 - INFO: Mini batch Iter: 9 reg_loss= 0.00000
08/29/2020 17:48:08 - INFO: Time for Mini batch : 602.128088951
08/29/2020 17:57:52 - INFO: Mini batch Iter: 10 train_loss= 4.15420
08/29/2020 17:57:53 - INFO: Mini batch Iter: 10 graph_loss= 4.15420
08/29/2020 17:57:53 - INFO: Mini batch Iter: 10 reg_loss= 0.00000
08/29/2020 17:57:53 - INFO: Time for Mini batch : 559.771618843
08/29/2020 18:02:01 - INFO: Mini batch Iter: 11 train_loss= 4.15551
08/29/2020 18:02:01 - INFO: Mini batch Iter: 11 graph_loss= 4.15551
08/29/2020 18:02:01 - INFO: Mini batch Iter: 11 reg_loss= 0.00000
08/29/2020 18:02:01 - INFO: Time for Mini batch : 243.252680779
08/29/2020 18:07:05 - INFO: Mini batch Iter: 12 train_loss= 4.15062
08/29/2020 18:07:05 - INFO: Mini batch Iter: 12 graph_loss= 4.15062
08/29/2020 18:07:05 - INFO: Mini batch Iter: 12 reg_loss= 0.00000
08/29/2020 18:07:05 - INFO: Time for Mini batch : 295.839015007
08/29/2020 18:10:59 - INFO: Mini batch Iter: 13 train_loss= 4.15697
08/29/2020 18:10:59 - INFO: Mini batch Iter: 13 graph_loss= 4.15697
08/29/2020 18:10:59 - INFO: Mini batch Iter: 13 reg_loss= 0.00000
08/29/2020 18:10:59 - INFO: Time for Mini batch : 219.143078089
08/29/2020 18:21:05 - INFO: Mini batch Iter: 14 train_loss= 4.15947
08/29/2020 18:21:06 - INFO: Mini batch Iter: 14 graph_loss= 4.15947
08/29/2020 18:21:06 - INFO: Mini batch Iter: 14 reg_loss= 0.00000
08/29/2020 18:21:06 - INFO: Time for Mini batch : 593.149722099
08/29/2020 18:30:07 - INFO: Mini batch Iter: 15 train_loss= 4.14935
08/29/2020 18:30:08 - INFO: Mini batch Iter: 15 graph_loss= 4.14935
08/29/2020 18:30:08 - INFO: Mini batch Iter: 15 reg_loss= 0.00000
08/29/2020 18:30:08 - INFO: Time for Mini batch : 523.708025932
08/29/2020 18:36:41 - INFO: Mini batch Iter: 16 train_loss= 4.15617
08/29/2020 18:36:42 - INFO: Mini batch Iter: 16 graph_loss= 4.15617
08/29/2020 18:36:42 - INFO: Mini batch Iter: 16 reg_loss= 0.00000
08/29/2020 18:36:42 - INFO: Time for Mini batch : 372.685312033
08/29/2020 18:40:23 - INFO: Mini batch Iter: 17 train_loss= 4.14340
08/29/2020 18:40:24 - INFO: Mini batch Iter: 17 graph_loss= 4.14340
08/29/2020 18:40:24 - INFO: Mini batch Iter: 17 reg_loss= 0.00000
08/29/2020 18:40:24 - INFO: Time for Mini batch : 212.081594944
08/29/2020 18:40:24 - INFO: Time for epoch : 7357.97989368
08/29/2020 18:40:55 - INFO: Val results at epoch 1: Measure (HAD) AUC: 0.763812675001
08/29/2020 18:40:55 - INFO: Test results at epoch 1: Measure (HAD) AUC: 0.766983629056
