08/23/2020 18:55:07 - INFO: [('structural_head_config', u'16,8,8'), ('temporal_layer_config', u'128'), ('val_freq', 1), ('dataset', u'yelp'), ('epochs', 30), ('walk_len', 20), ('weight_decay', 0.0005), ('neg_sample_size', 10), ('temporal_drop', 0.5), ('GPU_ID', 0), ('use_residual', u'False'), ('structural_layer_config', u'128'), ('window', -1), ('base_model', u'DySAT'), ('log_dir', 'log'), ('model_dir', 'model'), ('spatial_drop', 0.1), ('position_ffn', u'True'), ('optimizer', 'adam'), ('time_steps', 10), ('learning_rate', 0.001), ('csv_dir', 'csv'), ('batch_size', 512), ('max_gradient_norm', 1.0), ('featureless', u'True'), ('test_freq', 1), ('temporal_head_config', u'16'), ('seed', 7), ('save_dir', 'output'), ('model', u'default'), ('neg_weight', 1.0)]
08/23/2020 18:56:14 - INFO: # train: 1058, # val: 1056, # test: 3170
08/23/2020 18:57:05 - INFO: Mini batch Iter: 0 train_loss= 12.47540
08/23/2020 18:57:05 - INFO: Mini batch Iter: 0 graph_loss= 12.47540
08/23/2020 18:57:05 - INFO: Mini batch Iter: 0 reg_loss= 0.00000
08/23/2020 18:57:05 - INFO: Time for Mini batch : 33.2944009304
08/23/2020 18:57:28 - INFO: Mini batch Iter: 1 train_loss= 12.47533
08/23/2020 18:57:28 - INFO: Mini batch Iter: 1 graph_loss= 12.47533
08/23/2020 18:57:28 - INFO: Mini batch Iter: 1 reg_loss= 0.00000
08/23/2020 18:57:28 - INFO: Time for Mini batch : 21.8749709129
08/23/2020 18:57:50 - INFO: Mini batch Iter: 2 train_loss= 12.47474
08/23/2020 18:57:50 - INFO: Mini batch Iter: 2 graph_loss= 12.47474
08/23/2020 18:57:50 - INFO: Mini batch Iter: 2 reg_loss= 0.00000
08/23/2020 18:57:50 - INFO: Time for Mini batch : 21.2178299427
08/23/2020 18:58:12 - INFO: Mini batch Iter: 3 train_loss= 12.47460
08/23/2020 18:58:12 - INFO: Mini batch Iter: 3 graph_loss= 12.47460
08/23/2020 18:58:12 - INFO: Mini batch Iter: 3 reg_loss= 0.00000
08/23/2020 18:58:12 - INFO: Time for Mini batch : 21.8053460121
08/23/2020 18:58:34 - INFO: Mini batch Iter: 4 train_loss= 12.47462
08/23/2020 18:58:34 - INFO: Mini batch Iter: 4 graph_loss= 12.47462
08/23/2020 18:58:34 - INFO: Mini batch Iter: 4 reg_loss= 0.00000
08/23/2020 18:58:34 - INFO: Time for Mini batch : 21.3605489731
08/23/2020 18:58:56 - INFO: Mini batch Iter: 5 train_loss= 12.47491
08/23/2020 18:58:56 - INFO: Mini batch Iter: 5 graph_loss= 12.47491
08/23/2020 18:58:56 - INFO: Mini batch Iter: 5 reg_loss= 0.00000
08/23/2020 18:58:56 - INFO: Time for Mini batch : 21.4698109627
08/23/2020 18:59:18 - INFO: Mini batch Iter: 6 train_loss= 12.47467
08/23/2020 18:59:18 - INFO: Mini batch Iter: 6 graph_loss= 12.47467
08/23/2020 18:59:18 - INFO: Mini batch Iter: 6 reg_loss= 0.00000
08/23/2020 18:59:18 - INFO: Time for Mini batch : 21.2372059822
08/23/2020 18:59:42 - INFO: Mini batch Iter: 7 train_loss= 12.47383
08/23/2020 18:59:42 - INFO: Mini batch Iter: 7 graph_loss= 12.47383
08/23/2020 18:59:42 - INFO: Mini batch Iter: 7 reg_loss= 0.00000
08/23/2020 18:59:42 - INFO: Time for Mini batch : 23.7116160393
08/23/2020 19:00:05 - INFO: Mini batch Iter: 8 train_loss= 12.47395
08/23/2020 19:00:05 - INFO: Mini batch Iter: 8 graph_loss= 12.47395
08/23/2020 19:00:05 - INFO: Mini batch Iter: 8 reg_loss= 0.00000
08/23/2020 19:00:05 - INFO: Time for Mini batch : 22.0971810818
08/23/2020 19:00:26 - INFO: Mini batch Iter: 9 train_loss= 12.47380
08/23/2020 19:00:26 - INFO: Mini batch Iter: 9 graph_loss= 12.47380
08/23/2020 19:00:26 - INFO: Mini batch Iter: 9 reg_loss= 0.00000
08/23/2020 19:00:26 - INFO: Time for Mini batch : 21.2764790058
08/23/2020 19:00:26 - INFO: Time for epoch : 229.287821054
08/23/2020 19:00:46 - INFO: Val results at epoch 0: Measure (HAD) AUC: 0.708559314738
08/23/2020 19:00:46 - INFO: Test results at epoch 0: Measure (HAD) AUC: 0.698179303207
08/23/2020 19:01:09 - INFO: Mini batch Iter: 0 train_loss= 12.47408
08/23/2020 19:01:09 - INFO: Mini batch Iter: 0 graph_loss= 12.47408
08/23/2020 19:01:09 - INFO: Mini batch Iter: 0 reg_loss= 0.00000
08/23/2020 19:01:09 - INFO: Time for Mini batch : 22.8550469875
08/23/2020 19:01:32 - INFO: Mini batch Iter: 1 train_loss= 12.47289
08/23/2020 19:01:32 - INFO: Mini batch Iter: 1 graph_loss= 12.47289
08/23/2020 19:01:32 - INFO: Mini batch Iter: 1 reg_loss= 0.00000
08/23/2020 19:01:32 - INFO: Time for Mini batch : 21.6934170723
08/23/2020 19:01:54 - INFO: Mini batch Iter: 2 train_loss= 12.47352
08/23/2020 19:01:54 - INFO: Mini batch Iter: 2 graph_loss= 12.47352
08/23/2020 19:01:54 - INFO: Mini batch Iter: 2 reg_loss= 0.00000
08/23/2020 19:01:54 - INFO: Time for Mini batch : 21.6913249493
08/23/2020 19:02:17 - INFO: Mini batch Iter: 3 train_loss= 12.47366
08/23/2020 19:02:17 - INFO: Mini batch Iter: 3 graph_loss= 12.47366
08/23/2020 19:02:17 - INFO: Mini batch Iter: 3 reg_loss= 0.00000
08/23/2020 19:02:17 - INFO: Time for Mini batch : 21.9407660961
08/23/2020 19:02:39 - INFO: Mini batch Iter: 4 train_loss= 12.47233
08/23/2020 19:02:39 - INFO: Mini batch Iter: 4 graph_loss= 12.47233
08/23/2020 19:02:39 - INFO: Mini batch Iter: 4 reg_loss= 0.00000
08/23/2020 19:02:39 - INFO: Time for Mini batch : 21.736800909
08/23/2020 19:03:01 - INFO: Mini batch Iter: 5 train_loss= 12.47307
08/23/2020 19:03:01 - INFO: Mini batch Iter: 5 graph_loss= 12.47307
08/23/2020 19:03:01 - INFO: Mini batch Iter: 5 reg_loss= 0.00000
08/23/2020 19:03:01 - INFO: Time for Mini batch : 21.9035170078
08/23/2020 19:03:22 - INFO: Mini batch Iter: 6 train_loss= 12.47164
08/23/2020 19:03:22 - INFO: Mini batch Iter: 6 graph_loss= 12.47164
08/23/2020 19:03:22 - INFO: Mini batch Iter: 6 reg_loss= 0.00000
08/23/2020 19:03:22 - INFO: Time for Mini batch : 20.330933094
08/23/2020 19:03:43 - INFO: Mini batch Iter: 7 train_loss= 12.47182
08/23/2020 19:03:43 - INFO: Mini batch Iter: 7 graph_loss= 12.47182
08/23/2020 19:03:43 - INFO: Mini batch Iter: 7 reg_loss= 0.00000
08/23/2020 19:03:43 - INFO: Time for Mini batch : 20.6510601044
08/23/2020 19:04:04 - INFO: Mini batch Iter: 8 train_loss= 12.47190
08/23/2020 19:04:04 - INFO: Mini batch Iter: 8 graph_loss= 12.47190
08/23/2020 19:04:04 - INFO: Mini batch Iter: 8 reg_loss= 0.00000
08/23/2020 19:04:04 - INFO: Time for Mini batch : 20.4441380501
08/23/2020 19:04:26 - INFO: Mini batch Iter: 9 train_loss= 12.47002
08/23/2020 19:04:26 - INFO: Mini batch Iter: 9 graph_loss= 12.47002
08/23/2020 19:04:26 - INFO: Mini batch Iter: 9 reg_loss= 0.00000
08/23/2020 19:04:26 - INFO: Time for Mini batch : 20.9766850471
08/23/2020 19:04:26 - INFO: Time for epoch : 214.184150457
08/23/2020 19:04:42 - INFO: Val results at epoch 1: Measure (HAD) AUC: 0.715436502812
08/23/2020 19:04:42 - INFO: Test results at epoch 1: Measure (HAD) AUC: 0.707557344585
08/23/2020 19:05:03 - INFO: Mini batch Iter: 0 train_loss= 12.46997
08/23/2020 19:05:03 - INFO: Mini batch Iter: 0 graph_loss= 12.46997
08/23/2020 19:05:03 - INFO: Mini batch Iter: 0 reg_loss= 0.00000
08/23/2020 19:05:03 - INFO: Time for Mini batch : 20.3498029709
08/23/2020 19:05:24 - INFO: Mini batch Iter: 1 train_loss= 12.46812
08/23/2020 19:05:24 - INFO: Mini batch Iter: 1 graph_loss= 12.46812
08/23/2020 19:05:24 - INFO: Mini batch Iter: 1 reg_loss= 0.00000
08/23/2020 19:05:24 - INFO: Time for Mini batch : 20.3552980423
08/23/2020 19:05:45 - INFO: Mini batch Iter: 2 train_loss= 12.47110
08/23/2020 19:05:45 - INFO: Mini batch Iter: 2 graph_loss= 12.47110
08/23/2020 19:05:45 - INFO: Mini batch Iter: 2 reg_loss= 0.00000
08/23/2020 19:05:45 - INFO: Time for Mini batch : 20.4719851017
08/23/2020 19:06:06 - INFO: Mini batch Iter: 3 train_loss= 12.47006
08/23/2020 19:06:06 - INFO: Mini batch Iter: 3 graph_loss= 12.47006
08/23/2020 19:06:06 - INFO: Mini batch Iter: 3 reg_loss= 0.00000
08/23/2020 19:06:06 - INFO: Time for Mini batch : 20.5313858986
08/23/2020 19:06:29 - INFO: Mini batch Iter: 4 train_loss= 12.46902
08/23/2020 19:06:29 - INFO: Mini batch Iter: 4 graph_loss= 12.46902
08/23/2020 19:06:29 - INFO: Mini batch Iter: 4 reg_loss= 0.00000
08/23/2020 19:06:29 - INFO: Time for Mini batch : 22.2223360538
08/23/2020 19:06:51 - INFO: Mini batch Iter: 5 train_loss= 12.46313
08/23/2020 19:06:51 - INFO: Mini batch Iter: 5 graph_loss= 12.46313
08/23/2020 19:06:51 - INFO: Mini batch Iter: 5 reg_loss= 0.00000
08/23/2020 19:06:51 - INFO: Time for Mini batch : 20.6453149319
08/23/2020 19:07:12 - INFO: Mini batch Iter: 6 train_loss= 12.46644
08/23/2020 19:07:12 - INFO: Mini batch Iter: 6 graph_loss= 12.46644
08/23/2020 19:07:12 - INFO: Mini batch Iter: 6 reg_loss= 0.00000
08/23/2020 19:07:12 - INFO: Time for Mini batch : 20.6985199451
08/23/2020 19:07:33 - INFO: Mini batch Iter: 7 train_loss= 12.47022
08/23/2020 19:07:33 - INFO: Mini batch Iter: 7 graph_loss= 12.47022
08/23/2020 19:07:33 - INFO: Mini batch Iter: 7 reg_loss= 0.00000
08/23/2020 19:07:33 - INFO: Time for Mini batch : 20.4924771786
08/23/2020 19:07:54 - INFO: Mini batch Iter: 8 train_loss= 12.46259
08/23/2020 19:07:54 - INFO: Mini batch Iter: 8 graph_loss= 12.46259
08/23/2020 19:07:54 - INFO: Mini batch Iter: 8 reg_loss= 0.00000
08/23/2020 19:07:54 - INFO: Time for Mini batch : 20.5043561459
08/23/2020 19:08:15 - INFO: Mini batch Iter: 9 train_loss= 12.47023
08/23/2020 19:08:15 - INFO: Mini batch Iter: 9 graph_loss= 12.47023
08/23/2020 19:08:15 - INFO: Mini batch Iter: 9 reg_loss= 0.00000
08/23/2020 19:08:15 - INFO: Time for Mini batch : 20.4293069839
08/23/2020 19:08:15 - INFO: Time for epoch : 206.657073498
08/23/2020 19:08:32 - INFO: Val results at epoch 2: Measure (HAD) AUC: 0.712802743343
08/23/2020 19:08:32 - INFO: Test results at epoch 2: Measure (HAD) AUC: 0.70429668919
08/23/2020 19:08:54 - INFO: Mini batch Iter: 0 train_loss= 12.46484
08/23/2020 19:08:54 - INFO: Mini batch Iter: 0 graph_loss= 12.46484
08/23/2020 19:08:54 - INFO: Mini batch Iter: 0 reg_loss= 0.00000
08/23/2020 19:08:54 - INFO: Time for Mini batch : 21.2001798153
08/23/2020 19:09:16 - INFO: Mini batch Iter: 1 train_loss= 12.46805
08/23/2020 19:09:16 - INFO: Mini batch Iter: 1 graph_loss= 12.46805
08/23/2020 19:09:16 - INFO: Mini batch Iter: 1 reg_loss= 0.00000
08/23/2020 19:09:16 - INFO: Time for Mini batch : 21.3353447914
08/23/2020 19:09:38 - INFO: Mini batch Iter: 2 train_loss= 12.46716
08/23/2020 19:09:38 - INFO: Mini batch Iter: 2 graph_loss= 12.46716
08/23/2020 19:09:38 - INFO: Mini batch Iter: 2 reg_loss= 0.00000
08/23/2020 19:09:38 - INFO: Time for Mini batch : 21.1100699902
08/23/2020 19:09:59 - INFO: Mini batch Iter: 3 train_loss= 12.46957
08/23/2020 19:09:59 - INFO: Mini batch Iter: 3 graph_loss= 12.46957
08/23/2020 19:09:59 - INFO: Mini batch Iter: 3 reg_loss= 0.00000
08/23/2020 19:09:59 - INFO: Time for Mini batch : 20.7281870842
08/23/2020 19:10:21 - INFO: Mini batch Iter: 4 train_loss= 12.45539
08/23/2020 19:10:21 - INFO: Mini batch Iter: 4 graph_loss= 12.45539
08/23/2020 19:10:21 - INFO: Mini batch Iter: 4 reg_loss= 0.00000
08/23/2020 19:10:21 - INFO: Time for Mini batch : 20.8933110237
08/23/2020 19:10:43 - INFO: Mini batch Iter: 5 train_loss= 12.45569
08/23/2020 19:10:43 - INFO: Mini batch Iter: 5 graph_loss= 12.45569
08/23/2020 19:10:43 - INFO: Mini batch Iter: 5 reg_loss= 0.00000
08/23/2020 19:10:43 - INFO: Time for Mini batch : 21.2523961067
08/23/2020 19:11:05 - INFO: Mini batch Iter: 6 train_loss= 12.45502
08/23/2020 19:11:05 - INFO: Mini batch Iter: 6 graph_loss= 12.45502
08/23/2020 19:11:05 - INFO: Mini batch Iter: 6 reg_loss= 0.00000
08/23/2020 19:11:05 - INFO: Time for Mini batch : 21.587941885
08/23/2020 19:11:27 - INFO: Mini batch Iter: 7 train_loss= 12.45969
08/23/2020 19:11:27 - INFO: Mini batch Iter: 7 graph_loss= 12.45969
08/23/2020 19:11:27 - INFO: Mini batch Iter: 7 reg_loss= 0.00000
08/23/2020 19:11:27 - INFO: Time for Mini batch : 21.6889190674
08/23/2020 19:11:52 - INFO: Mini batch Iter: 8 train_loss= 12.45860
08/23/2020 19:11:52 - INFO: Mini batch Iter: 8 graph_loss= 12.45860
08/23/2020 19:11:52 - INFO: Mini batch Iter: 8 reg_loss= 0.00000
08/23/2020 19:11:52 - INFO: Time for Mini batch : 23.540571928
08/23/2020 19:12:15 - INFO: Mini batch Iter: 9 train_loss= 12.45510
08/23/2020 19:12:15 - INFO: Mini batch Iter: 9 graph_loss= 12.45510
08/23/2020 19:12:15 - INFO: Mini batch Iter: 9 reg_loss= 0.00000
08/23/2020 19:12:15 - INFO: Time for Mini batch : 23.2103970051
08/23/2020 19:12:15 - INFO: Time for epoch : 216.501901865
08/23/2020 19:12:34 - INFO: Val results at epoch 3: Measure (HAD) AUC: 0.71628931359
08/23/2020 19:12:34 - INFO: Test results at epoch 3: Measure (HAD) AUC: 0.705432136851
08/23/2020 19:12:56 - INFO: Mini batch Iter: 0 train_loss= 12.44957
08/23/2020 19:12:56 - INFO: Mini batch Iter: 0 graph_loss= 12.44957
08/23/2020 19:12:56 - INFO: Mini batch Iter: 0 reg_loss= 0.00000
08/23/2020 19:12:56 - INFO: Time for Mini batch : 21.0751588345
08/23/2020 19:13:20 - INFO: Mini batch Iter: 1 train_loss= 12.46964
08/23/2020 19:13:20 - INFO: Mini batch Iter: 1 graph_loss= 12.46964
08/23/2020 19:13:20 - INFO: Mini batch Iter: 1 reg_loss= 0.00000
08/23/2020 19:13:20 - INFO: Time for Mini batch : 23.7429668903
08/23/2020 19:13:41 - INFO: Mini batch Iter: 2 train_loss= 12.46434
08/23/2020 19:13:41 - INFO: Mini batch Iter: 2 graph_loss= 12.46434
08/23/2020 19:13:41 - INFO: Mini batch Iter: 2 reg_loss= 0.00000
08/23/2020 19:13:41 - INFO: Time for Mini batch : 19.8767650127
08/23/2020 19:14:01 - INFO: Mini batch Iter: 3 train_loss= 12.46150
08/23/2020 19:14:01 - INFO: Mini batch Iter: 3 graph_loss= 12.46150
08/23/2020 19:14:01 - INFO: Mini batch Iter: 3 reg_loss= 0.00000
08/23/2020 19:14:01 - INFO: Time for Mini batch : 19.5357711315
08/23/2020 19:14:22 - INFO: Mini batch Iter: 4 train_loss= 12.44513
08/23/2020 19:14:22 - INFO: Mini batch Iter: 4 graph_loss= 12.44513
08/23/2020 19:14:22 - INFO: Mini batch Iter: 4 reg_loss= 0.00000
08/23/2020 19:14:22 - INFO: Time for Mini batch : 20.884100914
08/23/2020 19:14:44 - INFO: Mini batch Iter: 5 train_loss= 12.45945
08/23/2020 19:14:44 - INFO: Mini batch Iter: 5 graph_loss= 12.45945
08/23/2020 19:14:44 - INFO: Mini batch Iter: 5 reg_loss= 0.00000
08/23/2020 19:14:44 - INFO: Time for Mini batch : 20.906578064
08/23/2020 19:15:05 - INFO: Mini batch Iter: 6 train_loss= 12.45183
08/23/2020 19:15:05 - INFO: Mini batch Iter: 6 graph_loss= 12.45183
08/23/2020 19:15:05 - INFO: Mini batch Iter: 6 reg_loss= 0.00000
08/23/2020 19:15:05 - INFO: Time for Mini batch : 20.3597810268
08/23/2020 19:15:25 - INFO: Mini batch Iter: 7 train_loss= 12.45651
08/23/2020 19:15:25 - INFO: Mini batch Iter: 7 graph_loss= 12.45651
08/23/2020 19:15:25 - INFO: Mini batch Iter: 7 reg_loss= 0.00000
08/23/2020 19:15:25 - INFO: Time for Mini batch : 20.0311210155
08/23/2020 19:15:46 - INFO: Mini batch Iter: 8 train_loss= 12.46214
08/23/2020 19:15:46 - INFO: Mini batch Iter: 8 graph_loss= 12.46214
08/23/2020 19:15:46 - INFO: Mini batch Iter: 8 reg_loss= 0.00000
08/23/2020 19:15:46 - INFO: Time for Mini batch : 19.7866120338
08/23/2020 19:16:06 - INFO: Mini batch Iter: 9 train_loss= 12.45961
08/23/2020 19:16:06 - INFO: Mini batch Iter: 9 graph_loss= 12.45961
08/23/2020 19:16:06 - INFO: Mini batch Iter: 9 reg_loss= 0.00000
08/23/2020 19:16:06 - INFO: Time for Mini batch : 20.0395560265
08/23/2020 19:16:06 - INFO: Time for epoch : 206.196225405
08/23/2020 19:16:22 - INFO: Val results at epoch 4: Measure (HAD) AUC: 0.722867883379
08/23/2020 19:16:22 - INFO: Test results at epoch 4: Measure (HAD) AUC: 0.711970464429
08/23/2020 19:16:44 - INFO: Mini batch Iter: 0 train_loss= 12.44451
08/23/2020 19:16:44 - INFO: Mini batch Iter: 0 graph_loss= 12.44451
08/23/2020 19:16:44 - INFO: Mini batch Iter: 0 reg_loss= 0.00000
08/23/2020 19:16:44 - INFO: Time for Mini batch : 20.7917318344
08/23/2020 19:17:04 - INFO: Mini batch Iter: 1 train_loss= 12.44425
08/23/2020 19:17:04 - INFO: Mini batch Iter: 1 graph_loss= 12.44425
08/23/2020 19:17:04 - INFO: Mini batch Iter: 1 reg_loss= 0.00000
08/23/2020 19:17:04 - INFO: Time for Mini batch : 19.9899260998
08/23/2020 19:17:26 - INFO: Mini batch Iter: 2 train_loss= 12.45834
08/23/2020 19:17:26 - INFO: Mini batch Iter: 2 graph_loss= 12.45834
08/23/2020 19:17:26 - INFO: Mini batch Iter: 2 reg_loss= 0.00000
08/23/2020 19:17:26 - INFO: Time for Mini batch : 21.2877049446
08/23/2020 19:17:47 - INFO: Mini batch Iter: 3 train_loss= 12.43325
08/23/2020 19:17:47 - INFO: Mini batch Iter: 3 graph_loss= 12.43325
08/23/2020 19:17:47 - INFO: Mini batch Iter: 3 reg_loss= 0.00000
08/23/2020 19:17:47 - INFO: Time for Mini batch : 20.3272020817
08/23/2020 19:18:08 - INFO: Mini batch Iter: 4 train_loss= 12.45483
08/23/2020 19:18:08 - INFO: Mini batch Iter: 4 graph_loss= 12.45483
08/23/2020 19:18:08 - INFO: Mini batch Iter: 4 reg_loss= 0.00000
08/23/2020 19:18:08 - INFO: Time for Mini batch : 19.7450420856
08/23/2020 19:18:28 - INFO: Mini batch Iter: 5 train_loss= 12.44796
08/23/2020 19:18:28 - INFO: Mini batch Iter: 5 graph_loss= 12.44796
08/23/2020 19:18:28 - INFO: Mini batch Iter: 5 reg_loss= 0.00000
08/23/2020 19:18:28 - INFO: Time for Mini batch : 19.8105800152
08/23/2020 19:18:48 - INFO: Mini batch Iter: 6 train_loss= 12.43991
08/23/2020 19:18:48 - INFO: Mini batch Iter: 6 graph_loss= 12.43991
08/23/2020 19:18:48 - INFO: Mini batch Iter: 6 reg_loss= 0.00000
08/23/2020 19:18:48 - INFO: Time for Mini batch : 19.6794359684
08/23/2020 19:19:09 - INFO: Mini batch Iter: 7 train_loss= 12.43866
08/23/2020 19:19:09 - INFO: Mini batch Iter: 7 graph_loss= 12.43866
08/23/2020 19:19:09 - INFO: Mini batch Iter: 7 reg_loss= 0.00000
08/23/2020 19:19:09 - INFO: Time for Mini batch : 20.1275169849
08/23/2020 19:19:31 - INFO: Mini batch Iter: 8 train_loss= 12.45296
08/23/2020 19:19:31 - INFO: Mini batch Iter: 8 graph_loss= 12.45296
08/23/2020 19:19:31 - INFO: Mini batch Iter: 8 reg_loss= 0.00000
08/23/2020 19:19:31 - INFO: Time for Mini batch : 21.2637560368
08/23/2020 19:19:52 - INFO: Mini batch Iter: 9 train_loss= 12.44141
08/23/2020 19:19:52 - INFO: Mini batch Iter: 9 graph_loss= 12.44141
08/23/2020 19:19:52 - INFO: Mini batch Iter: 9 reg_loss= 0.00000
08/23/2020 19:19:52 - INFO: Time for Mini batch : 20.9887390137
08/23/2020 19:19:52 - INFO: Time for epoch : 203.96647644
08/23/2020 19:20:09 - INFO: Val results at epoch 5: Measure (HAD) AUC: 0.732247905188
08/23/2020 19:20:09 - INFO: Test results at epoch 5: Measure (HAD) AUC: 0.722156454935
08/23/2020 19:20:29 - INFO: Mini batch Iter: 0 train_loss= 12.43445
08/23/2020 19:20:29 - INFO: Mini batch Iter: 0 graph_loss= 12.43445
08/23/2020 19:20:29 - INFO: Mini batch Iter: 0 reg_loss= 0.00000
08/23/2020 19:20:29 - INFO: Time for Mini batch : 19.6476430893
08/23/2020 19:20:49 - INFO: Mini batch Iter: 1 train_loss= 12.43341
08/23/2020 19:20:49 - INFO: Mini batch Iter: 1 graph_loss= 12.43341
08/23/2020 19:20:49 - INFO: Mini batch Iter: 1 reg_loss= 0.00000
08/23/2020 19:20:49 - INFO: Time for Mini batch : 19.3999681473
08/23/2020 19:21:09 - INFO: Mini batch Iter: 2 train_loss= 12.42876
08/23/2020 19:21:09 - INFO: Mini batch Iter: 2 graph_loss= 12.42876
08/23/2020 19:21:09 - INFO: Mini batch Iter: 2 reg_loss= 0.00000
08/23/2020 19:21:09 - INFO: Time for Mini batch : 19.723195076
08/23/2020 19:21:30 - INFO: Mini batch Iter: 3 train_loss= 12.43274
08/23/2020 19:21:30 - INFO: Mini batch Iter: 3 graph_loss= 12.43274
08/23/2020 19:21:30 - INFO: Mini batch Iter: 3 reg_loss= 0.00000
08/23/2020 19:21:30 - INFO: Time for Mini batch : 19.7485249043
08/23/2020 19:21:50 - INFO: Mini batch Iter: 4 train_loss= 12.43950
08/23/2020 19:21:50 - INFO: Mini batch Iter: 4 graph_loss= 12.43950
08/23/2020 19:21:50 - INFO: Mini batch Iter: 4 reg_loss= 0.00000
08/23/2020 19:21:50 - INFO: Time for Mini batch : 20.0253109932
08/23/2020 19:22:10 - INFO: Mini batch Iter: 5 train_loss= 12.42533
08/23/2020 19:22:10 - INFO: Mini batch Iter: 5 graph_loss= 12.42533
08/23/2020 19:22:10 - INFO: Mini batch Iter: 5 reg_loss= 0.00000
08/23/2020 19:22:10 - INFO: Time for Mini batch : 19.6378641129
08/23/2020 19:22:31 - INFO: Mini batch Iter: 6 train_loss= 12.41523
08/23/2020 19:22:31 - INFO: Mini batch Iter: 6 graph_loss= 12.41523
08/23/2020 19:22:31 - INFO: Mini batch Iter: 6 reg_loss= 0.00000
08/23/2020 19:22:31 - INFO: Time for Mini batch : 20.2720909119
08/23/2020 19:22:52 - INFO: Mini batch Iter: 7 train_loss= 12.41157
08/23/2020 19:22:52 - INFO: Mini batch Iter: 7 graph_loss= 12.41157
08/23/2020 19:22:52 - INFO: Mini batch Iter: 7 reg_loss= 0.00000
08/23/2020 19:22:52 - INFO: Time for Mini batch : 19.7249090672
08/23/2020 19:23:12 - INFO: Mini batch Iter: 8 train_loss= 12.41433
08/23/2020 19:23:12 - INFO: Mini batch Iter: 8 graph_loss= 12.41433
08/23/2020 19:23:12 - INFO: Mini batch Iter: 8 reg_loss= 0.00000
08/23/2020 19:23:12 - INFO: Time for Mini batch : 19.7282421589
08/23/2020 19:23:32 - INFO: Mini batch Iter: 9 train_loss= 12.43062
08/23/2020 19:23:32 - INFO: Mini batch Iter: 9 graph_loss= 12.43062
08/23/2020 19:23:32 - INFO: Mini batch Iter: 9 reg_loss= 0.00000
08/23/2020 19:23:32 - INFO: Time for Mini batch : 20.4217681885
08/23/2020 19:23:32 - INFO: Time for epoch : 198.284533739
08/23/2020 19:23:49 - INFO: Val results at epoch 6: Measure (HAD) AUC: 0.739940240473
08/23/2020 19:23:49 - INFO: Test results at epoch 6: Measure (HAD) AUC: 0.729105872285
08/23/2020 19:24:09 - INFO: Mini batch Iter: 0 train_loss= 12.41693
08/23/2020 19:24:09 - INFO: Mini batch Iter: 0 graph_loss= 12.41693
08/23/2020 19:24:09 - INFO: Mini batch Iter: 0 reg_loss= 0.00000
08/23/2020 19:24:09 - INFO: Time for Mini batch : 20.0018978119
08/23/2020 19:24:30 - INFO: Mini batch Iter: 1 train_loss= 12.41937
08/23/2020 19:24:30 - INFO: Mini batch Iter: 1 graph_loss= 12.41937
08/23/2020 19:24:30 - INFO: Mini batch Iter: 1 reg_loss= 0.00000
08/23/2020 19:24:30 - INFO: Time for Mini batch : 19.7292370796
08/23/2020 19:24:50 - INFO: Mini batch Iter: 2 train_loss= 12.42343
08/23/2020 19:24:50 - INFO: Mini batch Iter: 2 graph_loss= 12.42343
08/23/2020 19:24:50 - INFO: Mini batch Iter: 2 reg_loss= 0.00000
08/23/2020 19:24:50 - INFO: Time for Mini batch : 19.7295539379
08/23/2020 19:25:10 - INFO: Mini batch Iter: 3 train_loss= 12.42812
08/23/2020 19:25:10 - INFO: Mini batch Iter: 3 graph_loss= 12.42812
08/23/2020 19:25:10 - INFO: Mini batch Iter: 3 reg_loss= 0.00000
08/23/2020 19:25:10 - INFO: Time for Mini batch : 19.7674100399
08/23/2020 19:25:31 - INFO: Mini batch Iter: 4 train_loss= 12.41742
08/23/2020 19:25:31 - INFO: Mini batch Iter: 4 graph_loss= 12.41742
08/23/2020 19:25:31 - INFO: Mini batch Iter: 4 reg_loss= 0.00000
08/23/2020 19:25:31 - INFO: Time for Mini batch : 20.1247360706
08/23/2020 19:25:52 - INFO: Mini batch Iter: 5 train_loss= 12.39968
08/23/2020 19:25:52 - INFO: Mini batch Iter: 5 graph_loss= 12.39968
08/23/2020 19:25:52 - INFO: Mini batch Iter: 5 reg_loss= 0.00000
08/23/2020 19:25:52 - INFO: Time for Mini batch : 20.3310010433
08/23/2020 19:26:12 - INFO: Mini batch Iter: 6 train_loss= 12.40890
08/23/2020 19:26:12 - INFO: Mini batch Iter: 6 graph_loss= 12.40890
08/23/2020 19:26:12 - INFO: Mini batch Iter: 6 reg_loss= 0.00000
08/23/2020 19:26:12 - INFO: Time for Mini batch : 19.9263379574
08/23/2020 19:26:32 - INFO: Mini batch Iter: 7 train_loss= 12.40498
08/23/2020 19:26:32 - INFO: Mini batch Iter: 7 graph_loss= 12.40498
08/23/2020 19:26:32 - INFO: Mini batch Iter: 7 reg_loss= 0.00000
08/23/2020 19:26:32 - INFO: Time for Mini batch : 19.3615660667
08/23/2020 19:26:52 - INFO: Mini batch Iter: 8 train_loss= 12.37868
08/23/2020 19:26:52 - INFO: Mini batch Iter: 8 graph_loss= 12.37868
08/23/2020 19:26:52 - INFO: Mini batch Iter: 8 reg_loss= 0.00000
08/23/2020 19:26:52 - INFO: Time for Mini batch : 18.9404108524
08/23/2020 19:27:11 - INFO: Mini batch Iter: 9 train_loss= 12.39280
08/23/2020 19:27:11 - INFO: Mini batch Iter: 9 graph_loss= 12.39280
08/23/2020 19:27:11 - INFO: Mini batch Iter: 9 reg_loss= 0.00000
08/23/2020 19:27:11 - INFO: Time for Mini batch : 19.3159179688
08/23/2020 19:27:11 - INFO: Time for epoch : 197.180938005
08/23/2020 19:27:27 - INFO: Val results at epoch 7: Measure (HAD) AUC: 0.74527322228
08/23/2020 19:27:27 - INFO: Test results at epoch 7: Measure (HAD) AUC: 0.732081322334
08/23/2020 19:27:47 - INFO: Mini batch Iter: 0 train_loss= 12.40945
08/23/2020 19:27:47 - INFO: Mini batch Iter: 0 graph_loss= 12.40945
08/23/2020 19:27:47 - INFO: Mini batch Iter: 0 reg_loss= 0.00000
08/23/2020 19:27:47 - INFO: Time for Mini batch : 19.7013671398
08/23/2020 19:28:07 - INFO: Mini batch Iter: 1 train_loss= 12.39903
08/23/2020 19:28:07 - INFO: Mini batch Iter: 1 graph_loss= 12.39903
08/23/2020 19:28:07 - INFO: Mini batch Iter: 1 reg_loss= 0.00000
08/23/2020 19:28:07 - INFO: Time for Mini batch : 18.7495048046
08/23/2020 19:28:27 - INFO: Mini batch Iter: 2 train_loss= 12.40455
08/23/2020 19:28:27 - INFO: Mini batch Iter: 2 graph_loss= 12.40455
08/23/2020 19:28:27 - INFO: Mini batch Iter: 2 reg_loss= 0.00000
08/23/2020 19:28:27 - INFO: Time for Mini batch : 19.4240047932
08/23/2020 19:28:46 - INFO: Mini batch Iter: 3 train_loss= 12.41125
08/23/2020 19:28:46 - INFO: Mini batch Iter: 3 graph_loss= 12.41125
08/23/2020 19:28:46 - INFO: Mini batch Iter: 3 reg_loss= 0.00000
08/23/2020 19:28:46 - INFO: Time for Mini batch : 19.0371110439
08/23/2020 19:29:06 - INFO: Mini batch Iter: 4 train_loss= 12.38061
08/23/2020 19:29:06 - INFO: Mini batch Iter: 4 graph_loss= 12.38061
08/23/2020 19:29:06 - INFO: Mini batch Iter: 4 reg_loss= 0.00000
08/23/2020 19:29:06 - INFO: Time for Mini batch : 19.2253639698
08/23/2020 19:29:26 - INFO: Mini batch Iter: 5 train_loss= 12.39524
08/23/2020 19:29:26 - INFO: Mini batch Iter: 5 graph_loss= 12.39524
08/23/2020 19:29:26 - INFO: Mini batch Iter: 5 reg_loss= 0.00000
08/23/2020 19:29:26 - INFO: Time for Mini batch : 19.0721180439
08/23/2020 19:29:46 - INFO: Mini batch Iter: 6 train_loss= 12.39783
08/23/2020 19:29:46 - INFO: Mini batch Iter: 6 graph_loss= 12.39783
08/23/2020 19:29:46 - INFO: Mini batch Iter: 6 reg_loss= 0.00000
08/23/2020 19:29:46 - INFO: Time for Mini batch : 19.6007080078
08/23/2020 19:30:05 - INFO: Mini batch Iter: 7 train_loss= 12.38792
08/23/2020 19:30:05 - INFO: Mini batch Iter: 7 graph_loss= 12.38792
08/23/2020 19:30:05 - INFO: Mini batch Iter: 7 reg_loss= 0.00000
08/23/2020 19:30:05 - INFO: Time for Mini batch : 18.8319292068
08/23/2020 19:30:25 - INFO: Mini batch Iter: 8 train_loss= 12.36573
08/23/2020 19:30:25 - INFO: Mini batch Iter: 8 graph_loss= 12.36573
08/23/2020 19:30:25 - INFO: Mini batch Iter: 8 reg_loss= 0.00000
08/23/2020 19:30:25 - INFO: Time for Mini batch : 18.8442480564
08/23/2020 19:30:44 - INFO: Mini batch Iter: 9 train_loss= 12.40383
08/23/2020 19:30:44 - INFO: Mini batch Iter: 9 graph_loss= 12.40383
08/23/2020 19:30:44 - INFO: Mini batch Iter: 9 reg_loss= 0.00000
08/23/2020 19:30:44 - INFO: Time for Mini batch : 18.8371908665
08/23/2020 19:30:44 - INFO: Time for epoch : 191.282730818
08/23/2020 19:30:59 - INFO: Val results at epoch 8: Measure (HAD) AUC: 0.745826518021
08/23/2020 19:30:59 - INFO: Test results at epoch 8: Measure (HAD) AUC: 0.728498840669
08/23/2020 19:31:18 - INFO: Mini batch Iter: 0 train_loss= 12.39625
08/23/2020 19:31:18 - INFO: Mini batch Iter: 0 graph_loss= 12.39625
08/23/2020 19:31:18 - INFO: Mini batch Iter: 0 reg_loss= 0.00000
08/23/2020 19:31:18 - INFO: Time for Mini batch : 18.7155981064
08/23/2020 19:31:38 - INFO: Mini batch Iter: 1 train_loss= 12.35310
08/23/2020 19:31:38 - INFO: Mini batch Iter: 1 graph_loss= 12.35310
08/23/2020 19:31:38 - INFO: Mini batch Iter: 1 reg_loss= 0.00000
08/23/2020 19:31:38 - INFO: Time for Mini batch : 19.2973661423
08/23/2020 19:31:58 - INFO: Mini batch Iter: 2 train_loss= 12.36272
08/23/2020 19:31:58 - INFO: Mini batch Iter: 2 graph_loss= 12.36272
08/23/2020 19:31:58 - INFO: Mini batch Iter: 2 reg_loss= 0.00000
08/23/2020 19:31:58 - INFO: Time for Mini batch : 18.8002021313
08/23/2020 19:32:18 - INFO: Mini batch Iter: 3 train_loss= 12.35287
08/23/2020 19:32:18 - INFO: Mini batch Iter: 3 graph_loss= 12.35287
08/23/2020 19:32:18 - INFO: Mini batch Iter: 3 reg_loss= 0.00000
08/23/2020 19:32:18 - INFO: Time for Mini batch : 19.8322370052
08/23/2020 19:32:38 - INFO: Mini batch Iter: 4 train_loss= 12.35738
08/23/2020 19:32:38 - INFO: Mini batch Iter: 4 graph_loss= 12.35738
08/23/2020 19:32:38 - INFO: Mini batch Iter: 4 reg_loss= 0.00000
08/23/2020 19:32:38 - INFO: Time for Mini batch : 19.6891560555
08/23/2020 19:32:58 - INFO: Mini batch Iter: 5 train_loss= 12.37494
08/23/2020 19:32:58 - INFO: Mini batch Iter: 5 graph_loss= 12.37494
08/23/2020 19:32:58 - INFO: Mini batch Iter: 5 reg_loss= 0.00000
08/23/2020 19:32:58 - INFO: Time for Mini batch : 19.5530622005
08/23/2020 19:33:18 - INFO: Mini batch Iter: 6 train_loss= 12.34668
08/23/2020 19:33:18 - INFO: Mini batch Iter: 6 graph_loss= 12.34668
08/23/2020 19:33:18 - INFO: Mini batch Iter: 6 reg_loss= 0.00000
08/23/2020 19:33:18 - INFO: Time for Mini batch : 18.7517530918
08/23/2020 19:33:38 - INFO: Mini batch Iter: 7 train_loss= 12.33372
08/23/2020 19:33:38 - INFO: Mini batch Iter: 7 graph_loss= 12.33372
08/23/2020 19:33:38 - INFO: Mini batch Iter: 7 reg_loss= 0.00000
08/23/2020 19:33:38 - INFO: Time for Mini batch : 19.4326319695
08/23/2020 19:33:57 - INFO: Mini batch Iter: 8 train_loss= 12.37678
08/23/2020 19:33:57 - INFO: Mini batch Iter: 8 graph_loss= 12.37678
08/23/2020 19:33:57 - INFO: Mini batch Iter: 8 reg_loss= 0.00000
08/23/2020 19:33:57 - INFO: Time for Mini batch : 19.2832889557
08/23/2020 19:34:17 - INFO: Mini batch Iter: 9 train_loss= 12.35241
08/23/2020 19:34:17 - INFO: Mini batch Iter: 9 graph_loss= 12.35241
08/23/2020 19:34:17 - INFO: Mini batch Iter: 9 reg_loss= 0.00000
08/23/2020 19:34:17 - INFO: Time for Mini batch : 19.3671011925
08/23/2020 19:34:17 - INFO: Time for epoch : 192.68513608
08/23/2020 19:34:32 - INFO: Val results at epoch 9: Measure (HAD) AUC: 0.743098599633
08/23/2020 19:34:32 - INFO: Test results at epoch 9: Measure (HAD) AUC: 0.722155459802
08/23/2020 19:34:52 - INFO: Mini batch Iter: 0 train_loss= 12.31126
08/23/2020 19:34:52 - INFO: Mini batch Iter: 0 graph_loss= 12.31126
08/23/2020 19:34:52 - INFO: Mini batch Iter: 0 reg_loss= 0.00000
08/23/2020 19:34:52 - INFO: Time for Mini batch : 18.8264279366
08/23/2020 19:35:11 - INFO: Mini batch Iter: 1 train_loss= 12.32376
08/23/2020 19:35:11 - INFO: Mini batch Iter: 1 graph_loss= 12.32376
08/23/2020 19:35:11 - INFO: Mini batch Iter: 1 reg_loss= 0.00000
08/23/2020 19:35:11 - INFO: Time for Mini batch : 18.715734005
08/23/2020 19:35:31 - INFO: Mini batch Iter: 2 train_loss= 12.34436
08/23/2020 19:35:31 - INFO: Mini batch Iter: 2 graph_loss= 12.34436
08/23/2020 19:35:31 - INFO: Mini batch Iter: 2 reg_loss= 0.00000
08/23/2020 19:35:31 - INFO: Time for Mini batch : 19.6166379452
08/23/2020 19:35:50 - INFO: Mini batch Iter: 3 train_loss= 12.32444
08/23/2020 19:35:50 - INFO: Mini batch Iter: 3 graph_loss= 12.32444
08/23/2020 19:35:50 - INFO: Mini batch Iter: 3 reg_loss= 0.00000
08/23/2020 19:35:50 - INFO: Time for Mini batch : 18.7961571217
08/23/2020 19:36:10 - INFO: Mini batch Iter: 4 train_loss= 12.29690
08/23/2020 19:36:10 - INFO: Mini batch Iter: 4 graph_loss= 12.29690
08/23/2020 19:36:10 - INFO: Mini batch Iter: 4 reg_loss= 0.00000
08/23/2020 19:36:10 - INFO: Time for Mini batch : 18.8709659576
08/23/2020 19:36:30 - INFO: Mini batch Iter: 5 train_loss= 12.31565
08/23/2020 19:36:30 - INFO: Mini batch Iter: 5 graph_loss= 12.31565
08/23/2020 19:36:30 - INFO: Mini batch Iter: 5 reg_loss= 0.00000
08/23/2020 19:36:30 - INFO: Time for Mini batch : 19.5706899166
08/23/2020 19:36:50 - INFO: Mini batch Iter: 6 train_loss= 12.33546
08/23/2020 19:36:50 - INFO: Mini batch Iter: 6 graph_loss= 12.33546
08/23/2020 19:36:50 - INFO: Mini batch Iter: 6 reg_loss= 0.00000
08/23/2020 19:36:50 - INFO: Time for Mini batch : 19.4925510883
08/23/2020 19:37:10 - INFO: Mini batch Iter: 7 train_loss= 12.32962
08/23/2020 19:37:10 - INFO: Mini batch Iter: 7 graph_loss= 12.32962
08/23/2020 19:37:10 - INFO: Mini batch Iter: 7 reg_loss= 0.00000
08/23/2020 19:37:10 - INFO: Time for Mini batch : 19.2167410851
08/23/2020 19:37:30 - INFO: Mini batch Iter: 8 train_loss= 12.28183
08/23/2020 19:37:30 - INFO: Mini batch Iter: 8 graph_loss= 12.28183
08/23/2020 19:37:30 - INFO: Mini batch Iter: 8 reg_loss= 0.00000
08/23/2020 19:37:30 - INFO: Time for Mini batch : 19.2269361019
08/23/2020 19:37:49 - INFO: Mini batch Iter: 9 train_loss= 12.30947
08/23/2020 19:37:49 - INFO: Mini batch Iter: 9 graph_loss= 12.30947
08/23/2020 19:37:49 - INFO: Mini batch Iter: 9 reg_loss= 0.00000
08/23/2020 19:37:49 - INFO: Time for Mini batch : 18.90700984
08/23/2020 19:37:49 - INFO: Time for epoch : 191.195439816
08/23/2020 19:38:05 - INFO: Val results at epoch 10: Measure (HAD) AUC: 0.73324778323
08/23/2020 19:38:05 - INFO: Test results at epoch 10: Measure (HAD) AUC: 0.709111246007
08/23/2020 19:38:24 - INFO: Mini batch Iter: 0 train_loss= 12.27935
08/23/2020 19:38:24 - INFO: Mini batch Iter: 0 graph_loss= 12.27935
08/23/2020 19:38:24 - INFO: Mini batch Iter: 0 reg_loss= 0.00000
08/23/2020 19:38:24 - INFO: Time for Mini batch : 18.8646380901
08/23/2020 19:38:43 - INFO: Mini batch Iter: 1 train_loss= 12.30016
08/23/2020 19:38:43 - INFO: Mini batch Iter: 1 graph_loss= 12.30016
08/23/2020 19:38:43 - INFO: Mini batch Iter: 1 reg_loss= 0.00000
08/23/2020 19:38:43 - INFO: Time for Mini batch : 18.7292201519
08/23/2020 19:39:03 - INFO: Mini batch Iter: 2 train_loss= 12.25830
08/23/2020 19:39:03 - INFO: Mini batch Iter: 2 graph_loss= 12.25830
08/23/2020 19:39:03 - INFO: Mini batch Iter: 2 reg_loss= 0.00000
08/23/2020 19:39:03 - INFO: Time for Mini batch : 18.7967889309
08/23/2020 19:39:23 - INFO: Mini batch Iter: 3 train_loss= 12.27201
08/23/2020 19:39:23 - INFO: Mini batch Iter: 3 graph_loss= 12.27201
08/23/2020 19:39:23 - INFO: Mini batch Iter: 3 reg_loss= 0.00000
08/23/2020 19:39:23 - INFO: Time for Mini batch : 19.6308178902
08/23/2020 19:39:43 - INFO: Mini batch Iter: 4 train_loss= 12.28414
08/23/2020 19:39:43 - INFO: Mini batch Iter: 4 graph_loss= 12.28414
08/23/2020 19:39:43 - INFO: Mini batch Iter: 4 reg_loss= 0.00000
08/23/2020 19:39:43 - INFO: Time for Mini batch : 19.4952120781
08/23/2020 19:40:03 - INFO: Mini batch Iter: 5 train_loss= 12.25519
08/23/2020 19:40:03 - INFO: Mini batch Iter: 5 graph_loss= 12.25519
08/23/2020 19:40:03 - INFO: Mini batch Iter: 5 reg_loss= 0.00000
08/23/2020 19:40:03 - INFO: Time for Mini batch : 19.3793890476
08/23/2020 19:40:23 - INFO: Mini batch Iter: 6 train_loss= 12.24484
08/23/2020 19:40:23 - INFO: Mini batch Iter: 6 graph_loss= 12.24484
08/23/2020 19:40:23 - INFO: Mini batch Iter: 6 reg_loss= 0.00000
08/23/2020 19:40:23 - INFO: Time for Mini batch : 19.8799750805
08/23/2020 19:40:43 - INFO: Mini batch Iter: 7 train_loss= 12.21001
08/23/2020 19:40:43 - INFO: Mini batch Iter: 7 graph_loss= 12.21001
08/23/2020 19:40:43 - INFO: Mini batch Iter: 7 reg_loss= 0.00000
08/23/2020 19:40:43 - INFO: Time for Mini batch : 19.0369820595
08/23/2020 19:41:03 - INFO: Mini batch Iter: 8 train_loss= 12.19956
08/23/2020 19:41:03 - INFO: Mini batch Iter: 8 graph_loss= 12.19956
08/23/2020 19:41:03 - INFO: Mini batch Iter: 8 reg_loss= 0.00000
08/23/2020 19:41:03 - INFO: Time for Mini batch : 19.0880799294
08/23/2020 19:41:23 - INFO: Mini batch Iter: 9 train_loss= 12.24779
08/23/2020 19:41:23 - INFO: Mini batch Iter: 9 graph_loss= 12.24779
08/23/2020 19:41:23 - INFO: Mini batch Iter: 9 reg_loss= 0.00000
08/23/2020 19:41:23 - INFO: Time for Mini batch : 19.8124110699
08/23/2020 19:41:23 - INFO: Time for epoch : 192.66940999
08/23/2020 19:41:39 - INFO: Val results at epoch 11: Measure (HAD) AUC: 0.712198332759
08/23/2020 19:41:39 - INFO: Test results at epoch 11: Measure (HAD) AUC: 0.686744817841
08/23/2020 19:41:58 - INFO: Mini batch Iter: 0 train_loss= 12.20465
08/23/2020 19:41:58 - INFO: Mini batch Iter: 0 graph_loss= 12.20465
08/23/2020 19:41:58 - INFO: Mini batch Iter: 0 reg_loss= 0.00000
08/23/2020 19:41:58 - INFO: Time for Mini batch : 18.9411220551
08/23/2020 19:42:17 - INFO: Mini batch Iter: 1 train_loss= 12.19304
08/23/2020 19:42:17 - INFO: Mini batch Iter: 1 graph_loss= 12.19304
08/23/2020 19:42:17 - INFO: Mini batch Iter: 1 reg_loss= 0.00000
08/23/2020 19:42:17 - INFO: Time for Mini batch : 18.7777440548
08/23/2020 19:42:37 - INFO: Mini batch Iter: 2 train_loss= 12.15679
08/23/2020 19:42:37 - INFO: Mini batch Iter: 2 graph_loss= 12.15679
08/23/2020 19:42:37 - INFO: Mini batch Iter: 2 reg_loss= 0.00000
08/23/2020 19:42:37 - INFO: Time for Mini batch : 18.8150401115
08/23/2020 19:42:57 - INFO: Mini batch Iter: 3 train_loss= 12.18615
08/23/2020 19:42:57 - INFO: Mini batch Iter: 3 graph_loss= 12.18615
08/23/2020 19:42:57 - INFO: Mini batch Iter: 3 reg_loss= 0.00000
08/23/2020 19:42:57 - INFO: Time for Mini batch : 19.2621328831
08/23/2020 19:43:16 - INFO: Mini batch Iter: 4 train_loss= 12.14965
08/23/2020 19:43:16 - INFO: Mini batch Iter: 4 graph_loss= 12.14965
08/23/2020 19:43:16 - INFO: Mini batch Iter: 4 reg_loss= 0.00000
08/23/2020 19:43:16 - INFO: Time for Mini batch : 18.7260808945
08/23/2020 19:43:36 - INFO: Mini batch Iter: 5 train_loss= 12.14938
08/23/2020 19:43:36 - INFO: Mini batch Iter: 5 graph_loss= 12.14938
08/23/2020 19:43:36 - INFO: Mini batch Iter: 5 reg_loss= 0.00000
08/23/2020 19:43:36 - INFO: Time for Mini batch : 19.2097091675
08/23/2020 19:43:55 - INFO: Mini batch Iter: 6 train_loss= 12.16695
08/23/2020 19:43:55 - INFO: Mini batch Iter: 6 graph_loss= 12.16695
08/23/2020 19:43:55 - INFO: Mini batch Iter: 6 reg_loss= 0.00000
08/23/2020 19:43:55 - INFO: Time for Mini batch : 19.0188570023
08/23/2020 19:44:14 - INFO: Mini batch Iter: 7 train_loss= 12.18237
08/23/2020 19:44:14 - INFO: Mini batch Iter: 7 graph_loss= 12.18237
08/23/2020 19:44:14 - INFO: Mini batch Iter: 7 reg_loss= 0.00000
08/23/2020 19:44:14 - INFO: Time for Mini batch : 18.787582159
08/23/2020 19:44:34 - INFO: Mini batch Iter: 8 train_loss= 12.15123
08/23/2020 19:44:34 - INFO: Mini batch Iter: 8 graph_loss= 12.15123
08/23/2020 19:44:34 - INFO: Mini batch Iter: 8 reg_loss= 0.00000
08/23/2020 19:44:34 - INFO: Time for Mini batch : 18.8064761162
08/23/2020 19:44:53 - INFO: Mini batch Iter: 9 train_loss= 12.14257
08/23/2020 19:44:53 - INFO: Mini batch Iter: 9 graph_loss= 12.14257
08/23/2020 19:44:53 - INFO: Mini batch Iter: 9 reg_loss= 0.00000
08/23/2020 19:44:53 - INFO: Time for Mini batch : 19.114841938
08/23/2020 19:44:53 - INFO: Time for epoch : 189.416949511
08/23/2020 19:45:08 - INFO: Val results at epoch 12: Measure (HAD) AUC: 0.700691216139
08/23/2020 19:45:08 - INFO: Test results at epoch 12: Measure (HAD) AUC: 0.673576908915
08/23/2020 19:45:29 - INFO: Mini batch Iter: 0 train_loss= 12.14579
08/23/2020 19:45:29 - INFO: Mini batch Iter: 0 graph_loss= 12.14579
08/23/2020 19:45:29 - INFO: Mini batch Iter: 0 reg_loss= 0.00000
08/23/2020 19:45:29 - INFO: Time for Mini batch : 19.4771621227
08/23/2020 19:45:48 - INFO: Mini batch Iter: 1 train_loss= 12.14146
08/23/2020 19:45:48 - INFO: Mini batch Iter: 1 graph_loss= 12.14146
08/23/2020 19:45:48 - INFO: Mini batch Iter: 1 reg_loss= 0.00000
08/23/2020 19:45:48 - INFO: Time for Mini batch : 18.750275135
08/23/2020 19:46:07 - INFO: Mini batch Iter: 2 train_loss= 12.13418
08/23/2020 19:46:07 - INFO: Mini batch Iter: 2 graph_loss= 12.13418
08/23/2020 19:46:07 - INFO: Mini batch Iter: 2 reg_loss= 0.00000
08/23/2020 19:46:07 - INFO: Time for Mini batch : 18.675994873
08/23/2020 19:46:26 - INFO: Mini batch Iter: 3 train_loss= 12.11862
08/23/2020 19:46:26 - INFO: Mini batch Iter: 3 graph_loss= 12.11862
08/23/2020 19:46:26 - INFO: Mini batch Iter: 3 reg_loss= 0.00000
08/23/2020 19:46:26 - INFO: Time for Mini batch : 18.9476408958
08/23/2020 19:46:46 - INFO: Mini batch Iter: 4 train_loss= 12.07601
08/23/2020 19:46:46 - INFO: Mini batch Iter: 4 graph_loss= 12.07601
08/23/2020 19:46:46 - INFO: Mini batch Iter: 4 reg_loss= 0.00000
08/23/2020 19:46:46 - INFO: Time for Mini batch : 18.8116390705
08/23/2020 19:47:05 - INFO: Mini batch Iter: 5 train_loss= 12.08490
08/23/2020 19:47:05 - INFO: Mini batch Iter: 5 graph_loss= 12.08490
08/23/2020 19:47:05 - INFO: Mini batch Iter: 5 reg_loss= 0.00000
08/23/2020 19:47:05 - INFO: Time for Mini batch : 19.049574852
08/23/2020 19:47:25 - INFO: Mini batch Iter: 6 train_loss= 12.00877
08/23/2020 19:47:25 - INFO: Mini batch Iter: 6 graph_loss= 12.00877
08/23/2020 19:47:25 - INFO: Mini batch Iter: 6 reg_loss= 0.00000
08/23/2020 19:47:25 - INFO: Time for Mini batch : 19.4160821438
08/23/2020 19:47:46 - INFO: Mini batch Iter: 7 train_loss= 12.06161
08/23/2020 19:47:46 - INFO: Mini batch Iter: 7 graph_loss= 12.06161
08/23/2020 19:47:46 - INFO: Mini batch Iter: 7 reg_loss= 0.00000
08/23/2020 19:47:46 - INFO: Time for Mini batch : 19.7387580872
08/23/2020 19:48:06 - INFO: Mini batch Iter: 8 train_loss= 12.02190
08/23/2020 19:48:06 - INFO: Mini batch Iter: 8 graph_loss= 12.02190
08/23/2020 19:48:06 - INFO: Mini batch Iter: 8 reg_loss= 0.00000
08/23/2020 19:48:06 - INFO: Time for Mini batch : 19.1968400478
08/23/2020 19:48:25 - INFO: Mini batch Iter: 9 train_loss= 12.02660
08/23/2020 19:48:25 - INFO: Mini batch Iter: 9 graph_loss= 12.02660
08/23/2020 19:48:25 - INFO: Mini batch Iter: 9 reg_loss= 0.00000
08/23/2020 19:48:25 - INFO: Time for Mini batch : 19.1179459095
08/23/2020 19:48:25 - INFO: Time for epoch : 191.138647079
08/23/2020 19:48:41 - INFO: Val results at epoch 13: Measure (HAD) AUC: 0.680077586949
08/23/2020 19:48:41 - INFO: Test results at epoch 13: Measure (HAD) AUC: 0.650299535273
08/23/2020 19:49:00 - INFO: Mini batch Iter: 0 train_loss= 11.98431
08/23/2020 19:49:00 - INFO: Mini batch Iter: 0 graph_loss= 11.98431
08/23/2020 19:49:00 - INFO: Mini batch Iter: 0 reg_loss= 0.00000
08/23/2020 19:49:00 - INFO: Time for Mini batch : 19.1586210728
08/23/2020 19:49:20 - INFO: Mini batch Iter: 1 train_loss= 12.03375
08/23/2020 19:49:20 - INFO: Mini batch Iter: 1 graph_loss= 12.03375
08/23/2020 19:49:20 - INFO: Mini batch Iter: 1 reg_loss= 0.00000
08/23/2020 19:49:20 - INFO: Time for Mini batch : 19.4150421619
08/23/2020 19:49:40 - INFO: Mini batch Iter: 2 train_loss= 12.03044
08/23/2020 19:49:40 - INFO: Mini batch Iter: 2 graph_loss= 12.03044
08/23/2020 19:49:40 - INFO: Mini batch Iter: 2 reg_loss= 0.00000
08/23/2020 19:49:40 - INFO: Time for Mini batch : 18.9204909801
08/23/2020 19:50:00 - INFO: Mini batch Iter: 3 train_loss= 11.95443
08/23/2020 19:50:00 - INFO: Mini batch Iter: 3 graph_loss= 11.95443
08/23/2020 19:50:00 - INFO: Mini batch Iter: 3 reg_loss= 0.00000
08/23/2020 19:50:00 - INFO: Time for Mini batch : 19.2190701962
08/23/2020 19:50:20 - INFO: Mini batch Iter: 4 train_loss= 11.93725
08/23/2020 19:50:20 - INFO: Mini batch Iter: 4 graph_loss= 11.93725
08/23/2020 19:50:20 - INFO: Mini batch Iter: 4 reg_loss= 0.00000
08/23/2020 19:50:20 - INFO: Time for Mini batch : 19.3257329464
08/23/2020 19:50:40 - INFO: Mini batch Iter: 5 train_loss= 12.06197
08/23/2020 19:50:40 - INFO: Mini batch Iter: 5 graph_loss= 12.06197
08/23/2020 19:50:40 - INFO: Mini batch Iter: 5 reg_loss= 0.00000
08/23/2020 19:50:40 - INFO: Time for Mini batch : 19.4656569958
08/23/2020 19:50:59 - INFO: Mini batch Iter: 6 train_loss= 12.01632
08/23/2020 19:50:59 - INFO: Mini batch Iter: 6 graph_loss= 12.01632
08/23/2020 19:50:59 - INFO: Mini batch Iter: 6 reg_loss= 0.00000
08/23/2020 19:50:59 - INFO: Time for Mini batch : 18.8674249649
08/23/2020 19:51:20 - INFO: Mini batch Iter: 7 train_loss= 11.94087
08/23/2020 19:51:20 - INFO: Mini batch Iter: 7 graph_loss= 11.94087
08/23/2020 19:51:20 - INFO: Mini batch Iter: 7 reg_loss= 0.00000
08/23/2020 19:51:20 - INFO: Time for Mini batch : 19.993653059
08/23/2020 19:51:40 - INFO: Mini batch Iter: 8 train_loss= 11.92983
08/23/2020 19:51:40 - INFO: Mini batch Iter: 8 graph_loss= 11.92983
08/23/2020 19:51:40 - INFO: Mini batch Iter: 8 reg_loss= 0.00000
08/23/2020 19:51:40 - INFO: Time for Mini batch : 19.9982030392
08/23/2020 19:52:00 - INFO: Mini batch Iter: 9 train_loss= 11.94439
08/23/2020 19:52:00 - INFO: Mini batch Iter: 9 graph_loss= 11.94439
08/23/2020 19:52:00 - INFO: Mini batch Iter: 9 reg_loss= 0.00000
08/23/2020 19:52:00 - INFO: Time for Mini batch : 19.5292611122
08/23/2020 19:52:00 - INFO: Time for epoch : 193.849448919
08/23/2020 19:52:16 - INFO: Val results at epoch 14: Measure (HAD) AUC: 0.666767102847
08/23/2020 19:52:16 - INFO: Test results at epoch 14: Measure (HAD) AUC: 0.636629879887
08/23/2020 19:52:37 - INFO: Mini batch Iter: 0 train_loss= 11.88152
08/23/2020 19:52:37 - INFO: Mini batch Iter: 0 graph_loss= 11.88152
08/23/2020 19:52:37 - INFO: Mini batch Iter: 0 reg_loss= 0.00000
08/23/2020 19:52:37 - INFO: Time for Mini batch : 19.885010004
08/23/2020 19:52:57 - INFO: Mini batch Iter: 1 train_loss= 11.94423
08/23/2020 19:52:57 - INFO: Mini batch Iter: 1 graph_loss= 11.94423
08/23/2020 19:52:57 - INFO: Mini batch Iter: 1 reg_loss= 0.00000
08/23/2020 19:52:57 - INFO: Time for Mini batch : 20.1383018494
08/23/2020 19:53:18 - INFO: Mini batch Iter: 2 train_loss= 11.88663
08/23/2020 19:53:18 - INFO: Mini batch Iter: 2 graph_loss= 11.88663
08/23/2020 19:53:18 - INFO: Mini batch Iter: 2 reg_loss= 0.00000
08/23/2020 19:53:18 - INFO: Time for Mini batch : 20.1775522232
08/23/2020 19:53:39 - INFO: Mini batch Iter: 3 train_loss= 11.96087
08/23/2020 19:53:39 - INFO: Mini batch Iter: 3 graph_loss= 11.96087
08/23/2020 19:53:39 - INFO: Mini batch Iter: 3 reg_loss= 0.00000
08/23/2020 19:53:39 - INFO: Time for Mini batch : 19.971198082
08/23/2020 19:54:00 - INFO: Mini batch Iter: 4 train_loss= 11.85571
08/23/2020 19:54:00 - INFO: Mini batch Iter: 4 graph_loss= 11.85571
08/23/2020 19:54:00 - INFO: Mini batch Iter: 4 reg_loss= 0.00000
08/23/2020 19:54:00 - INFO: Time for Mini batch : 20.3491351604
08/23/2020 19:54:20 - INFO: Mini batch Iter: 5 train_loss= 11.84217
08/23/2020 19:54:20 - INFO: Mini batch Iter: 5 graph_loss= 11.84217
08/23/2020 19:54:20 - INFO: Mini batch Iter: 5 reg_loss= 0.00000
08/23/2020 19:54:20 - INFO: Time for Mini batch : 20.2734019756
08/23/2020 19:54:41 - INFO: Mini batch Iter: 6 train_loss= 11.78801
08/23/2020 19:54:41 - INFO: Mini batch Iter: 6 graph_loss= 11.78801
08/23/2020 19:54:41 - INFO: Mini batch Iter: 6 reg_loss= 0.00000
08/23/2020 19:54:41 - INFO: Time for Mini batch : 19.8930258751
08/23/2020 19:55:01 - INFO: Mini batch Iter: 7 train_loss= 11.88718
08/23/2020 19:55:01 - INFO: Mini batch Iter: 7 graph_loss= 11.88718
08/23/2020 19:55:01 - INFO: Mini batch Iter: 7 reg_loss= 0.00000
08/23/2020 19:55:01 - INFO: Time for Mini batch : 19.8102269173
08/23/2020 19:55:24 - INFO: Mini batch Iter: 8 train_loss= 11.87475
08/23/2020 19:55:24 - INFO: Mini batch Iter: 8 graph_loss= 11.87475
08/23/2020 19:55:24 - INFO: Mini batch Iter: 8 reg_loss= 0.00000
08/23/2020 19:55:24 - INFO: Time for Mini batch : 21.9769668579
08/23/2020 19:55:44 - INFO: Mini batch Iter: 9 train_loss= 11.85478
08/23/2020 19:55:44 - INFO: Mini batch Iter: 9 graph_loss= 11.85478
08/23/2020 19:55:44 - INFO: Mini batch Iter: 9 reg_loss= 0.00000
08/23/2020 19:55:44 - INFO: Time for Mini batch : 19.6683449745
08/23/2020 19:55:44 - INFO: Time for epoch : 202.100623608
08/23/2020 19:56:01 - INFO: Val results at epoch 15: Measure (HAD) AUC: 0.667936466942
08/23/2020 19:56:01 - INFO: Test results at epoch 15: Measure (HAD) AUC: 0.63532376678
08/23/2020 19:56:21 - INFO: Mini batch Iter: 0 train_loss= 11.85196
08/23/2020 19:56:21 - INFO: Mini batch Iter: 0 graph_loss= 11.85196
08/23/2020 19:56:21 - INFO: Mini batch Iter: 0 reg_loss= 0.00000
08/23/2020 19:56:21 - INFO: Time for Mini batch : 19.5085070133
08/23/2020 19:56:41 - INFO: Mini batch Iter: 1 train_loss= 11.79345
08/23/2020 19:56:41 - INFO: Mini batch Iter: 1 graph_loss= 11.79345
08/23/2020 19:56:41 - INFO: Mini batch Iter: 1 reg_loss= 0.00000
08/23/2020 19:56:41 - INFO: Time for Mini batch : 19.5559871197
08/23/2020 19:57:01 - INFO: Mini batch Iter: 2 train_loss= 11.82348
08/23/2020 19:57:01 - INFO: Mini batch Iter: 2 graph_loss= 11.82348
08/23/2020 19:57:01 - INFO: Mini batch Iter: 2 reg_loss= 0.00000
08/23/2020 19:57:01 - INFO: Time for Mini batch : 19.5743370056
08/23/2020 19:57:22 - INFO: Mini batch Iter: 3 train_loss= 11.84894
08/23/2020 19:57:22 - INFO: Mini batch Iter: 3 graph_loss= 11.84894
08/23/2020 19:57:22 - INFO: Mini batch Iter: 3 reg_loss= 0.00000
08/23/2020 19:57:22 - INFO: Time for Mini batch : 20.37301898
08/23/2020 19:57:43 - INFO: Mini batch Iter: 4 train_loss= 11.87047
08/23/2020 19:57:43 - INFO: Mini batch Iter: 4 graph_loss= 11.87047
08/23/2020 19:57:43 - INFO: Mini batch Iter: 4 reg_loss= 0.00000
08/23/2020 19:57:43 - INFO: Time for Mini batch : 20.0402941704
08/23/2020 19:58:04 - INFO: Mini batch Iter: 5 train_loss= 11.93536
08/23/2020 19:58:04 - INFO: Mini batch Iter: 5 graph_loss= 11.93536
08/23/2020 19:58:04 - INFO: Mini batch Iter: 5 reg_loss= 0.00000
08/23/2020 19:58:04 - INFO: Time for Mini batch : 20.8130230904
08/23/2020 19:58:30 - INFO: Mini batch Iter: 6 train_loss= 11.79434
08/23/2020 19:58:30 - INFO: Mini batch Iter: 6 graph_loss= 11.79434
08/23/2020 19:58:30 - INFO: Mini batch Iter: 6 reg_loss= 0.00000
08/23/2020 19:58:30 - INFO: Time for Mini batch : 25.2667279243
08/23/2020 19:58:53 - INFO: Mini batch Iter: 7 train_loss= 11.79322
08/23/2020 19:58:53 - INFO: Mini batch Iter: 7 graph_loss= 11.79322
08/23/2020 19:58:53 - INFO: Mini batch Iter: 7 reg_loss= 0.00000
08/23/2020 19:58:53 - INFO: Time for Mini batch : 21.9227130413
08/23/2020 19:59:14 - INFO: Mini batch Iter: 8 train_loss= 11.76853
08/23/2020 19:59:14 - INFO: Mini batch Iter: 8 graph_loss= 11.76853
08/23/2020 19:59:14 - INFO: Mini batch Iter: 8 reg_loss= 0.00000
08/23/2020 19:59:14 - INFO: Time for Mini batch : 20.0655939579
08/23/2020 19:59:35 - INFO: Mini batch Iter: 9 train_loss= 11.63461
08/23/2020 19:59:35 - INFO: Mini batch Iter: 9 graph_loss= 11.63461
08/23/2020 19:59:35 - INFO: Mini batch Iter: 9 reg_loss= 0.00000
08/23/2020 19:59:35 - INFO: Time for Mini batch : 21.1442298889
08/23/2020 19:59:35 - INFO: Time for epoch : 208.223504066
08/23/2020 19:59:52 - INFO: Val results at epoch 16: Measure (HAD) AUC: 0.678922570879
08/23/2020 19:59:52 - INFO: Test results at epoch 16: Measure (HAD) AUC: 0.643896943944
08/23/2020 20:00:13 - INFO: Mini batch Iter: 0 train_loss= 11.91918
08/23/2020 20:00:13 - INFO: Mini batch Iter: 0 graph_loss= 11.91918
08/23/2020 20:00:13 - INFO: Mini batch Iter: 0 reg_loss= 0.00000
08/23/2020 20:00:13 - INFO: Time for Mini batch : 20.9682590961
08/23/2020 20:00:33 - INFO: Mini batch Iter: 1 train_loss= 11.81329
08/23/2020 20:00:33 - INFO: Mini batch Iter: 1 graph_loss= 11.81329
08/23/2020 20:00:33 - INFO: Mini batch Iter: 1 reg_loss= 0.00000
08/23/2020 20:00:33 - INFO: Time for Mini batch : 19.1165299416
08/23/2020 20:00:53 - INFO: Mini batch Iter: 2 train_loss= 11.72978
08/23/2020 20:00:53 - INFO: Mini batch Iter: 2 graph_loss= 11.72978
08/23/2020 20:00:53 - INFO: Mini batch Iter: 2 reg_loss= 0.00000
08/23/2020 20:00:53 - INFO: Time for Mini batch : 19.2817561626
08/23/2020 20:01:12 - INFO: Mini batch Iter: 3 train_loss= 11.83635
08/23/2020 20:01:12 - INFO: Mini batch Iter: 3 graph_loss= 11.83635
08/23/2020 20:01:12 - INFO: Mini batch Iter: 3 reg_loss= 0.00000
08/23/2020 20:01:12 - INFO: Time for Mini batch : 19.1016578674
08/23/2020 20:01:33 - INFO: Mini batch Iter: 4 train_loss= 11.72125
08/23/2020 20:01:33 - INFO: Mini batch Iter: 4 graph_loss= 11.72125
08/23/2020 20:01:33 - INFO: Mini batch Iter: 4 reg_loss= 0.00000
08/23/2020 20:01:33 - INFO: Time for Mini batch : 19.7047598362
08/23/2020 20:01:52 - INFO: Mini batch Iter: 5 train_loss= 11.79669
08/23/2020 20:01:52 - INFO: Mini batch Iter: 5 graph_loss= 11.79669
08/23/2020 20:01:52 - INFO: Mini batch Iter: 5 reg_loss= 0.00000
08/23/2020 20:01:52 - INFO: Time for Mini batch : 19.2956840992
08/23/2020 20:02:12 - INFO: Mini batch Iter: 6 train_loss= 11.80482
08/23/2020 20:02:12 - INFO: Mini batch Iter: 6 graph_loss= 11.80482
08/23/2020 20:02:12 - INFO: Mini batch Iter: 6 reg_loss= 0.00000
08/23/2020 20:02:12 - INFO: Time for Mini batch : 19.4446659088
08/23/2020 20:02:33 - INFO: Mini batch Iter: 7 train_loss= 11.72403
08/23/2020 20:02:33 - INFO: Mini batch Iter: 7 graph_loss= 11.72403
08/23/2020 20:02:33 - INFO: Mini batch Iter: 7 reg_loss= 0.00000
08/23/2020 20:02:33 - INFO: Time for Mini batch : 19.888846159
08/23/2020 20:02:54 - INFO: Mini batch Iter: 8 train_loss= 11.75680
08/23/2020 20:02:54 - INFO: Mini batch Iter: 8 graph_loss= 11.75680
08/23/2020 20:02:54 - INFO: Mini batch Iter: 8 reg_loss= 0.00000
08/23/2020 20:02:54 - INFO: Time for Mini batch : 20.0795240402
08/23/2020 20:03:14 - INFO: Mini batch Iter: 9 train_loss= 11.80042
08/23/2020 20:03:14 - INFO: Mini batch Iter: 9 graph_loss= 11.80042
08/23/2020 20:03:14 - INFO: Mini batch Iter: 9 reg_loss= 0.00000
08/23/2020 20:03:14 - INFO: Time for Mini batch : 19.6244308949
08/23/2020 20:03:14 - INFO: Time for epoch : 196.459849596
08/23/2020 20:03:30 - INFO: Val results at epoch 17: Measure (HAD) AUC: 0.677170318239
08/23/2020 20:03:30 - INFO: Test results at epoch 17: Measure (HAD) AUC: 0.64375991402
08/23/2020 20:03:51 - INFO: Mini batch Iter: 0 train_loss= 11.74951
08/23/2020 20:03:51 - INFO: Mini batch Iter: 0 graph_loss= 11.74951
08/23/2020 20:03:51 - INFO: Mini batch Iter: 0 reg_loss= 0.00000
08/23/2020 20:03:51 - INFO: Time for Mini batch : 19.9328429699
08/23/2020 20:04:10 - INFO: Mini batch Iter: 1 train_loss= 11.75200
08/23/2020 20:04:10 - INFO: Mini batch Iter: 1 graph_loss= 11.75200
08/23/2020 20:04:10 - INFO: Mini batch Iter: 1 reg_loss= 0.00000
08/23/2020 20:04:10 - INFO: Time for Mini batch : 19.0003409386
08/23/2020 20:04:30 - INFO: Mini batch Iter: 2 train_loss= 11.78159
08/23/2020 20:04:30 - INFO: Mini batch Iter: 2 graph_loss= 11.78159
08/23/2020 20:04:30 - INFO: Mini batch Iter: 2 reg_loss= 0.00000
08/23/2020 20:04:30 - INFO: Time for Mini batch : 19.3536200523
08/23/2020 20:04:50 - INFO: Mini batch Iter: 3 train_loss= 11.76369
08/23/2020 20:04:50 - INFO: Mini batch Iter: 3 graph_loss= 11.76369
08/23/2020 20:04:50 - INFO: Mini batch Iter: 3 reg_loss= 0.00000
08/23/2020 20:04:50 - INFO: Time for Mini batch : 19.4231979847
08/23/2020 20:05:10 - INFO: Mini batch Iter: 4 train_loss= 11.76329
08/23/2020 20:05:10 - INFO: Mini batch Iter: 4 graph_loss= 11.76329
08/23/2020 20:05:10 - INFO: Mini batch Iter: 4 reg_loss= 0.00000
08/23/2020 20:05:10 - INFO: Time for Mini batch : 19.0337750912
08/23/2020 20:05:29 - INFO: Mini batch Iter: 5 train_loss= 11.86736
08/23/2020 20:05:29 - INFO: Mini batch Iter: 5 graph_loss= 11.86736
08/23/2020 20:05:29 - INFO: Mini batch Iter: 5 reg_loss= 0.00000
08/23/2020 20:05:29 - INFO: Time for Mini batch : 19.3022789955
08/23/2020 20:05:50 - INFO: Mini batch Iter: 6 train_loss= 11.80228
08/23/2020 20:05:50 - INFO: Mini batch Iter: 6 graph_loss= 11.80228
08/23/2020 20:05:50 - INFO: Mini batch Iter: 6 reg_loss= 0.00000
08/23/2020 20:05:50 - INFO: Time for Mini batch : 20.2546129227
08/23/2020 20:06:10 - INFO: Mini batch Iter: 7 train_loss= 11.69833
08/23/2020 20:06:10 - INFO: Mini batch Iter: 7 graph_loss= 11.69833
08/23/2020 20:06:10 - INFO: Mini batch Iter: 7 reg_loss= 0.00000
08/23/2020 20:06:10 - INFO: Time for Mini batch : 19.2157011032
08/23/2020 20:06:30 - INFO: Mini batch Iter: 8 train_loss= 11.66339
08/23/2020 20:06:30 - INFO: Mini batch Iter: 8 graph_loss= 11.66339
08/23/2020 20:06:30 - INFO: Mini batch Iter: 8 reg_loss= 0.00000
08/23/2020 20:06:30 - INFO: Time for Mini batch : 19.1256279945
08/23/2020 20:06:49 - INFO: Mini batch Iter: 9 train_loss= 11.61564
08/23/2020 20:06:49 - INFO: Mini batch Iter: 9 graph_loss= 11.61564
08/23/2020 20:06:49 - INFO: Mini batch Iter: 9 reg_loss= 0.00000
08/23/2020 20:06:49 - INFO: Time for Mini batch : 19.3390209675
08/23/2020 20:06:49 - INFO: Time for epoch : 193.936885357
08/23/2020 20:07:05 - INFO: Val results at epoch 18: Measure (HAD) AUC: 0.676368622303
08/23/2020 20:07:05 - INFO: Test results at epoch 18: Measure (HAD) AUC: 0.648878981779
08/23/2020 20:07:25 - INFO: Mini batch Iter: 0 train_loss= 11.62983
08/23/2020 20:07:25 - INFO: Mini batch Iter: 0 graph_loss= 11.62983
08/23/2020 20:07:25 - INFO: Mini batch Iter: 0 reg_loss= 0.00000
08/23/2020 20:07:25 - INFO: Time for Mini batch : 19.3894619942
08/23/2020 20:07:45 - INFO: Mini batch Iter: 1 train_loss= 11.71690
08/23/2020 20:07:45 - INFO: Mini batch Iter: 1 graph_loss= 11.71690
08/23/2020 20:07:45 - INFO: Mini batch Iter: 1 reg_loss= 0.00000
08/23/2020 20:07:45 - INFO: Time for Mini batch : 19.7166421413
08/23/2020 20:08:05 - INFO: Mini batch Iter: 2 train_loss= 11.76326
08/23/2020 20:08:05 - INFO: Mini batch Iter: 2 graph_loss= 11.76326
08/23/2020 20:08:05 - INFO: Mini batch Iter: 2 reg_loss= 0.00000
08/23/2020 20:08:05 - INFO: Time for Mini batch : 19.2204999924
08/23/2020 20:08:25 - INFO: Mini batch Iter: 3 train_loss= 11.58549
08/23/2020 20:08:25 - INFO: Mini batch Iter: 3 graph_loss= 11.58549
08/23/2020 20:08:25 - INFO: Mini batch Iter: 3 reg_loss= 0.00000
08/23/2020 20:08:25 - INFO: Time for Mini batch : 19.0992870331
08/23/2020 20:08:44 - INFO: Mini batch Iter: 4 train_loss= 11.74903
08/23/2020 20:08:44 - INFO: Mini batch Iter: 4 graph_loss= 11.74903
08/23/2020 20:08:44 - INFO: Mini batch Iter: 4 reg_loss= 0.00000
08/23/2020 20:08:44 - INFO: Time for Mini batch : 19.1341879368
08/23/2020 20:09:04 - INFO: Mini batch Iter: 5 train_loss= 11.74476
08/23/2020 20:09:04 - INFO: Mini batch Iter: 5 graph_loss= 11.74476
08/23/2020 20:09:04 - INFO: Mini batch Iter: 5 reg_loss= 0.00000
08/23/2020 20:09:04 - INFO: Time for Mini batch : 19.5104329586
08/23/2020 20:09:24 - INFO: Mini batch Iter: 6 train_loss= 11.72750
08/23/2020 20:09:24 - INFO: Mini batch Iter: 6 graph_loss= 11.72750
08/23/2020 20:09:24 - INFO: Mini batch Iter: 6 reg_loss= 0.00000
08/23/2020 20:09:24 - INFO: Time for Mini batch : 19.4499940872
08/23/2020 20:09:45 - INFO: Mini batch Iter: 7 train_loss= 11.68164
08/23/2020 20:09:45 - INFO: Mini batch Iter: 7 graph_loss= 11.68164
08/23/2020 20:09:45 - INFO: Mini batch Iter: 7 reg_loss= 0.00000
08/23/2020 20:09:45 - INFO: Time for Mini batch : 20.6774759293
08/23/2020 20:10:06 - INFO: Mini batch Iter: 8 train_loss= 11.66437
08/23/2020 20:10:06 - INFO: Mini batch Iter: 8 graph_loss= 11.66437
08/23/2020 20:10:06 - INFO: Mini batch Iter: 8 reg_loss= 0.00000
08/23/2020 20:10:06 - INFO: Time for Mini batch : 19.9993510246
08/23/2020 20:10:26 - INFO: Mini batch Iter: 9 train_loss= 11.85320
08/23/2020 20:10:26 - INFO: Mini batch Iter: 9 graph_loss= 11.85320
08/23/2020 20:10:26 - INFO: Mini batch Iter: 9 reg_loss= 0.00000
08/23/2020 20:10:26 - INFO: Time for Mini batch : 19.4205749035
08/23/2020 20:10:26 - INFO: Time for epoch : 195.5812819
08/23/2020 20:10:42 - INFO: Val results at epoch 19: Measure (HAD) AUC: 0.682596562213
08/23/2020 20:10:42 - INFO: Test results at epoch 19: Measure (HAD) AUC: 0.653798127158
08/23/2020 20:11:03 - INFO: Mini batch Iter: 0 train_loss= 11.73285
08/23/2020 20:11:03 - INFO: Mini batch Iter: 0 graph_loss= 11.73285
08/23/2020 20:11:03 - INFO: Mini batch Iter: 0 reg_loss= 0.00000
08/23/2020 20:11:03 - INFO: Time for Mini batch : 20.4719030857
08/23/2020 20:11:23 - INFO: Mini batch Iter: 1 train_loss= 11.55943
08/23/2020 20:11:23 - INFO: Mini batch Iter: 1 graph_loss= 11.55943
08/23/2020 20:11:23 - INFO: Mini batch Iter: 1 reg_loss= 0.00000
08/23/2020 20:11:23 - INFO: Time for Mini batch : 19.9001200199
08/23/2020 20:11:44 - INFO: Mini batch Iter: 2 train_loss= 11.91757
08/23/2020 20:11:44 - INFO: Mini batch Iter: 2 graph_loss= 11.91757
08/23/2020 20:11:44 - INFO: Mini batch Iter: 2 reg_loss= 0.00000
08/23/2020 20:11:44 - INFO: Time for Mini batch : 19.8851439953
08/23/2020 20:12:05 - INFO: Mini batch Iter: 3 train_loss= 11.72857
08/23/2020 20:12:05 - INFO: Mini batch Iter: 3 graph_loss= 11.72857
08/23/2020 20:12:05 - INFO: Mini batch Iter: 3 reg_loss= 0.00000
08/23/2020 20:12:05 - INFO: Time for Mini batch : 20.2855110168
08/23/2020 20:12:25 - INFO: Mini batch Iter: 4 train_loss= 11.64560
08/23/2020 20:12:25 - INFO: Mini batch Iter: 4 graph_loss= 11.64560
08/23/2020 20:12:25 - INFO: Mini batch Iter: 4 reg_loss= 0.00000
08/23/2020 20:12:25 - INFO: Time for Mini batch : 19.8161430359
08/23/2020 20:12:45 - INFO: Mini batch Iter: 5 train_loss= 11.74819
08/23/2020 20:12:45 - INFO: Mini batch Iter: 5 graph_loss= 11.74819
08/23/2020 20:12:45 - INFO: Mini batch Iter: 5 reg_loss= 0.00000
08/23/2020 20:12:45 - INFO: Time for Mini batch : 19.7826159
08/23/2020 20:13:07 - INFO: Mini batch Iter: 6 train_loss= 11.62099
08/23/2020 20:13:07 - INFO: Mini batch Iter: 6 graph_loss= 11.62099
08/23/2020 20:13:07 - INFO: Mini batch Iter: 6 reg_loss= 0.00000
08/23/2020 20:13:07 - INFO: Time for Mini batch : 20.6543140411
08/23/2020 20:13:29 - INFO: Mini batch Iter: 7 train_loss= 11.71306
08/23/2020 20:13:29 - INFO: Mini batch Iter: 7 graph_loss= 11.71306
08/23/2020 20:13:29 - INFO: Mini batch Iter: 7 reg_loss= 0.00000
08/23/2020 20:13:29 - INFO: Time for Mini batch : 21.5244369507
08/23/2020 20:13:50 - INFO: Mini batch Iter: 8 train_loss= 11.70303
08/23/2020 20:13:50 - INFO: Mini batch Iter: 8 graph_loss= 11.70303
08/23/2020 20:13:50 - INFO: Mini batch Iter: 8 reg_loss= 0.00000
08/23/2020 20:13:50 - INFO: Time for Mini batch : 20.3696529865
08/23/2020 20:14:10 - INFO: Mini batch Iter: 9 train_loss= 11.66224
08/23/2020 20:14:10 - INFO: Mini batch Iter: 9 graph_loss= 11.66224
08/23/2020 20:14:10 - INFO: Mini batch Iter: 9 reg_loss= 0.00000
08/23/2020 20:14:10 - INFO: Time for Mini batch : 19.9154140949
08/23/2020 20:14:10 - INFO: Time for epoch : 202.563969851
08/23/2020 20:14:26 - INFO: Val results at epoch 20: Measure (HAD) AUC: 0.686636428202
08/23/2020 20:14:26 - INFO: Test results at epoch 20: Measure (HAD) AUC: 0.661490013832
08/23/2020 20:14:47 - INFO: Mini batch Iter: 0 train_loss= 11.69468
08/23/2020 20:14:47 - INFO: Mini batch Iter: 0 graph_loss= 11.69468
08/23/2020 20:14:47 - INFO: Mini batch Iter: 0 reg_loss= 0.00000
08/23/2020 20:14:47 - INFO: Time for Mini batch : 20.224394083
08/23/2020 20:15:07 - INFO: Mini batch Iter: 1 train_loss= 11.67322
08/23/2020 20:15:07 - INFO: Mini batch Iter: 1 graph_loss= 11.67322
08/23/2020 20:15:07 - INFO: Mini batch Iter: 1 reg_loss= 0.00000
08/23/2020 20:15:07 - INFO: Time for Mini batch : 19.8111009598
08/23/2020 20:15:28 - INFO: Mini batch Iter: 2 train_loss= 11.69105
08/23/2020 20:15:28 - INFO: Mini batch Iter: 2 graph_loss= 11.69105
08/23/2020 20:15:28 - INFO: Mini batch Iter: 2 reg_loss= 0.00000
08/23/2020 20:15:28 - INFO: Time for Mini batch : 19.9121248722
08/23/2020 20:15:49 - INFO: Mini batch Iter: 3 train_loss= 11.68752
08/23/2020 20:15:49 - INFO: Mini batch Iter: 3 graph_loss= 11.68752
08/23/2020 20:15:49 - INFO: Mini batch Iter: 3 reg_loss= 0.00000
08/23/2020 20:15:49 - INFO: Time for Mini batch : 20.1444320679
08/23/2020 20:16:10 - INFO: Mini batch Iter: 4 train_loss= 11.61904
08/23/2020 20:16:10 - INFO: Mini batch Iter: 4 graph_loss= 11.61904
08/23/2020 20:16:10 - INFO: Mini batch Iter: 4 reg_loss= 0.00000
08/23/2020 20:16:10 - INFO: Time for Mini batch : 20.563601017
08/23/2020 20:16:30 - INFO: Mini batch Iter: 5 train_loss= 11.58794
08/23/2020 20:16:30 - INFO: Mini batch Iter: 5 graph_loss= 11.58794
08/23/2020 20:16:30 - INFO: Mini batch Iter: 5 reg_loss= 0.00000
08/23/2020 20:16:30 - INFO: Time for Mini batch : 19.9355370998
08/23/2020 20:16:50 - INFO: Mini batch Iter: 6 train_loss= 11.71963
08/23/2020 20:16:50 - INFO: Mini batch Iter: 6 graph_loss= 11.71963
08/23/2020 20:16:50 - INFO: Mini batch Iter: 6 reg_loss= 0.00000
08/23/2020 20:16:50 - INFO: Time for Mini batch : 19.6549780369
08/23/2020 20:17:11 - INFO: Mini batch Iter: 7 train_loss= 11.64935
08/23/2020 20:17:11 - INFO: Mini batch Iter: 7 graph_loss= 11.64935
08/23/2020 20:17:11 - INFO: Mini batch Iter: 7 reg_loss= 0.00000
08/23/2020 20:17:11 - INFO: Time for Mini batch : 19.8023509979
08/23/2020 20:17:31 - INFO: Mini batch Iter: 8 train_loss= 11.65704
08/23/2020 20:17:31 - INFO: Mini batch Iter: 8 graph_loss= 11.65704
08/23/2020 20:17:31 - INFO: Mini batch Iter: 8 reg_loss= 0.00000
08/23/2020 20:17:31 - INFO: Time for Mini batch : 19.7685108185
08/23/2020 20:17:52 - INFO: Mini batch Iter: 9 train_loss= 11.71044
08/23/2020 20:17:52 - INFO: Mini batch Iter: 9 graph_loss= 11.71044
08/23/2020 20:17:52 - INFO: Mini batch Iter: 9 reg_loss= 0.00000
08/23/2020 20:17:52 - INFO: Time for Mini batch : 20.2911360264
08/23/2020 20:17:52 - INFO: Time for epoch : 200.059694052
08/23/2020 20:18:08 - INFO: Val results at epoch 21: Measure (HAD) AUC: 0.685665246212
08/23/2020 20:18:08 - INFO: Test results at epoch 21: Measure (HAD) AUC: 0.662909273652
08/23/2020 20:18:28 - INFO: Mini batch Iter: 0 train_loss= 11.77657
08/23/2020 20:18:28 - INFO: Mini batch Iter: 0 graph_loss= 11.77657
08/23/2020 20:18:28 - INFO: Mini batch Iter: 0 reg_loss= 0.00000
08/23/2020 20:18:28 - INFO: Time for Mini batch : 20.0883591175
08/23/2020 20:18:49 - INFO: Mini batch Iter: 1 train_loss= 11.60585
08/23/2020 20:18:49 - INFO: Mini batch Iter: 1 graph_loss= 11.60585
08/23/2020 20:18:49 - INFO: Mini batch Iter: 1 reg_loss= 0.00000
08/23/2020 20:18:49 - INFO: Time for Mini batch : 19.7989141941
08/23/2020 20:19:09 - INFO: Mini batch Iter: 2 train_loss= 11.62373
08/23/2020 20:19:09 - INFO: Mini batch Iter: 2 graph_loss= 11.62373
08/23/2020 20:19:09 - INFO: Mini batch Iter: 2 reg_loss= 0.00000
08/23/2020 20:19:09 - INFO: Time for Mini batch : 19.8039119244
08/23/2020 20:19:30 - INFO: Mini batch Iter: 3 train_loss= 11.64143
08/23/2020 20:19:30 - INFO: Mini batch Iter: 3 graph_loss= 11.64143
08/23/2020 20:19:30 - INFO: Mini batch Iter: 3 reg_loss= 0.00000
08/23/2020 20:19:30 - INFO: Time for Mini batch : 19.8868980408
08/23/2020 20:19:50 - INFO: Mini batch Iter: 4 train_loss= 11.52898
08/23/2020 20:19:50 - INFO: Mini batch Iter: 4 graph_loss= 11.52898
08/23/2020 20:19:50 - INFO: Mini batch Iter: 4 reg_loss= 0.00000
08/23/2020 20:19:50 - INFO: Time for Mini batch : 19.6237261295
08/23/2020 20:20:11 - INFO: Mini batch Iter: 5 train_loss= 11.53701
08/23/2020 20:20:11 - INFO: Mini batch Iter: 5 graph_loss= 11.53701
08/23/2020 20:20:11 - INFO: Mini batch Iter: 5 reg_loss= 0.00000
08/23/2020 20:20:11 - INFO: Time for Mini batch : 20.1834928989
08/23/2020 20:20:31 - INFO: Mini batch Iter: 6 train_loss= 11.67461
08/23/2020 20:20:31 - INFO: Mini batch Iter: 6 graph_loss= 11.67461
08/23/2020 20:20:31 - INFO: Mini batch Iter: 6 reg_loss= 0.00000
08/23/2020 20:20:31 - INFO: Time for Mini batch : 19.825617075
08/23/2020 20:20:51 - INFO: Mini batch Iter: 7 train_loss= 11.65387
08/23/2020 20:20:51 - INFO: Mini batch Iter: 7 graph_loss= 11.65387
08/23/2020 20:20:51 - INFO: Mini batch Iter: 7 reg_loss= 0.00000
08/23/2020 20:20:51 - INFO: Time for Mini batch : 19.8878750801
08/23/2020 20:21:12 - INFO: Mini batch Iter: 8 train_loss= 11.65862
08/23/2020 20:21:12 - INFO: Mini batch Iter: 8 graph_loss= 11.65862
08/23/2020 20:21:12 - INFO: Mini batch Iter: 8 reg_loss= 0.00000
08/23/2020 20:21:12 - INFO: Time for Mini batch : 20.4716360569
08/23/2020 20:21:33 - INFO: Mini batch Iter: 9 train_loss= 11.65367
08/23/2020 20:21:33 - INFO: Mini batch Iter: 9 graph_loss= 11.65367
08/23/2020 20:21:33 - INFO: Mini batch Iter: 9 reg_loss= 0.00000
08/23/2020 20:21:33 - INFO: Time for Mini batch : 20.7318248749
08/23/2020 20:21:33 - INFO: Time for epoch : 200.26057744
08/23/2020 20:21:50 - INFO: Val results at epoch 22: Measure (HAD) AUC: 0.685531630223
08/23/2020 20:21:50 - INFO: Test results at epoch 22: Measure (HAD) AUC: 0.665046124451
08/23/2020 20:22:11 - INFO: Mini batch Iter: 0 train_loss= 11.64786
08/23/2020 20:22:11 - INFO: Mini batch Iter: 0 graph_loss= 11.64786
08/23/2020 20:22:11 - INFO: Mini batch Iter: 0 reg_loss= 0.00000
08/23/2020 20:22:11 - INFO: Time for Mini batch : 20.3698880672
08/23/2020 20:22:32 - INFO: Mini batch Iter: 1 train_loss= 11.63970
08/23/2020 20:22:32 - INFO: Mini batch Iter: 1 graph_loss= 11.63970
08/23/2020 20:22:32 - INFO: Mini batch Iter: 1 reg_loss= 0.00000
08/23/2020 20:22:32 - INFO: Time for Mini batch : 20.6958529949
08/23/2020 20:22:53 - INFO: Mini batch Iter: 2 train_loss= 11.67034
08/23/2020 20:22:53 - INFO: Mini batch Iter: 2 graph_loss= 11.67034
08/23/2020 20:22:53 - INFO: Mini batch Iter: 2 reg_loss= 0.00000
08/23/2020 20:22:53 - INFO: Time for Mini batch : 20.256125927
08/23/2020 20:23:13 - INFO: Mini batch Iter: 3 train_loss= 11.64016
08/23/2020 20:23:13 - INFO: Mini batch Iter: 3 graph_loss= 11.64016
08/23/2020 20:23:13 - INFO: Mini batch Iter: 3 reg_loss= 0.00000
08/23/2020 20:23:13 - INFO: Time for Mini batch : 20.0241730213
08/23/2020 20:23:33 - INFO: Mini batch Iter: 4 train_loss= 11.69590
08/23/2020 20:23:33 - INFO: Mini batch Iter: 4 graph_loss= 11.69590
08/23/2020 20:23:33 - INFO: Mini batch Iter: 4 reg_loss= 0.00000
08/23/2020 20:23:33 - INFO: Time for Mini batch : 19.3000330925
08/23/2020 20:23:53 - INFO: Mini batch Iter: 5 train_loss= 11.57885
08/23/2020 20:23:53 - INFO: Mini batch Iter: 5 graph_loss= 11.57885
08/23/2020 20:23:53 - INFO: Mini batch Iter: 5 reg_loss= 0.00000
08/23/2020 20:23:53 - INFO: Time for Mini batch : 19.6015188694
08/23/2020 20:24:14 - INFO: Mini batch Iter: 6 train_loss= 11.59621
08/23/2020 20:24:14 - INFO: Mini batch Iter: 6 graph_loss= 11.59621
08/23/2020 20:24:14 - INFO: Mini batch Iter: 6 reg_loss= 0.00000
08/23/2020 20:24:14 - INFO: Time for Mini batch : 19.7062439919
08/23/2020 20:24:34 - INFO: Mini batch Iter: 7 train_loss= 11.55424
08/23/2020 20:24:34 - INFO: Mini batch Iter: 7 graph_loss= 11.55424
08/23/2020 20:24:34 - INFO: Mini batch Iter: 7 reg_loss= 0.00000
08/23/2020 20:24:34 - INFO: Time for Mini batch : 19.4184749126
08/23/2020 20:24:54 - INFO: Mini batch Iter: 8 train_loss= 11.52141
08/23/2020 20:24:54 - INFO: Mini batch Iter: 8 graph_loss= 11.52141
08/23/2020 20:24:54 - INFO: Mini batch Iter: 8 reg_loss= 0.00000
08/23/2020 20:24:54 - INFO: Time for Mini batch : 19.5160589218
08/23/2020 20:25:13 - INFO: Mini batch Iter: 9 train_loss= 11.44745
08/23/2020 20:25:13 - INFO: Mini batch Iter: 9 graph_loss= 11.44745
08/23/2020 20:25:13 - INFO: Mini batch Iter: 9 reg_loss= 0.00000
08/23/2020 20:25:13 - INFO: Time for Mini batch : 19.2050468922
08/23/2020 20:25:13 - INFO: Time for epoch : 198.047719717
08/23/2020 20:25:28 - INFO: Val results at epoch 23: Measure (HAD) AUC: 0.687289263372
08/23/2020 20:25:28 - INFO: Test results at epoch 23: Measure (HAD) AUC: 0.668713590542
08/23/2020 20:25:48 - INFO: Mini batch Iter: 0 train_loss= 11.68132
08/23/2020 20:25:48 - INFO: Mini batch Iter: 0 graph_loss= 11.68132
08/23/2020 20:25:48 - INFO: Mini batch Iter: 0 reg_loss= 0.00000
08/23/2020 20:25:48 - INFO: Time for Mini batch : 19.2795159817
08/23/2020 20:26:08 - INFO: Mini batch Iter: 1 train_loss= 11.57034
08/23/2020 20:26:08 - INFO: Mini batch Iter: 1 graph_loss= 11.57034
08/23/2020 20:26:08 - INFO: Mini batch Iter: 1 reg_loss= 0.00000
08/23/2020 20:26:08 - INFO: Time for Mini batch : 18.9024999142
08/23/2020 20:26:27 - INFO: Mini batch Iter: 2 train_loss= 11.53486
08/23/2020 20:26:27 - INFO: Mini batch Iter: 2 graph_loss= 11.53486
08/23/2020 20:26:27 - INFO: Mini batch Iter: 2 reg_loss= 0.00000
08/23/2020 20:26:27 - INFO: Time for Mini batch : 19.02926898
08/23/2020 20:26:47 - INFO: Mini batch Iter: 3 train_loss= 11.60086
08/23/2020 20:26:47 - INFO: Mini batch Iter: 3 graph_loss= 11.60086
08/23/2020 20:26:47 - INFO: Mini batch Iter: 3 reg_loss= 0.00000
08/23/2020 20:26:47 - INFO: Time for Mini batch : 19.4634320736
08/23/2020 20:27:08 - INFO: Mini batch Iter: 4 train_loss= 11.47416
08/23/2020 20:27:08 - INFO: Mini batch Iter: 4 graph_loss= 11.47416
08/23/2020 20:27:08 - INFO: Mini batch Iter: 4 reg_loss= 0.00000
08/23/2020 20:27:08 - INFO: Time for Mini batch : 19.8716461658
08/23/2020 20:27:28 - INFO: Mini batch Iter: 5 train_loss= 11.55194
08/23/2020 20:27:28 - INFO: Mini batch Iter: 5 graph_loss= 11.55194
08/23/2020 20:27:28 - INFO: Mini batch Iter: 5 reg_loss= 0.00000
08/23/2020 20:27:28 - INFO: Time for Mini batch : 19.8771541119
08/23/2020 20:27:49 - INFO: Mini batch Iter: 6 train_loss= 11.62165
08/23/2020 20:27:49 - INFO: Mini batch Iter: 6 graph_loss= 11.62165
08/23/2020 20:27:49 - INFO: Mini batch Iter: 6 reg_loss= 0.00000
08/23/2020 20:27:49 - INFO: Time for Mini batch : 19.9761488438
08/23/2020 20:28:09 - INFO: Mini batch Iter: 7 train_loss= 11.60337
08/23/2020 20:28:09 - INFO: Mini batch Iter: 7 graph_loss= 11.60337
08/23/2020 20:28:09 - INFO: Mini batch Iter: 7 reg_loss= 0.00000
08/23/2020 20:28:09 - INFO: Time for Mini batch : 19.8247900009
08/23/2020 20:28:30 - INFO: Mini batch Iter: 8 train_loss= 11.65834
08/23/2020 20:28:30 - INFO: Mini batch Iter: 8 graph_loss= 11.65834
08/23/2020 20:28:30 - INFO: Mini batch Iter: 8 reg_loss= 0.00000
08/23/2020 20:28:30 - INFO: Time for Mini batch : 20.7642359734
08/23/2020 20:28:51 - INFO: Mini batch Iter: 9 train_loss= 11.49560
08/23/2020 20:28:51 - INFO: Mini batch Iter: 9 graph_loss= 11.49560
08/23/2020 20:28:51 - INFO: Mini batch Iter: 9 reg_loss= 0.00000
08/23/2020 20:28:51 - INFO: Time for Mini batch : 19.9377748966
08/23/2020 20:28:51 - INFO: Time for epoch : 196.880797863
08/23/2020 20:29:07 - INFO: Val results at epoch 24: Measure (HAD) AUC: 0.690019872016
08/23/2020 20:29:07 - INFO: Test results at epoch 24: Measure (HAD) AUC: 0.671585248137
08/23/2020 20:29:28 - INFO: Mini batch Iter: 0 train_loss= 11.52144
08/23/2020 20:29:28 - INFO: Mini batch Iter: 0 graph_loss= 11.52144
08/23/2020 20:29:28 - INFO: Mini batch Iter: 0 reg_loss= 0.00000
08/23/2020 20:29:28 - INFO: Time for Mini batch : 20.6290369034
08/23/2020 20:29:50 - INFO: Mini batch Iter: 1 train_loss= 11.58415
08/23/2020 20:29:50 - INFO: Mini batch Iter: 1 graph_loss= 11.58415
08/23/2020 20:29:50 - INFO: Mini batch Iter: 1 reg_loss= 0.00000
08/23/2020 20:29:50 - INFO: Time for Mini batch : 20.5523090363
08/23/2020 20:30:11 - INFO: Mini batch Iter: 2 train_loss= 11.44996
08/23/2020 20:30:11 - INFO: Mini batch Iter: 2 graph_loss= 11.44996
08/23/2020 20:30:11 - INFO: Mini batch Iter: 2 reg_loss= 0.00000
08/23/2020 20:30:11 - INFO: Time for Mini batch : 21.2324249744
08/23/2020 20:30:33 - INFO: Mini batch Iter: 3 train_loss= 11.51393
08/23/2020 20:30:33 - INFO: Mini batch Iter: 3 graph_loss= 11.51393
08/23/2020 20:30:33 - INFO: Mini batch Iter: 3 reg_loss= 0.00000
08/23/2020 20:30:33 - INFO: Time for Mini batch : 20.8429749012
08/23/2020 20:30:53 - INFO: Mini batch Iter: 4 train_loss= 11.61768
08/23/2020 20:30:53 - INFO: Mini batch Iter: 4 graph_loss= 11.61768
08/23/2020 20:30:53 - INFO: Mini batch Iter: 4 reg_loss= 0.00000
08/23/2020 20:30:53 - INFO: Time for Mini batch : 20.0272290707
08/23/2020 20:31:14 - INFO: Mini batch Iter: 5 train_loss= 11.62410
08/23/2020 20:31:14 - INFO: Mini batch Iter: 5 graph_loss= 11.62410
08/23/2020 20:31:14 - INFO: Mini batch Iter: 5 reg_loss= 0.00000
08/23/2020 20:31:14 - INFO: Time for Mini batch : 19.9108269215
08/23/2020 20:31:35 - INFO: Mini batch Iter: 6 train_loss= 11.54169
08/23/2020 20:31:35 - INFO: Mini batch Iter: 6 graph_loss= 11.54169
08/23/2020 20:31:35 - INFO: Mini batch Iter: 6 reg_loss= 0.00000
08/23/2020 20:31:35 - INFO: Time for Mini batch : 20.242595911
08/23/2020 20:31:55 - INFO: Mini batch Iter: 7 train_loss= 11.47401
08/23/2020 20:31:55 - INFO: Mini batch Iter: 7 graph_loss= 11.47401
08/23/2020 20:31:55 - INFO: Mini batch Iter: 7 reg_loss= 0.00000
08/23/2020 20:31:55 - INFO: Time for Mini batch : 19.6510579586
08/23/2020 20:32:15 - INFO: Mini batch Iter: 8 train_loss= 11.46635
08/23/2020 20:32:15 - INFO: Mini batch Iter: 8 graph_loss= 11.46635
08/23/2020 20:32:15 - INFO: Mini batch Iter: 8 reg_loss= 0.00000
08/23/2020 20:32:15 - INFO: Time for Mini batch : 19.7927350998
08/23/2020 20:32:36 - INFO: Mini batch Iter: 9 train_loss= 11.65311
08/23/2020 20:32:36 - INFO: Mini batch Iter: 9 graph_loss= 11.65311
08/23/2020 20:32:36 - INFO: Mini batch Iter: 9 reg_loss= 0.00000
08/23/2020 20:32:36 - INFO: Time for Mini batch : 20.5291910172
08/23/2020 20:32:36 - INFO: Time for epoch : 203.370123863
08/23/2020 20:32:52 - INFO: Val results at epoch 25: Measure (HAD) AUC: 0.695458670512
08/23/2020 20:32:52 - INFO: Test results at epoch 25: Measure (HAD) AUC: 0.676952601777
08/23/2020 20:33:12 - INFO: Mini batch Iter: 0 train_loss= 11.47384
08/23/2020 20:33:12 - INFO: Mini batch Iter: 0 graph_loss= 11.47384
08/23/2020 20:33:12 - INFO: Mini batch Iter: 0 reg_loss= 0.00000
08/23/2020 20:33:12 - INFO: Time for Mini batch : 19.6257472038
08/23/2020 20:33:33 - INFO: Mini batch Iter: 1 train_loss= 11.55776
08/23/2020 20:33:33 - INFO: Mini batch Iter: 1 graph_loss= 11.55776
08/23/2020 20:33:33 - INFO: Mini batch Iter: 1 reg_loss= 0.00000
08/23/2020 20:33:33 - INFO: Time for Mini batch : 19.7101900578
08/23/2020 20:33:54 - INFO: Mini batch Iter: 2 train_loss= 11.60234
08/23/2020 20:33:54 - INFO: Mini batch Iter: 2 graph_loss= 11.60234
08/23/2020 20:33:54 - INFO: Mini batch Iter: 2 reg_loss= 0.00000
08/23/2020 20:33:54 - INFO: Time for Mini batch : 20.616797924
08/23/2020 20:34:14 - INFO: Mini batch Iter: 3 train_loss= 11.41839
08/23/2020 20:34:14 - INFO: Mini batch Iter: 3 graph_loss= 11.41839
08/23/2020 20:34:14 - INFO: Mini batch Iter: 3 reg_loss= 0.00000
08/23/2020 20:34:14 - INFO: Time for Mini batch : 20.0190880299
08/23/2020 20:34:36 - INFO: Mini batch Iter: 4 train_loss= 11.72587
08/23/2020 20:34:36 - INFO: Mini batch Iter: 4 graph_loss= 11.72587
08/23/2020 20:34:36 - INFO: Mini batch Iter: 4 reg_loss= 0.00000
08/23/2020 20:34:36 - INFO: Time for Mini batch : 20.6864449978
08/23/2020 20:34:56 - INFO: Mini batch Iter: 5 train_loss= 11.50536
08/23/2020 20:34:56 - INFO: Mini batch Iter: 5 graph_loss= 11.50536
08/23/2020 20:34:56 - INFO: Mini batch Iter: 5 reg_loss= 0.00000
08/23/2020 20:34:56 - INFO: Time for Mini batch : 19.8132219315
08/23/2020 20:35:16 - INFO: Mini batch Iter: 6 train_loss= 11.52877
08/23/2020 20:35:16 - INFO: Mini batch Iter: 6 graph_loss= 11.52877
08/23/2020 20:35:16 - INFO: Mini batch Iter: 6 reg_loss= 0.00000
08/23/2020 20:35:16 - INFO: Time for Mini batch : 19.8362629414
08/23/2020 20:35:37 - INFO: Mini batch Iter: 7 train_loss= 11.57652
08/23/2020 20:35:37 - INFO: Mini batch Iter: 7 graph_loss= 11.57652
08/23/2020 20:35:37 - INFO: Mini batch Iter: 7 reg_loss= 0.00000
08/23/2020 20:35:37 - INFO: Time for Mini batch : 19.9166622162
08/23/2020 20:35:57 - INFO: Mini batch Iter: 8 train_loss= 11.54525
08/23/2020 20:35:58 - INFO: Mini batch Iter: 8 graph_loss= 11.54525
08/23/2020 20:35:58 - INFO: Mini batch Iter: 8 reg_loss= 0.00000
08/23/2020 20:35:58 - INFO: Time for Mini batch : 19.9839529991
08/23/2020 20:36:18 - INFO: Mini batch Iter: 9 train_loss= 11.41190
08/23/2020 20:36:18 - INFO: Mini batch Iter: 9 graph_loss= 11.41190
08/23/2020 20:36:18 - INFO: Mini batch Iter: 9 reg_loss= 0.00000
08/23/2020 20:36:18 - INFO: Time for Mini batch : 20.1451678276
08/23/2020 20:36:18 - INFO: Time for epoch : 200.301424742
08/23/2020 20:36:34 - INFO: Val results at epoch 26: Measure (HAD) AUC: 0.695481089302
08/23/2020 20:36:34 - INFO: Test results at epoch 26: Measure (HAD) AUC: 0.678071729244
08/23/2020 20:36:56 - INFO: Mini batch Iter: 0 train_loss= 11.50159
08/23/2020 20:36:56 - INFO: Mini batch Iter: 0 graph_loss= 11.50159
08/23/2020 20:36:56 - INFO: Mini batch Iter: 0 reg_loss= 0.00000
08/23/2020 20:36:56 - INFO: Time for Mini batch : 20.5432360172
08/23/2020 20:37:16 - INFO: Mini batch Iter: 1 train_loss= 11.51545
08/23/2020 20:37:16 - INFO: Mini batch Iter: 1 graph_loss= 11.51545
08/23/2020 20:37:16 - INFO: Mini batch Iter: 1 reg_loss= 0.00000
08/23/2020 20:37:16 - INFO: Time for Mini batch : 20.1054999828
08/23/2020 20:37:37 - INFO: Mini batch Iter: 2 train_loss= 11.54246
08/23/2020 20:37:37 - INFO: Mini batch Iter: 2 graph_loss= 11.54246
08/23/2020 20:37:37 - INFO: Mini batch Iter: 2 reg_loss= 0.00000
08/23/2020 20:37:37 - INFO: Time for Mini batch : 20.4904489517
08/23/2020 20:37:58 - INFO: Mini batch Iter: 3 train_loss= 11.52711
08/23/2020 20:37:58 - INFO: Mini batch Iter: 3 graph_loss= 11.52711
08/23/2020 20:37:58 - INFO: Mini batch Iter: 3 reg_loss= 0.00000
08/23/2020 20:37:58 - INFO: Time for Mini batch : 20.3829779625
08/23/2020 20:38:19 - INFO: Mini batch Iter: 4 train_loss= 11.49666
08/23/2020 20:38:19 - INFO: Mini batch Iter: 4 graph_loss= 11.49666
08/23/2020 20:38:19 - INFO: Mini batch Iter: 4 reg_loss= 0.00000
08/23/2020 20:38:19 - INFO: Time for Mini batch : 20.0071401596
08/23/2020 20:38:39 - INFO: Mini batch Iter: 5 train_loss= 11.52002
08/23/2020 20:38:39 - INFO: Mini batch Iter: 5 graph_loss= 11.52002
08/23/2020 20:38:39 - INFO: Mini batch Iter: 5 reg_loss= 0.00000
08/23/2020 20:38:39 - INFO: Time for Mini batch : 20.0104141235
08/23/2020 20:39:00 - INFO: Mini batch Iter: 6 train_loss= 11.50580
08/23/2020 20:39:00 - INFO: Mini batch Iter: 6 graph_loss= 11.50580
08/23/2020 20:39:00 - INFO: Mini batch Iter: 6 reg_loss= 0.00000
08/23/2020 20:39:00 - INFO: Time for Mini batch : 19.6048808098
08/23/2020 20:39:20 - INFO: Mini batch Iter: 7 train_loss= 11.54296
08/23/2020 20:39:20 - INFO: Mini batch Iter: 7 graph_loss= 11.54296
08/23/2020 20:39:20 - INFO: Mini batch Iter: 7 reg_loss= 0.00000
08/23/2020 20:39:20 - INFO: Time for Mini batch : 19.6691529751
08/23/2020 20:39:40 - INFO: Mini batch Iter: 8 train_loss= 11.45374
08/23/2020 20:39:40 - INFO: Mini batch Iter: 8 graph_loss= 11.45374
08/23/2020 20:39:40 - INFO: Mini batch Iter: 8 reg_loss= 0.00000
08/23/2020 20:39:40 - INFO: Time for Mini batch : 19.8786830902
08/23/2020 20:40:00 - INFO: Mini batch Iter: 9 train_loss= 11.56533
08/23/2020 20:40:00 - INFO: Mini batch Iter: 9 graph_loss= 11.56533
08/23/2020 20:40:00 - INFO: Mini batch Iter: 9 reg_loss= 0.00000
08/23/2020 20:40:00 - INFO: Time for Mini batch : 20.0117168427
08/23/2020 20:40:00 - INFO: Time for epoch : 200.664590359
08/23/2020 20:40:17 - INFO: Val results at epoch 27: Measure (HAD) AUC: 0.688888171488
08/23/2020 20:40:17 - INFO: Test results at epoch 27: Measure (HAD) AUC: 0.673784195285
08/23/2020 20:40:38 - INFO: Mini batch Iter: 0 train_loss= 11.58587
08/23/2020 20:40:38 - INFO: Mini batch Iter: 0 graph_loss= 11.58587
08/23/2020 20:40:38 - INFO: Mini batch Iter: 0 reg_loss= 0.00000
08/23/2020 20:40:38 - INFO: Time for Mini batch : 20.0323719978
08/23/2020 20:40:58 - INFO: Mini batch Iter: 1 train_loss= 11.45191
08/23/2020 20:40:58 - INFO: Mini batch Iter: 1 graph_loss= 11.45191
08/23/2020 20:40:58 - INFO: Mini batch Iter: 1 reg_loss= 0.00000
08/23/2020 20:40:58 - INFO: Time for Mini batch : 20.4004449844
08/23/2020 20:41:20 - INFO: Mini batch Iter: 2 train_loss= 11.41254
08/23/2020 20:41:20 - INFO: Mini batch Iter: 2 graph_loss= 11.41254
08/23/2020 20:41:20 - INFO: Mini batch Iter: 2 reg_loss= 0.00000
08/23/2020 20:41:20 - INFO: Time for Mini batch : 21.2817840576
08/23/2020 20:41:42 - INFO: Mini batch Iter: 3 train_loss= 11.47642
08/23/2020 20:41:42 - INFO: Mini batch Iter: 3 graph_loss= 11.47642
08/23/2020 20:41:42 - INFO: Mini batch Iter: 3 reg_loss= 0.00000
08/23/2020 20:41:42 - INFO: Time for Mini batch : 20.9886538982
08/23/2020 20:42:09 - INFO: Mini batch Iter: 4 train_loss= 11.52464
08/23/2020 20:42:09 - INFO: Mini batch Iter: 4 graph_loss= 11.52464
08/23/2020 20:42:09 - INFO: Mini batch Iter: 4 reg_loss= 0.00000
08/23/2020 20:42:09 - INFO: Time for Mini batch : 26.8862071037
08/23/2020 20:42:30 - INFO: Mini batch Iter: 5 train_loss= 11.46352
08/23/2020 20:42:30 - INFO: Mini batch Iter: 5 graph_loss= 11.46352
08/23/2020 20:42:30 - INFO: Mini batch Iter: 5 reg_loss= 0.00000
08/23/2020 20:42:30 - INFO: Time for Mini batch : 19.7003798485
08/23/2020 20:42:49 - INFO: Mini batch Iter: 6 train_loss= 11.43744
08/23/2020 20:42:49 - INFO: Mini batch Iter: 6 graph_loss= 11.43744
08/23/2020 20:42:49 - INFO: Mini batch Iter: 6 reg_loss= 0.00000
08/23/2020 20:42:49 - INFO: Time for Mini batch : 19.3206281662
08/23/2020 20:43:10 - INFO: Mini batch Iter: 7 train_loss= 11.44393
08/23/2020 20:43:10 - INFO: Mini batch Iter: 7 graph_loss= 11.44393
08/23/2020 20:43:10 - INFO: Mini batch Iter: 7 reg_loss= 0.00000
08/23/2020 20:43:10 - INFO: Time for Mini batch : 19.7183871269
08/23/2020 20:43:30 - INFO: Mini batch Iter: 8 train_loss= 11.55951
08/23/2020 20:43:30 - INFO: Mini batch Iter: 8 graph_loss= 11.55951
08/23/2020 20:43:30 - INFO: Mini batch Iter: 8 reg_loss= 0.00000
08/23/2020 20:43:30 - INFO: Time for Mini batch : 19.3781700134
08/23/2020 20:43:49 - INFO: Mini batch Iter: 9 train_loss= 11.51228
08/23/2020 20:43:49 - INFO: Mini batch Iter: 9 graph_loss= 11.51228
08/23/2020 20:43:49 - INFO: Mini batch Iter: 9 reg_loss= 0.00000
08/23/2020 20:43:49 - INFO: Time for Mini batch : 19.4413177967
08/23/2020 20:43:49 - INFO: Time for epoch : 207.106177807
08/23/2020 20:44:06 - INFO: Val results at epoch 28: Measure (HAD) AUC: 0.688332185491
08/23/2020 20:44:06 - INFO: Test results at epoch 28: Measure (HAD) AUC: 0.674813263143
08/23/2020 20:44:25 - INFO: Mini batch Iter: 0 train_loss= 11.40879
08/23/2020 20:44:25 - INFO: Mini batch Iter: 0 graph_loss= 11.40879
08/23/2020 20:44:25 - INFO: Mini batch Iter: 0 reg_loss= 0.00000
08/23/2020 20:44:25 - INFO: Time for Mini batch : 19.1701130867
08/23/2020 20:44:45 - INFO: Mini batch Iter: 1 train_loss= 11.46471
08/23/2020 20:44:45 - INFO: Mini batch Iter: 1 graph_loss= 11.46471
08/23/2020 20:44:45 - INFO: Mini batch Iter: 1 reg_loss= 0.00000
08/23/2020 20:44:45 - INFO: Time for Mini batch : 18.7090880871
08/23/2020 20:45:05 - INFO: Mini batch Iter: 2 train_loss= 11.45105
08/23/2020 20:45:05 - INFO: Mini batch Iter: 2 graph_loss= 11.45105
08/23/2020 20:45:05 - INFO: Mini batch Iter: 2 reg_loss= 0.00000
08/23/2020 20:45:05 - INFO: Time for Mini batch : 19.495661974
08/23/2020 20:45:25 - INFO: Mini batch Iter: 3 train_loss= 11.41585
08/23/2020 20:45:25 - INFO: Mini batch Iter: 3 graph_loss= 11.41585
08/23/2020 20:45:25 - INFO: Mini batch Iter: 3 reg_loss= 0.00000
08/23/2020 20:45:25 - INFO: Time for Mini batch : 19.6560750008
08/23/2020 20:45:46 - INFO: Mini batch Iter: 4 train_loss= 11.45830
08/23/2020 20:45:46 - INFO: Mini batch Iter: 4 graph_loss= 11.45830
08/23/2020 20:45:46 - INFO: Mini batch Iter: 4 reg_loss= 0.00000
08/23/2020 20:45:46 - INFO: Time for Mini batch : 20.3445150852
08/23/2020 20:46:07 - INFO: Mini batch Iter: 5 train_loss= 11.68377
08/23/2020 20:46:07 - INFO: Mini batch Iter: 5 graph_loss= 11.68377
08/23/2020 20:46:07 - INFO: Mini batch Iter: 5 reg_loss= 0.00000
08/23/2020 20:46:07 - INFO: Time for Mini batch : 20.2290809155
08/23/2020 20:46:27 - INFO: Mini batch Iter: 6 train_loss= 11.55186
08/23/2020 20:46:27 - INFO: Mini batch Iter: 6 graph_loss= 11.55186
08/23/2020 20:46:27 - INFO: Mini batch Iter: 6 reg_loss= 0.00000
08/23/2020 20:46:27 - INFO: Time for Mini batch : 20.1561000347
08/23/2020 20:46:48 - INFO: Mini batch Iter: 7 train_loss= 11.43795
08/23/2020 20:46:48 - INFO: Mini batch Iter: 7 graph_loss= 11.43795
08/23/2020 20:46:48 - INFO: Mini batch Iter: 7 reg_loss= 0.00000
08/23/2020 20:46:48 - INFO: Time for Mini batch : 20.1474370956
08/23/2020 20:47:09 - INFO: Mini batch Iter: 8 train_loss= 11.51809
08/23/2020 20:47:09 - INFO: Mini batch Iter: 8 graph_loss= 11.51809
08/23/2020 20:47:09 - INFO: Mini batch Iter: 8 reg_loss= 0.00000
08/23/2020 20:47:09 - INFO: Time for Mini batch : 20.6598320007
08/23/2020 20:47:30 - INFO: Mini batch Iter: 9 train_loss= 11.50917
08/23/2020 20:47:30 - INFO: Mini batch Iter: 9 graph_loss= 11.50917
08/23/2020 20:47:30 - INFO: Mini batch Iter: 9 reg_loss= 0.00000
08/23/2020 20:47:30 - INFO: Time for Mini batch : 20.0828649998
08/23/2020 20:47:30 - INFO: Time for epoch : 198.607044458
08/23/2020 20:47:46 - INFO: Val results at epoch 29: Measure (HAD) AUC: 0.690770453111
08/23/2020 20:47:46 - INFO: Test results at epoch 29: Measure (HAD) AUC: 0.679012926788
08/23/2020 20:47:46 - INFO: Best epoch 8
08/23/2020 20:47:47 - INFO: Best epoch val results defaultdict(<function <lambda> at 0x7f0ec58270c8>, {'HAD': [0.7458265180211203, 0.6893939393939394, 0.6925119277321696], 'SIGMOID': [0.7480576360192838, 0.6912878787878788, 0.6962807992484117]})

08/23/2020 20:47:47 - INFO: Best epoch test results defaultdict(<function <lambda> at 0x7f0ec5827140>, {'HAD': [0.728498840669128, 0.6656151419558359, 0.6865042285463602], 'SIGMOID': [0.7303903412313786, 0.6697160883280757, 0.6895835543297644]})

