08/23/2020 18:49:38 - INFO: [('structural_head_config', u'16,8,8'), ('temporal_layer_config', u'128'), ('val_freq', 1), ('dataset', u'yelp'), ('epochs', 30), ('walk_len', 20), ('weight_decay', 0.0005), ('neg_sample_size', 10), ('temporal_drop', 0.5), ('GPU_ID', 0), ('use_residual', u'False'), ('structural_layer_config', u'128'), ('window', -1), ('base_model', u'DySAT'), ('log_dir', 'log'), ('model_dir', 'model'), ('spatial_drop', 0.1), ('position_ffn', u'True'), ('optimizer', 'adam'), ('time_steps', 6), ('learning_rate', 0.001), ('csv_dir', 'csv'), ('batch_size', 512), ('max_gradient_norm', 1.0), ('featureless', u'True'), ('test_freq', 1), ('temporal_head_config', u'16'), ('seed', 7), ('save_dir', 'output'), ('model', u'default'), ('neg_weight', 1.0)]
08/23/2020 18:50:11 - INFO: # train: 704, # val: 702, # test: 2107
08/23/2020 18:50:42 - INFO: Mini batch Iter: 0 train_loss= 6.93001
08/23/2020 18:50:42 - INFO: Mini batch Iter: 0 graph_loss= 6.93001
08/23/2020 18:50:42 - INFO: Mini batch Iter: 0 reg_loss= 0.00000
08/23/2020 18:50:42 - INFO: Time for Mini batch : 24.0103681087
08/23/2020 18:50:50 - INFO: Mini batch Iter: 1 train_loss= 6.92988
08/23/2020 18:50:50 - INFO: Mini batch Iter: 1 graph_loss= 6.92988
08/23/2020 18:50:50 - INFO: Mini batch Iter: 1 reg_loss= 0.00000
08/23/2020 18:50:50 - INFO: Time for Mini batch : 7.29927396774
08/23/2020 18:51:06 - INFO: Mini batch Iter: 2 train_loss= 6.92977
08/23/2020 18:51:06 - INFO: Mini batch Iter: 2 graph_loss= 6.92977
08/23/2020 18:51:06 - INFO: Mini batch Iter: 2 reg_loss= 0.00000
08/23/2020 18:51:06 - INFO: Time for Mini batch : 15.981867075
08/23/2020 18:51:16 - INFO: Mini batch Iter: 3 train_loss= 6.93009
08/23/2020 18:51:16 - INFO: Mini batch Iter: 3 graph_loss= 6.93009
08/23/2020 18:51:16 - INFO: Mini batch Iter: 3 reg_loss= 0.00000
08/23/2020 18:51:16 - INFO: Time for Mini batch : 9.02518296242
08/23/2020 18:51:26 - INFO: Mini batch Iter: 4 train_loss= 6.92905
08/23/2020 18:51:26 - INFO: Mini batch Iter: 4 graph_loss= 6.92905
08/23/2020 18:51:26 - INFO: Mini batch Iter: 4 reg_loss= 0.00000
08/23/2020 18:51:26 - INFO: Time for Mini batch : 9.6560459137
08/23/2020 18:51:35 - INFO: Mini batch Iter: 5 train_loss= 6.92884
08/23/2020 18:51:35 - INFO: Mini batch Iter: 5 graph_loss= 6.92884
08/23/2020 18:51:35 - INFO: Mini batch Iter: 5 reg_loss= 0.00000
08/23/2020 18:51:35 - INFO: Time for Mini batch : 8.25824594498
08/23/2020 18:51:42 - INFO: Mini batch Iter: 6 train_loss= 6.92945
08/23/2020 18:51:42 - INFO: Mini batch Iter: 6 graph_loss= 6.92945
08/23/2020 18:51:42 - INFO: Mini batch Iter: 6 reg_loss= 0.00000
08/23/2020 18:51:42 - INFO: Time for Mini batch : 7.3395550251
08/23/2020 18:51:42 - INFO: Time for epoch : 81.5464148521
08/23/2020 18:51:50 - INFO: Val results at epoch 0: Measure (HAD) AUC: 0.726631683184
08/23/2020 18:51:50 - INFO: Test results at epoch 0: Measure (HAD) AUC: 0.693530886378
08/23/2020 18:51:58 - INFO: Mini batch Iter: 0 train_loss= 6.92912
08/23/2020 18:51:58 - INFO: Mini batch Iter: 0 graph_loss= 6.92912
08/23/2020 18:51:58 - INFO: Mini batch Iter: 0 reg_loss= 0.00000
08/23/2020 18:51:58 - INFO: Time for Mini batch : 7.62586784363
08/23/2020 18:52:06 - INFO: Mini batch Iter: 1 train_loss= 6.92915
08/23/2020 18:52:06 - INFO: Mini batch Iter: 1 graph_loss= 6.92915
08/23/2020 18:52:06 - INFO: Mini batch Iter: 1 reg_loss= 0.00000
08/23/2020 18:52:06 - INFO: Time for Mini batch : 7.27228093147
08/23/2020 18:52:13 - INFO: Mini batch Iter: 2 train_loss= 6.92897
08/23/2020 18:52:13 - INFO: Mini batch Iter: 2 graph_loss= 6.92897
08/23/2020 18:52:13 - INFO: Mini batch Iter: 2 reg_loss= 0.00000
08/23/2020 18:52:13 - INFO: Time for Mini batch : 7.37190699577
08/23/2020 18:52:21 - INFO: Mini batch Iter: 3 train_loss= 6.92836
08/23/2020 18:52:21 - INFO: Mini batch Iter: 3 graph_loss= 6.92836
08/23/2020 18:52:21 - INFO: Mini batch Iter: 3 reg_loss= 0.00000
08/23/2020 18:52:21 - INFO: Time for Mini batch : 7.27225399017
08/23/2020 18:52:29 - INFO: Mini batch Iter: 4 train_loss= 6.92854
08/23/2020 18:52:29 - INFO: Mini batch Iter: 4 graph_loss= 6.92854
08/23/2020 18:52:29 - INFO: Mini batch Iter: 4 reg_loss= 0.00000
08/23/2020 18:52:29 - INFO: Time for Mini batch : 7.37526416779
08/23/2020 18:52:37 - INFO: Mini batch Iter: 5 train_loss= 6.92801
08/23/2020 18:52:37 - INFO: Mini batch Iter: 5 graph_loss= 6.92801
08/23/2020 18:52:37 - INFO: Mini batch Iter: 5 reg_loss= 0.00000
08/23/2020 18:52:37 - INFO: Time for Mini batch : 7.33220005035
08/23/2020 18:52:44 - INFO: Mini batch Iter: 6 train_loss= 6.92762
08/23/2020 18:52:44 - INFO: Mini batch Iter: 6 graph_loss= 6.92762
08/23/2020 18:52:44 - INFO: Mini batch Iter: 6 reg_loss= 0.00000
08/23/2020 18:52:44 - INFO: Time for Mini batch : 7.2715690136
08/23/2020 18:52:44 - INFO: Time for epoch : 51.4922382832
08/23/2020 18:52:51 - INFO: Val results at epoch 1: Measure (HAD) AUC: 0.726221783914
08/23/2020 18:52:51 - INFO: Test results at epoch 1: Measure (HAD) AUC: 0.699575780688
08/23/2020 18:52:58 - INFO: Mini batch Iter: 0 train_loss= 6.92860
08/23/2020 18:52:59 - INFO: Mini batch Iter: 0 graph_loss= 6.92860
08/23/2020 18:52:59 - INFO: Mini batch Iter: 0 reg_loss= 0.00000
08/23/2020 18:52:59 - INFO: Time for Mini batch : 7.53825116158
08/23/2020 18:53:06 - INFO: Mini batch Iter: 1 train_loss= 6.92802
08/23/2020 18:53:06 - INFO: Mini batch Iter: 1 graph_loss= 6.92802
08/23/2020 18:53:06 - INFO: Mini batch Iter: 1 reg_loss= 0.00000
08/23/2020 18:53:06 - INFO: Time for Mini batch : 7.2843849659
08/23/2020 18:53:14 - INFO: Mini batch Iter: 2 train_loss= 6.92656
08/23/2020 18:53:14 - INFO: Mini batch Iter: 2 graph_loss= 6.92656
08/23/2020 18:53:14 - INFO: Mini batch Iter: 2 reg_loss= 0.00000
08/23/2020 18:53:14 - INFO: Time for Mini batch : 7.2853281498
08/23/2020 18:53:21 - INFO: Mini batch Iter: 3 train_loss= 6.92684
08/23/2020 18:53:21 - INFO: Mini batch Iter: 3 graph_loss= 6.92684
08/23/2020 18:53:21 - INFO: Mini batch Iter: 3 reg_loss= 0.00000
08/23/2020 18:53:21 - INFO: Time for Mini batch : 7.16137814522
08/23/2020 18:53:29 - INFO: Mini batch Iter: 4 train_loss= 6.92760
08/23/2020 18:53:29 - INFO: Mini batch Iter: 4 graph_loss= 6.92760
08/23/2020 18:53:29 - INFO: Mini batch Iter: 4 reg_loss= 0.00000
08/23/2020 18:53:29 - INFO: Time for Mini batch : 7.18188595772
08/23/2020 18:53:37 - INFO: Mini batch Iter: 5 train_loss= 6.92615
08/23/2020 18:53:37 - INFO: Mini batch Iter: 5 graph_loss= 6.92615
08/23/2020 18:53:37 - INFO: Mini batch Iter: 5 reg_loss= 0.00000
08/23/2020 18:53:37 - INFO: Time for Mini batch : 7.18661999702
08/23/2020 18:53:44 - INFO: Mini batch Iter: 6 train_loss= 6.92471
08/23/2020 18:53:44 - INFO: Mini batch Iter: 6 graph_loss= 6.92471
08/23/2020 18:53:44 - INFO: Mini batch Iter: 6 reg_loss= 0.00000
08/23/2020 18:53:44 - INFO: Time for Mini batch : 7.17126488686
08/23/2020 18:53:44 - INFO: Time for epoch : 50.7825129032
08/23/2020 18:53:50 - INFO: Val results at epoch 2: Measure (HAD) AUC: 0.726727055787
08/23/2020 18:53:50 - INFO: Test results at epoch 2: Measure (HAD) AUC: 0.704841749505
08/23/2020 18:53:58 - INFO: Mini batch Iter: 0 train_loss= 6.92536
08/23/2020 18:53:58 - INFO: Mini batch Iter: 0 graph_loss= 6.92536
08/23/2020 18:53:58 - INFO: Mini batch Iter: 0 reg_loss= 0.00000
08/23/2020 18:53:58 - INFO: Time for Mini batch : 7.2393450737
08/23/2020 18:54:06 - INFO: Mini batch Iter: 1 train_loss= 6.92383
08/23/2020 18:54:06 - INFO: Mini batch Iter: 1 graph_loss= 6.92383
08/23/2020 18:54:06 - INFO: Mini batch Iter: 1 reg_loss= 0.00000
08/23/2020 18:54:06 - INFO: Time for Mini batch : 7.50619196892
08/23/2020 18:54:15 - INFO: Mini batch Iter: 2 train_loss= 6.92705
08/23/2020 18:54:15 - INFO: Mini batch Iter: 2 graph_loss= 6.92705
08/23/2020 18:54:15 - INFO: Mini batch Iter: 2 reg_loss= 0.00000
08/23/2020 18:54:15 - INFO: Time for Mini batch : 9.0251789093
