08/23/2020 18:14:38 - INFO: [('structural_head_config', u'16,8,8'), ('temporal_layer_config', u'128'), ('val_freq', 1), ('dataset', u'yelp'), ('epochs', 30), ('walk_len', 20), ('weight_decay', 0.0005), ('neg_sample_size', 10), ('temporal_drop', 0.5), ('GPU_ID', 0), ('use_residual', u'False'), ('structural_layer_config', u'128'), ('window', -1), ('base_model', u'DySAT'), ('log_dir', 'log'), ('model_dir', 'model'), ('spatial_drop', 0.1), ('position_ffn', u'True'), ('optimizer', 'adam'), ('time_steps', 3), ('learning_rate', 0.001), ('csv_dir', 'csv'), ('batch_size', 512), ('max_gradient_norm', 1.0), ('featureless', u'True'), ('test_freq', 1), ('temporal_head_config', u'16'), ('seed', 7), ('save_dir', 'output'), ('model', u'default'), ('neg_weight', 1.0)]
08/23/2020 18:14:50 - INFO: # train: 370, # val: 369, # test: 1107
08/23/2020 18:15:00 - INFO: Mini batch Iter: 0 train_loss= 2.77123
08/23/2020 18:15:00 - INFO: Mini batch Iter: 0 graph_loss= 2.77123
08/23/2020 18:15:00 - INFO: Mini batch Iter: 0 reg_loss= 0.00000
08/23/2020 18:15:00 - INFO: Time for Mini batch : 7.38120412827
08/23/2020 18:15:02 - INFO: Mini batch Iter: 1 train_loss= 2.77091
08/23/2020 18:15:02 - INFO: Mini batch Iter: 1 graph_loss= 2.77091
08/23/2020 18:15:02 - INFO: Mini batch Iter: 1 reg_loss= 0.00000
08/23/2020 18:15:02 - INFO: Time for Mini batch : 1.62356495857
08/23/2020 18:15:04 - INFO: Mini batch Iter: 2 train_loss= 2.77062
08/23/2020 18:15:04 - INFO: Mini batch Iter: 2 graph_loss= 2.77062
08/23/2020 18:15:04 - INFO: Mini batch Iter: 2 reg_loss= 0.00000
08/23/2020 18:15:04 - INFO: Time for Mini batch : 1.5936319828
08/23/2020 18:15:05 - INFO: Mini batch Iter: 3 train_loss= 2.77069
08/23/2020 18:15:05 - INFO: Mini batch Iter: 3 graph_loss= 2.77069
08/23/2020 18:15:05 - INFO: Mini batch Iter: 3 reg_loss= 0.00000
08/23/2020 18:15:05 - INFO: Time for Mini batch : 1.55824518204
08/23/2020 18:15:07 - INFO: Mini batch Iter: 4 train_loss= 2.77032
08/23/2020 18:15:07 - INFO: Mini batch Iter: 4 graph_loss= 2.77032
08/23/2020 18:15:07 - INFO: Mini batch Iter: 4 reg_loss= 0.00000
08/23/2020 18:15:07 - INFO: Time for Mini batch : 1.52293610573
08/23/2020 18:15:07 - INFO: Time for epoch : 13.6631569862
08/23/2020 18:15:09 - INFO: Val results at epoch 0: Measure (HAD) AUC: 0.715270892546
08/23/2020 18:15:09 - INFO: Test results at epoch 0: Measure (HAD) AUC: 0.708965448583
08/23/2020 18:15:11 - INFO: Mini batch Iter: 0 train_loss= 2.77016
08/23/2020 18:15:11 - INFO: Mini batch Iter: 0 graph_loss= 2.77016
08/23/2020 18:15:11 - INFO: Mini batch Iter: 0 reg_loss= 0.00000
08/23/2020 18:15:11 - INFO: Time for Mini batch : 1.79758381844
08/23/2020 18:15:13 - INFO: Mini batch Iter: 1 train_loss= 2.77013
08/23/2020 18:15:13 - INFO: Mini batch Iter: 1 graph_loss= 2.77013
08/23/2020 18:15:13 - INFO: Mini batch Iter: 1 reg_loss= 0.00000
08/23/2020 18:15:13 - INFO: Time for Mini batch : 1.67654705048
08/23/2020 18:15:14 - INFO: Mini batch Iter: 2 train_loss= 2.77050
08/23/2020 18:15:14 - INFO: Mini batch Iter: 2 graph_loss= 2.77050
08/23/2020 18:15:14 - INFO: Mini batch Iter: 2 reg_loss= 0.00000
08/23/2020 18:15:14 - INFO: Time for Mini batch : 1.52775287628
08/23/2020 18:15:16 - INFO: Mini batch Iter: 3 train_loss= 2.77029
08/23/2020 18:15:16 - INFO: Mini batch Iter: 3 graph_loss= 2.77029
08/23/2020 18:15:16 - INFO: Mini batch Iter: 3 reg_loss= 0.00000
08/23/2020 18:15:16 - INFO: Time for Mini batch : 1.5231449604
08/23/2020 18:15:18 - INFO: Mini batch Iter: 4 train_loss= 2.77108
08/23/2020 18:15:18 - INFO: Mini batch Iter: 4 graph_loss= 2.77108
08/23/2020 18:15:18 - INFO: Mini batch Iter: 4 reg_loss= 0.00000
08/23/2020 18:15:18 - INFO: Time for Mini batch : 1.54714202881
08/23/2020 18:15:18 - INFO: Time for epoch : 8.05692505836
08/23/2020 18:15:19 - INFO: Val results at epoch 1: Measure (HAD) AUC: 0.715417777484
08/23/2020 18:15:19 - INFO: Test results at epoch 1: Measure (HAD) AUC: 0.719302884086
08/23/2020 18:15:21 - INFO: Mini batch Iter: 0 train_loss= 2.76948
08/23/2020 18:15:21 - INFO: Mini batch Iter: 0 graph_loss= 2.76948
08/23/2020 18:15:21 - INFO: Mini batch Iter: 0 reg_loss= 0.00000
08/23/2020 18:15:21 - INFO: Time for Mini batch : 1.55025577545
08/23/2020 18:15:23 - INFO: Mini batch Iter: 1 train_loss= 2.76951
08/23/2020 18:15:23 - INFO: Mini batch Iter: 1 graph_loss= 2.76951
08/23/2020 18:15:23 - INFO: Mini batch Iter: 1 reg_loss= 0.00000
08/23/2020 18:15:23 - INFO: Time for Mini batch : 1.5230910778
08/23/2020 18:15:24 - INFO: Mini batch Iter: 2 train_loss= 2.76919
08/23/2020 18:15:24 - INFO: Mini batch Iter: 2 graph_loss= 2.76919
08/23/2020 18:15:24 - INFO: Mini batch Iter: 2 reg_loss= 0.00000
08/23/2020 18:15:24 - INFO: Time for Mini batch : 1.55463695526
08/23/2020 18:15:26 - INFO: Mini batch Iter: 3 train_loss= 2.76981
08/23/2020 18:15:26 - INFO: Mini batch Iter: 3 graph_loss= 2.76981
08/23/2020 18:15:26 - INFO: Mini batch Iter: 3 reg_loss= 0.00000
08/23/2020 18:15:26 - INFO: Time for Mini batch : 1.54682898521
08/23/2020 18:15:28 - INFO: Mini batch Iter: 4 train_loss= 2.76711
08/23/2020 18:15:28 - INFO: Mini batch Iter: 4 graph_loss= 2.76711
08/23/2020 18:15:28 - INFO: Mini batch Iter: 4 reg_loss= 0.00000
08/23/2020 18:15:28 - INFO: Time for Mini batch : 1.5063149929
08/23/2020 18:15:28 - INFO: Time for epoch : 7.663585186
08/23/2020 18:15:29 - INFO: Val results at epoch 2: Measure (HAD) AUC: 0.715770301334
08/23/2020 18:15:29 - INFO: Test results at epoch 2: Measure (HAD) AUC: 0.71856437926
08/23/2020 18:15:31 - INFO: Mini batch Iter: 0 train_loss= 2.76765
08/23/2020 18:15:31 - INFO: Mini batch Iter: 0 graph_loss= 2.76765
08/23/2020 18:15:31 - INFO: Mini batch Iter: 0 reg_loss= 0.00000
08/23/2020 18:15:31 - INFO: Time for Mini batch : 1.53339600563
08/23/2020 18:15:32 - INFO: Mini batch Iter: 1 train_loss= 2.76769
08/23/2020 18:15:32 - INFO: Mini batch Iter: 1 graph_loss= 2.76769
08/23/2020 18:15:32 - INFO: Mini batch Iter: 1 reg_loss= 0.00000
08/23/2020 18:15:32 - INFO: Time for Mini batch : 1.5175101757
08/23/2020 18:15:34 - INFO: Mini batch Iter: 2 train_loss= 2.76900
08/23/2020 18:15:34 - INFO: Mini batch Iter: 2 graph_loss= 2.76900
08/23/2020 18:15:34 - INFO: Mini batch Iter: 2 reg_loss= 0.00000
08/23/2020 18:15:34 - INFO: Time for Mini batch : 1.52117109299
08/23/2020 18:15:36 - INFO: Mini batch Iter: 3 train_loss= 2.76709
08/23/2020 18:15:36 - INFO: Mini batch Iter: 3 graph_loss= 2.76709
08/23/2020 18:15:36 - INFO: Mini batch Iter: 3 reg_loss= 0.00000
08/23/2020 18:15:36 - INFO: Time for Mini batch : 1.53482413292
08/23/2020 18:15:38 - INFO: Mini batch Iter: 4 train_loss= 2.76840
08/23/2020 18:15:38 - INFO: Mini batch Iter: 4 graph_loss= 2.76840
08/23/2020 18:15:38 - INFO: Mini batch Iter: 4 reg_loss= 0.00000
08/23/2020 18:15:38 - INFO: Time for Mini batch : 1.51701498032
08/23/2020 18:15:38 - INFO: Time for epoch : 7.60539197922
08/23/2020 18:15:39 - INFO: Val results at epoch 3: Measure (HAD) AUC: 0.713096995469
08/23/2020 18:15:39 - INFO: Test results at epoch 3: Measure (HAD) AUC: 0.713142693005
08/23/2020 18:15:41 - INFO: Mini batch Iter: 0 train_loss= 2.76724
08/23/2020 18:15:41 - INFO: Mini batch Iter: 0 graph_loss= 2.76724
08/23/2020 18:15:41 - INFO: Mini batch Iter: 0 reg_loss= 0.00000
08/23/2020 18:15:41 - INFO: Time for Mini batch : 1.52590489388
08/23/2020 18:15:42 - INFO: Mini batch Iter: 1 train_loss= 2.76445
08/23/2020 18:15:42 - INFO: Mini batch Iter: 1 graph_loss= 2.76445
08/23/2020 18:15:42 - INFO: Mini batch Iter: 1 reg_loss= 0.00000
08/23/2020 18:15:42 - INFO: Time for Mini batch : 1.67076086998
08/23/2020 18:15:44 - INFO: Mini batch Iter: 2 train_loss= 2.76725
08/23/2020 18:15:44 - INFO: Mini batch Iter: 2 graph_loss= 2.76725
08/23/2020 18:15:44 - INFO: Mini batch Iter: 2 reg_loss= 0.00000
08/23/2020 18:15:44 - INFO: Time for Mini batch : 1.53798794746
08/23/2020 18:15:46 - INFO: Mini batch Iter: 3 train_loss= 2.76461
08/23/2020 18:15:46 - INFO: Mini batch Iter: 3 graph_loss= 2.76461
08/23/2020 18:15:46 - INFO: Mini batch Iter: 3 reg_loss= 0.00000
08/23/2020 18:15:46 - INFO: Time for Mini batch : 1.51768398285
08/23/2020 18:15:47 - INFO: Mini batch Iter: 4 train_loss= 2.77009
08/23/2020 18:15:47 - INFO: Mini batch Iter: 4 graph_loss= 2.77009
08/23/2020 18:15:47 - INFO: Mini batch Iter: 4 reg_loss= 0.00000
08/23/2020 18:15:47 - INFO: Time for Mini batch : 1.51403999329
08/23/2020 18:15:47 - INFO: Time for epoch : 7.75137782097
08/23/2020 18:15:49 - INFO: Val results at epoch 4: Measure (HAD) AUC: 0.707684285515
08/23/2020 18:15:49 - INFO: Test results at epoch 4: Measure (HAD) AUC: 0.702531888312
08/23/2020 18:15:51 - INFO: Mini batch Iter: 0 train_loss= 2.76440
08/23/2020 18:15:51 - INFO: Mini batch Iter: 0 graph_loss= 2.76440
08/23/2020 18:15:51 - INFO: Mini batch Iter: 0 reg_loss= 0.00000
08/23/2020 18:15:51 - INFO: Time for Mini batch : 1.5521709919
08/23/2020 18:15:52 - INFO: Mini batch Iter: 1 train_loss= 2.76234
08/23/2020 18:15:52 - INFO: Mini batch Iter: 1 graph_loss= 2.76234
08/23/2020 18:15:52 - INFO: Mini batch Iter: 1 reg_loss= 0.00000
08/23/2020 18:15:52 - INFO: Time for Mini batch : 1.51854801178
08/23/2020 18:15:54 - INFO: Mini batch Iter: 2 train_loss= 2.75774
08/23/2020 18:15:54 - INFO: Mini batch Iter: 2 graph_loss= 2.75774
08/23/2020 18:15:54 - INFO: Mini batch Iter: 2 reg_loss= 0.00000
08/23/2020 18:15:54 - INFO: Time for Mini batch : 1.53283691406
08/23/2020 18:15:56 - INFO: Mini batch Iter: 3 train_loss= 2.75861
08/23/2020 18:15:56 - INFO: Mini batch Iter: 3 graph_loss= 2.75861
08/23/2020 18:15:56 - INFO: Mini batch Iter: 3 reg_loss= 0.00000
08/23/2020 18:15:56 - INFO: Time for Mini batch : 1.52088212967
08/23/2020 18:15:57 - INFO: Mini batch Iter: 4 train_loss= 2.76011
08/23/2020 18:15:57 - INFO: Mini batch Iter: 4 graph_loss= 2.76011
08/23/2020 18:15:57 - INFO: Mini batch Iter: 4 reg_loss= 0.00000
08/23/2020 18:15:57 - INFO: Time for Mini batch : 1.51463198662
08/23/2020 18:15:57 - INFO: Time for epoch : 7.6236000061
08/23/2020 18:15:59 - INFO: Val results at epoch 5: Measure (HAD) AUC: 0.700112366977
08/23/2020 18:15:59 - INFO: Test results at epoch 5: Measure (HAD) AUC: 0.692005950472
08/23/2020 18:16:00 - INFO: Mini batch Iter: 0 train_loss= 2.75698
08/23/2020 18:16:00 - INFO: Mini batch Iter: 0 graph_loss= 2.75698
08/23/2020 18:16:00 - INFO: Mini batch Iter: 0 reg_loss= 0.00000
08/23/2020 18:16:00 - INFO: Time for Mini batch : 1.53713989258
08/23/2020 18:16:02 - INFO: Mini batch Iter: 1 train_loss= 2.76890
08/23/2020 18:16:02 - INFO: Mini batch Iter: 1 graph_loss= 2.76890
08/23/2020 18:16:02 - INFO: Mini batch Iter: 1 reg_loss= 0.00000
08/23/2020 18:16:02 - INFO: Time for Mini batch : 1.53137207031
08/23/2020 18:16:04 - INFO: Mini batch Iter: 2 train_loss= 2.76048
08/23/2020 18:16:04 - INFO: Mini batch Iter: 2 graph_loss= 2.76048
08/23/2020 18:16:04 - INFO: Mini batch Iter: 2 reg_loss= 0.00000
08/23/2020 18:16:04 - INFO: Time for Mini batch : 1.52835702896
08/23/2020 18:16:06 - INFO: Mini batch Iter: 3 train_loss= 2.76118
08/23/2020 18:16:06 - INFO: Mini batch Iter: 3 graph_loss= 2.76118
08/23/2020 18:16:06 - INFO: Mini batch Iter: 3 reg_loss= 0.00000
08/23/2020 18:16:06 - INFO: Time for Mini batch : 1.75580501556
08/23/2020 18:16:07 - INFO: Mini batch Iter: 4 train_loss= 2.77556
08/23/2020 18:16:07 - INFO: Mini batch Iter: 4 graph_loss= 2.77556
08/23/2020 18:16:07 - INFO: Mini batch Iter: 4 reg_loss= 0.00000
08/23/2020 18:16:07 - INFO: Time for Mini batch : 1.51968789101
08/23/2020 18:16:07 - INFO: Time for epoch : 7.86017489433
08/23/2020 18:16:09 - INFO: Val results at epoch 6: Measure (HAD) AUC: 0.695705818847
08/23/2020 18:16:09 - INFO: Test results at epoch 6: Measure (HAD) AUC: 0.686384337496
08/23/2020 18:16:11 - INFO: Mini batch Iter: 0 train_loss= 2.78298
08/23/2020 18:16:11 - INFO: Mini batch Iter: 0 graph_loss= 2.78298
08/23/2020 18:16:11 - INFO: Mini batch Iter: 0 reg_loss= 0.00000
08/23/2020 18:16:11 - INFO: Time for Mini batch : 1.53779792786
08/23/2020 18:16:12 - INFO: Mini batch Iter: 1 train_loss= 2.74816
08/23/2020 18:16:12 - INFO: Mini batch Iter: 1 graph_loss= 2.74816
08/23/2020 18:16:12 - INFO: Mini batch Iter: 1 reg_loss= 0.00000
08/23/2020 18:16:12 - INFO: Time for Mini batch : 1.54240298271
08/23/2020 18:16:14 - INFO: Mini batch Iter: 2 train_loss= 2.76002
08/23/2020 18:16:14 - INFO: Mini batch Iter: 2 graph_loss= 2.76002
08/23/2020 18:16:14 - INFO: Mini batch Iter: 2 reg_loss= 0.00000
08/23/2020 18:16:14 - INFO: Time for Mini batch : 1.53867387772
08/23/2020 18:16:16 - INFO: Mini batch Iter: 3 train_loss= 2.75231
08/23/2020 18:16:16 - INFO: Mini batch Iter: 3 graph_loss= 2.75231
08/23/2020 18:16:16 - INFO: Mini batch Iter: 3 reg_loss= 0.00000
08/23/2020 18:16:16 - INFO: Time for Mini batch : 1.53120398521
08/23/2020 18:16:17 - INFO: Mini batch Iter: 4 train_loss= 2.75572
08/23/2020 18:16:17 - INFO: Mini batch Iter: 4 graph_loss= 2.75572
08/23/2020 18:16:17 - INFO: Mini batch Iter: 4 reg_loss= 0.00000
08/23/2020 18:16:17 - INFO: Time for Mini batch : 1.51844000816
08/23/2020 18:16:17 - INFO: Time for epoch : 7.65434598923
08/23/2020 18:16:19 - INFO: Val results at epoch 7: Measure (HAD) AUC: 0.695500179934
08/23/2020 18:16:19 - INFO: Test results at epoch 7: Measure (HAD) AUC: 0.68660548093
08/23/2020 18:16:20 - INFO: Mini batch Iter: 0 train_loss= 2.77631
08/23/2020 18:16:20 - INFO: Mini batch Iter: 0 graph_loss= 2.77631
08/23/2020 18:16:20 - INFO: Mini batch Iter: 0 reg_loss= 0.00000
08/23/2020 18:16:20 - INFO: Time for Mini batch : 1.54823803902
08/23/2020 18:16:22 - INFO: Mini batch Iter: 1 train_loss= 2.76090
08/23/2020 18:16:22 - INFO: Mini batch Iter: 1 graph_loss= 2.76090
08/23/2020 18:16:22 - INFO: Mini batch Iter: 1 reg_loss= 0.00000
08/23/2020 18:16:22 - INFO: Time for Mini batch : 1.52581000328
08/23/2020 18:16:24 - INFO: Mini batch Iter: 2 train_loss= 2.75186
08/23/2020 18:16:24 - INFO: Mini batch Iter: 2 graph_loss= 2.75186
08/23/2020 18:16:24 - INFO: Mini batch Iter: 2 reg_loss= 0.00000
08/23/2020 18:16:24 - INFO: Time for Mini batch : 1.52585506439
08/23/2020 18:16:26 - INFO: Mini batch Iter: 3 train_loss= 2.75814
08/23/2020 18:16:26 - INFO: Mini batch Iter: 3 graph_loss= 2.75814
08/23/2020 18:16:26 - INFO: Mini batch Iter: 3 reg_loss= 0.00000
08/23/2020 18:16:26 - INFO: Time for Mini batch : 1.54090499878
08/23/2020 18:16:27 - INFO: Mini batch Iter: 4 train_loss= 2.75043
08/23/2020 18:16:27 - INFO: Mini batch Iter: 4 graph_loss= 2.75043
08/23/2020 18:16:27 - INFO: Mini batch Iter: 4 reg_loss= 0.00000
08/23/2020 18:16:27 - INFO: Time for Mini batch : 1.52287602425
08/23/2020 18:16:27 - INFO: Time for epoch : 7.6470708847
08/23/2020 18:16:29 - INFO: Val results at epoch 8: Measure (HAD) AUC: 0.694486673864
08/23/2020 18:16:29 - INFO: Test results at epoch 8: Measure (HAD) AUC: 0.687480262336
08/23/2020 18:16:30 - INFO: Mini batch Iter: 0 train_loss= 2.75339
08/23/2020 18:16:30 - INFO: Mini batch Iter: 0 graph_loss= 2.75339
08/23/2020 18:16:30 - INFO: Mini batch Iter: 0 reg_loss= 0.00000
08/23/2020 18:16:30 - INFO: Time for Mini batch : 1.56217813492
08/23/2020 18:16:32 - INFO: Mini batch Iter: 1 train_loss= 2.79707
08/23/2020 18:16:32 - INFO: Mini batch Iter: 1 graph_loss= 2.79707
08/23/2020 18:16:32 - INFO: Mini batch Iter: 1 reg_loss= 0.00000
08/23/2020 18:16:32 - INFO: Time for Mini batch : 1.69129800797
08/23/2020 18:16:34 - INFO: Mini batch Iter: 2 train_loss= 2.75330
08/23/2020 18:16:34 - INFO: Mini batch Iter: 2 graph_loss= 2.75330
08/23/2020 18:16:34 - INFO: Mini batch Iter: 2 reg_loss= 0.00000
08/23/2020 18:16:34 - INFO: Time for Mini batch : 1.53739190102
08/23/2020 18:16:36 - INFO: Mini batch Iter: 3 train_loss= 2.75349
08/23/2020 18:16:36 - INFO: Mini batch Iter: 3 graph_loss= 2.75349
08/23/2020 18:16:36 - INFO: Mini batch Iter: 3 reg_loss= 0.00000
08/23/2020 18:16:36 - INFO: Time for Mini batch : 1.59139990807
08/23/2020 18:16:37 - INFO: Mini batch Iter: 4 train_loss= 2.75047
08/23/2020 18:16:37 - INFO: Mini batch Iter: 4 graph_loss= 2.75047
08/23/2020 18:16:37 - INFO: Mini batch Iter: 4 reg_loss= 0.00000
08/23/2020 18:16:37 - INFO: Time for Mini batch : 1.52459812164
08/23/2020 18:16:37 - INFO: Time for epoch : 7.88956594467
08/23/2020 18:16:39 - INFO: Val results at epoch 9: Measure (HAD) AUC: 0.693238151894
08/23/2020 18:16:39 - INFO: Test results at epoch 9: Measure (HAD) AUC: 0.691068334953
08/23/2020 18:16:40 - INFO: Mini batch Iter: 0 train_loss= 2.75163
08/23/2020 18:16:40 - INFO: Mini batch Iter: 0 graph_loss= 2.75163
08/23/2020 18:16:40 - INFO: Mini batch Iter: 0 reg_loss= 0.00000
08/23/2020 18:16:40 - INFO: Time for Mini batch : 1.53021192551
08/23/2020 18:16:42 - INFO: Mini batch Iter: 1 train_loss= 2.74702
08/23/2020 18:16:42 - INFO: Mini batch Iter: 1 graph_loss= 2.74702
08/23/2020 18:16:42 - INFO: Mini batch Iter: 1 reg_loss= 0.00000
08/23/2020 18:16:42 - INFO: Time for Mini batch : 1.56830692291
08/23/2020 18:16:44 - INFO: Mini batch Iter: 2 train_loss= 2.74046
08/23/2020 18:16:44 - INFO: Mini batch Iter: 2 graph_loss= 2.74046
08/23/2020 18:16:44 - INFO: Mini batch Iter: 2 reg_loss= 0.00000
08/23/2020 18:16:44 - INFO: Time for Mini batch : 1.54231595993
08/23/2020 18:16:46 - INFO: Mini batch Iter: 3 train_loss= 2.74710
08/23/2020 18:16:46 - INFO: Mini batch Iter: 3 graph_loss= 2.74710
08/23/2020 18:16:46 - INFO: Mini batch Iter: 3 reg_loss= 0.00000
08/23/2020 18:16:46 - INFO: Time for Mini batch : 1.58843517303
08/23/2020 18:16:47 - INFO: Mini batch Iter: 4 train_loss= 2.74082
08/23/2020 18:16:47 - INFO: Mini batch Iter: 4 graph_loss= 2.74082
08/23/2020 18:16:47 - INFO: Mini batch Iter: 4 reg_loss= 0.00000
08/23/2020 18:16:47 - INFO: Time for Mini batch : 1.57904696465
08/23/2020 18:16:47 - INFO: Time for epoch : 7.79304027557
08/23/2020 18:16:49 - INFO: Val results at epoch 10: Measure (HAD) AUC: 0.694971394158
08/23/2020 18:16:49 - INFO: Test results at epoch 10: Measure (HAD) AUC: 0.694616422226
08/23/2020 18:16:51 - INFO: Mini batch Iter: 0 train_loss= 2.74804
08/23/2020 18:16:51 - INFO: Mini batch Iter: 0 graph_loss= 2.74804
08/23/2020 18:16:51 - INFO: Mini batch Iter: 0 reg_loss= 0.00000
08/23/2020 18:16:51 - INFO: Time for Mini batch : 1.58861994743
08/23/2020 18:16:52 - INFO: Mini batch Iter: 1 train_loss= 2.73671
08/23/2020 18:16:52 - INFO: Mini batch Iter: 1 graph_loss= 2.73671
08/23/2020 18:16:52 - INFO: Mini batch Iter: 1 reg_loss= 0.00000
08/23/2020 18:16:52 - INFO: Time for Mini batch : 1.57565689087
08/23/2020 18:16:54 - INFO: Mini batch Iter: 2 train_loss= 2.73898
08/23/2020 18:16:54 - INFO: Mini batch Iter: 2 graph_loss= 2.73898
08/23/2020 18:16:54 - INFO: Mini batch Iter: 2 reg_loss= 0.00000
08/23/2020 18:16:54 - INFO: Time for Mini batch : 1.57577610016
08/23/2020 18:16:56 - INFO: Mini batch Iter: 3 train_loss= 2.73470
08/23/2020 18:16:56 - INFO: Mini batch Iter: 3 graph_loss= 2.73470
08/23/2020 18:16:56 - INFO: Mini batch Iter: 3 reg_loss= 0.00000
08/23/2020 18:16:56 - INFO: Time for Mini batch : 1.57236409187
08/23/2020 18:16:58 - INFO: Mini batch Iter: 4 train_loss= 2.72226
08/23/2020 18:16:58 - INFO: Mini batch Iter: 4 graph_loss= 2.72226
08/23/2020 18:16:58 - INFO: Mini batch Iter: 4 reg_loss= 0.00000
08/23/2020 18:16:58 - INFO: Time for Mini batch : 1.53787207603
08/23/2020 18:16:58 - INFO: Time for epoch : 7.83595609665
08/23/2020 18:16:59 - INFO: Val results at epoch 11: Measure (HAD) AUC: 0.695000771146
08/23/2020 18:16:59 - INFO: Test results at epoch 11: Measure (HAD) AUC: 0.69533615842
08/23/2020 18:17:01 - INFO: Mini batch Iter: 0 train_loss= 2.71315
08/23/2020 18:17:01 - INFO: Mini batch Iter: 0 graph_loss= 2.71315
08/23/2020 18:17:01 - INFO: Mini batch Iter: 0 reg_loss= 0.00000
08/23/2020 18:17:01 - INFO: Time for Mini batch : 1.75926589966
08/23/2020 18:17:03 - INFO: Mini batch Iter: 1 train_loss= 2.72713
08/23/2020 18:17:03 - INFO: Mini batch Iter: 1 graph_loss= 2.72713
08/23/2020 18:17:03 - INFO: Mini batch Iter: 1 reg_loss= 0.00000
08/23/2020 18:17:03 - INFO: Time for Mini batch : 1.5805990696
08/23/2020 18:17:04 - INFO: Mini batch Iter: 2 train_loss= 2.75988
08/23/2020 18:17:04 - INFO: Mini batch Iter: 2 graph_loss= 2.75988
08/23/2020 18:17:04 - INFO: Mini batch Iter: 2 reg_loss= 0.00000
08/23/2020 18:17:04 - INFO: Time for Mini batch : 1.5762090683
08/23/2020 18:17:06 - INFO: Mini batch Iter: 3 train_loss= 2.72540
08/23/2020 18:17:06 - INFO: Mini batch Iter: 3 graph_loss= 2.72540
08/23/2020 18:17:06 - INFO: Mini batch Iter: 3 reg_loss= 0.00000
08/23/2020 18:17:06 - INFO: Time for Mini batch : 1.58087992668
08/23/2020 18:17:08 - INFO: Mini batch Iter: 4 train_loss= 2.73947
08/23/2020 18:17:08 - INFO: Mini batch Iter: 4 graph_loss= 2.73947
08/23/2020 18:17:08 - INFO: Mini batch Iter: 4 reg_loss= 0.00000
08/23/2020 18:17:08 - INFO: Time for Mini batch : 1.55007600784
08/23/2020 18:17:08 - INFO: Time for epoch : 8.03100609779
08/23/2020 18:17:09 - INFO: Val results at epoch 12: Measure (HAD) AUC: 0.693627396979
08/23/2020 18:17:09 - INFO: Test results at epoch 12: Measure (HAD) AUC: 0.694191271934
08/23/2020 18:17:11 - INFO: Mini batch Iter: 0 train_loss= 2.71540
08/23/2020 18:17:11 - INFO: Mini batch Iter: 0 graph_loss= 2.71540
08/23/2020 18:17:11 - INFO: Mini batch Iter: 0 reg_loss= 0.00000
08/23/2020 18:17:11 - INFO: Time for Mini batch : 1.58117985725
08/23/2020 18:17:13 - INFO: Mini batch Iter: 1 train_loss= 2.91653
08/23/2020 18:17:13 - INFO: Mini batch Iter: 1 graph_loss= 2.91653
08/23/2020 18:17:13 - INFO: Mini batch Iter: 1 reg_loss= 0.00000
08/23/2020 18:17:13 - INFO: Time for Mini batch : 1.58919906616
08/23/2020 18:17:15 - INFO: Mini batch Iter: 2 train_loss= 2.74041
08/23/2020 18:17:15 - INFO: Mini batch Iter: 2 graph_loss= 2.74041
08/23/2020 18:17:15 - INFO: Mini batch Iter: 2 reg_loss= 0.00000
08/23/2020 18:17:15 - INFO: Time for Mini batch : 1.57976317406
08/23/2020 18:17:16 - INFO: Mini batch Iter: 3 train_loss= 2.79476
08/23/2020 18:17:16 - INFO: Mini batch Iter: 3 graph_loss= 2.79476
08/23/2020 18:17:16 - INFO: Mini batch Iter: 3 reg_loss= 0.00000
08/23/2020 18:17:16 - INFO: Time for Mini batch : 1.59305787086
08/23/2020 18:17:18 - INFO: Mini batch Iter: 4 train_loss= 2.73925
08/23/2020 18:17:18 - INFO: Mini batch Iter: 4 graph_loss= 2.73925
08/23/2020 18:17:18 - INFO: Mini batch Iter: 4 reg_loss= 0.00000
08/23/2020 18:17:18 - INFO: Time for Mini batch : 1.56280779839
08/23/2020 18:17:18 - INFO: Time for epoch : 7.89070987701
08/23/2020 18:17:19 - INFO: Val results at epoch 13: Measure (HAD) AUC: 0.688692063072
08/23/2020 18:17:19 - INFO: Test results at epoch 13: Measure (HAD) AUC: 0.700240483284
08/23/2020 18:17:21 - INFO: Mini batch Iter: 0 train_loss= 2.70677
08/23/2020 18:17:21 - INFO: Mini batch Iter: 0 graph_loss= 2.70677
08/23/2020 18:17:21 - INFO: Mini batch Iter: 0 reg_loss= 0.00000
08/23/2020 18:17:21 - INFO: Time for Mini batch : 1.58756899834
08/23/2020 18:17:23 - INFO: Mini batch Iter: 1 train_loss= 2.69132
08/23/2020 18:17:23 - INFO: Mini batch Iter: 1 graph_loss= 2.69132
08/23/2020 18:17:23 - INFO: Mini batch Iter: 1 reg_loss= 0.00000
08/23/2020 18:17:23 - INFO: Time for Mini batch : 1.57970404625
08/23/2020 18:17:25 - INFO: Mini batch Iter: 2 train_loss= 2.70135
08/23/2020 18:17:25 - INFO: Mini batch Iter: 2 graph_loss= 2.70135
08/23/2020 18:17:25 - INFO: Mini batch Iter: 2 reg_loss= 0.00000
08/23/2020 18:17:25 - INFO: Time for Mini batch : 1.58264398575
08/23/2020 18:17:27 - INFO: Mini batch Iter: 3 train_loss= 2.69856
08/23/2020 18:17:27 - INFO: Mini batch Iter: 3 graph_loss= 2.69856
08/23/2020 18:17:27 - INFO: Mini batch Iter: 3 reg_loss= 0.00000
08/23/2020 18:17:27 - INFO: Time for Mini batch : 1.57697105408
08/23/2020 18:17:28 - INFO: Mini batch Iter: 4 train_loss= 2.69930
08/23/2020 18:17:28 - INFO: Mini batch Iter: 4 graph_loss= 2.69930
08/23/2020 18:17:28 - INFO: Mini batch Iter: 4 reg_loss= 0.00000
08/23/2020 18:17:28 - INFO: Time for Mini batch : 1.73162007332
08/23/2020 18:17:28 - INFO: Time for epoch : 8.04220676422
08/23/2020 18:17:30 - INFO: Val results at epoch 14: Measure (HAD) AUC: 0.657978422603
08/23/2020 18:17:30 - INFO: Test results at epoch 14: Measure (HAD) AUC: 0.66882913936
08/23/2020 18:17:32 - INFO: Mini batch Iter: 0 train_loss= 2.67993
08/23/2020 18:17:32 - INFO: Mini batch Iter: 0 graph_loss= 2.67993
08/23/2020 18:17:32 - INFO: Mini batch Iter: 0 reg_loss= 0.00000
08/23/2020 18:17:32 - INFO: Time for Mini batch : 1.82509899139
08/23/2020 18:17:34 - INFO: Mini batch Iter: 1 train_loss= 2.67794
08/23/2020 18:17:34 - INFO: Mini batch Iter: 1 graph_loss= 2.67794
08/23/2020 18:17:34 - INFO: Mini batch Iter: 1 reg_loss= 0.00000
08/23/2020 18:17:34 - INFO: Time for Mini batch : 1.83133506775
08/23/2020 18:17:36 - INFO: Mini batch Iter: 2 train_loss= 2.67431
08/23/2020 18:17:36 - INFO: Mini batch Iter: 2 graph_loss= 2.67431
08/23/2020 18:17:36 - INFO: Mini batch Iter: 2 reg_loss= 0.00000
08/23/2020 18:17:36 - INFO: Time for Mini batch : 1.82164216042
08/23/2020 18:17:38 - INFO: Mini batch Iter: 3 train_loss= 2.65785
08/23/2020 18:17:38 - INFO: Mini batch Iter: 3 graph_loss= 2.65785
08/23/2020 18:17:38 - INFO: Mini batch Iter: 3 reg_loss= 0.00000
08/23/2020 18:17:38 - INFO: Time for Mini batch : 1.80384802818
08/23/2020 18:17:40 - INFO: Mini batch Iter: 4 train_loss= 2.64760
08/23/2020 18:17:40 - INFO: Mini batch Iter: 4 graph_loss= 2.64760
08/23/2020 18:17:40 - INFO: Mini batch Iter: 4 reg_loss= 0.00000
08/23/2020 18:17:40 - INFO: Time for Mini batch : 1.79569387436
08/23/2020 18:17:40 - INFO: Time for epoch : 9.05263900757
08/23/2020 18:17:42 - INFO: Val results at epoch 15: Measure (HAD) AUC: 0.639985017736
08/23/2020 18:17:42 - INFO: Test results at epoch 15: Measure (HAD) AUC: 0.653068385547
08/23/2020 18:17:44 - INFO: Mini batch Iter: 0 train_loss= 2.62641
08/23/2020 18:17:44 - INFO: Mini batch Iter: 0 graph_loss= 2.62641
08/23/2020 18:17:44 - INFO: Mini batch Iter: 0 reg_loss= 0.00000
08/23/2020 18:17:44 - INFO: Time for Mini batch : 1.81054997444
08/23/2020 18:17:46 - INFO: Mini batch Iter: 1 train_loss= 2.65525
08/23/2020 18:17:46 - INFO: Mini batch Iter: 1 graph_loss= 2.65525
08/23/2020 18:17:46 - INFO: Mini batch Iter: 1 reg_loss= 0.00000
08/23/2020 18:17:46 - INFO: Time for Mini batch : 1.80291509628
08/23/2020 18:17:48 - INFO: Mini batch Iter: 2 train_loss= 2.61073
08/23/2020 18:17:48 - INFO: Mini batch Iter: 2 graph_loss= 2.61073
08/23/2020 18:17:48 - INFO: Mini batch Iter: 2 reg_loss= 0.00000
08/23/2020 18:17:48 - INFO: Time for Mini batch : 1.82065486908
08/23/2020 18:17:50 - INFO: Mini batch Iter: 3 train_loss= 2.63702
08/23/2020 18:17:50 - INFO: Mini batch Iter: 3 graph_loss= 2.63702
08/23/2020 18:17:50 - INFO: Mini batch Iter: 3 reg_loss= 0.00000
08/23/2020 18:17:50 - INFO: Time for Mini batch : 1.8215649128
08/23/2020 18:17:52 - INFO: Mini batch Iter: 4 train_loss= 2.64359
08/23/2020 18:17:52 - INFO: Mini batch Iter: 4 graph_loss= 2.64359
08/23/2020 18:17:52 - INFO: Mini batch Iter: 4 reg_loss= 0.00000
08/23/2020 18:17:52 - INFO: Time for Mini batch : 1.77257609367
08/23/2020 18:17:52 - INFO: Time for epoch : 9.01212406158
08/23/2020 18:17:53 - INFO: Val results at epoch 16: Measure (HAD) AUC: 0.639177150579
08/23/2020 18:17:53 - INFO: Test results at epoch 16: Measure (HAD) AUC: 0.64989648692
08/23/2020 18:17:55 - INFO: Mini batch Iter: 0 train_loss= 2.57630
08/23/2020 18:17:55 - INFO: Mini batch Iter: 0 graph_loss= 2.57630
08/23/2020 18:17:55 - INFO: Mini batch Iter: 0 reg_loss= 0.00000
08/23/2020 18:17:55 - INFO: Time for Mini batch : 1.78995513916
08/23/2020 18:17:58 - INFO: Mini batch Iter: 1 train_loss= 2.65417
08/23/2020 18:17:58 - INFO: Mini batch Iter: 1 graph_loss= 2.65417
08/23/2020 18:17:58 - INFO: Mini batch Iter: 1 reg_loss= 0.00000
08/23/2020 18:17:58 - INFO: Time for Mini batch : 1.80214309692
08/23/2020 18:18:00 - INFO: Mini batch Iter: 2 train_loss= 2.57193
08/23/2020 18:18:00 - INFO: Mini batch Iter: 2 graph_loss= 2.57193
08/23/2020 18:18:00 - INFO: Mini batch Iter: 2 reg_loss= 0.00000
08/23/2020 18:18:00 - INFO: Time for Mini batch : 1.80216217041
08/23/2020 18:18:02 - INFO: Mini batch Iter: 3 train_loss= 2.58348
08/23/2020 18:18:02 - INFO: Mini batch Iter: 3 graph_loss= 2.58348
08/23/2020 18:18:02 - INFO: Mini batch Iter: 3 reg_loss= 0.00000
08/23/2020 18:18:02 - INFO: Time for Mini batch : 1.78750896454
08/23/2020 18:18:03 - INFO: Mini batch Iter: 4 train_loss= 2.55847
08/23/2020 18:18:03 - INFO: Mini batch Iter: 4 graph_loss= 2.55847
08/23/2020 18:18:03 - INFO: Mini batch Iter: 4 reg_loss= 0.00000
08/23/2020 18:18:03 - INFO: Time for Mini batch : 1.77431917191
08/23/2020 18:18:03 - INFO: Time for epoch : 8.9417283535
08/23/2020 18:18:05 - INFO: Val results at epoch 17: Measure (HAD) AUC: 0.62941664647
08/23/2020 18:18:05 - INFO: Test results at epoch 17: Measure (HAD) AUC: 0.640194736786
08/23/2020 18:18:07 - INFO: Mini batch Iter: 0 train_loss= 2.53987
08/23/2020 18:18:07 - INFO: Mini batch Iter: 0 graph_loss= 2.53987
08/23/2020 18:18:07 - INFO: Mini batch Iter: 0 reg_loss= 0.00000
08/23/2020 18:18:07 - INFO: Time for Mini batch : 1.80013895035
08/23/2020 18:18:09 - INFO: Mini batch Iter: 1 train_loss= 2.51458
08/23/2020 18:18:09 - INFO: Mini batch Iter: 1 graph_loss= 2.51458
08/23/2020 18:18:09 - INFO: Mini batch Iter: 1 reg_loss= 0.00000
08/23/2020 18:18:09 - INFO: Time for Mini batch : 1.7821521759
08/23/2020 18:18:11 - INFO: Mini batch Iter: 2 train_loss= 2.52759
08/23/2020 18:18:11 - INFO: Mini batch Iter: 2 graph_loss= 2.52759
08/23/2020 18:18:11 - INFO: Mini batch Iter: 2 reg_loss= 0.00000
08/23/2020 18:18:11 - INFO: Time for Mini batch : 1.78941392899
08/23/2020 18:18:13 - INFO: Mini batch Iter: 3 train_loss= 2.47464
08/23/2020 18:18:13 - INFO: Mini batch Iter: 3 graph_loss= 2.47464
08/23/2020 18:18:13 - INFO: Mini batch Iter: 3 reg_loss= 0.00000
08/23/2020 18:18:13 - INFO: Time for Mini batch : 1.76759195328
08/23/2020 18:18:15 - INFO: Mini batch Iter: 4 train_loss= 2.63594
08/23/2020 18:18:15 - INFO: Mini batch Iter: 4 graph_loss= 2.63594
08/23/2020 18:18:15 - INFO: Mini batch Iter: 4 reg_loss= 0.00000
08/23/2020 18:18:15 - INFO: Time for Mini batch : 1.78380489349
08/23/2020 18:18:15 - INFO: Time for epoch : 8.90868711472
08/23/2020 18:18:17 - INFO: Val results at epoch 18: Measure (HAD) AUC: 0.636834335823
08/23/2020 18:18:17 - INFO: Test results at epoch 18: Measure (HAD) AUC: 0.642159730842
08/23/2020 18:18:19 - INFO: Mini batch Iter: 0 train_loss= 2.55914
08/23/2020 18:18:19 - INFO: Mini batch Iter: 0 graph_loss= 2.55914
08/23/2020 18:18:19 - INFO: Mini batch Iter: 0 reg_loss= 0.00000
08/23/2020 18:18:19 - INFO: Time for Mini batch : 1.83315587044
08/23/2020 18:18:21 - INFO: Mini batch Iter: 1 train_loss= 2.48834
08/23/2020 18:18:21 - INFO: Mini batch Iter: 1 graph_loss= 2.48834
08/23/2020 18:18:21 - INFO: Mini batch Iter: 1 reg_loss= 0.00000
08/23/2020 18:18:21 - INFO: Time for Mini batch : 1.91488003731
08/23/2020 18:18:23 - INFO: Mini batch Iter: 2 train_loss= 2.50117
08/23/2020 18:18:23 - INFO: Mini batch Iter: 2 graph_loss= 2.50117
08/23/2020 18:18:23 - INFO: Mini batch Iter: 2 reg_loss= 0.00000
08/23/2020 18:18:23 - INFO: Time for Mini batch : 1.80564689636
08/23/2020 18:18:25 - INFO: Mini batch Iter: 3 train_loss= 2.52702
08/23/2020 18:18:25 - INFO: Mini batch Iter: 3 graph_loss= 2.52702
08/23/2020 18:18:25 - INFO: Mini batch Iter: 3 reg_loss= 0.00000
08/23/2020 18:18:25 - INFO: Time for Mini batch : 1.80097317696
08/23/2020 18:18:27 - INFO: Mini batch Iter: 4 train_loss= 2.46072
08/23/2020 18:18:27 - INFO: Mini batch Iter: 4 graph_loss= 2.46072
08/23/2020 18:18:27 - INFO: Mini batch Iter: 4 reg_loss= 0.00000
08/23/2020 18:18:27 - INFO: Time for Mini batch : 1.77333784103
08/23/2020 18:18:27 - INFO: Time for epoch : 9.11160111427
08/23/2020 18:18:29 - INFO: Val results at epoch 19: Measure (HAD) AUC: 0.63413165297
08/23/2020 18:18:29 - INFO: Test results at epoch 19: Measure (HAD) AUC: 0.637844577783
08/23/2020 18:18:31 - INFO: Mini batch Iter: 0 train_loss= 2.46207
08/23/2020 18:18:31 - INFO: Mini batch Iter: 0 graph_loss= 2.46207
08/23/2020 18:18:31 - INFO: Mini batch Iter: 0 reg_loss= 0.00000
08/23/2020 18:18:31 - INFO: Time for Mini batch : 1.84978890419
08/23/2020 18:18:33 - INFO: Mini batch Iter: 1 train_loss= 2.48917
08/23/2020 18:18:33 - INFO: Mini batch Iter: 1 graph_loss= 2.48917
08/23/2020 18:18:33 - INFO: Mini batch Iter: 1 reg_loss= 0.00000
08/23/2020 18:18:33 - INFO: Time for Mini batch : 1.78758788109
08/23/2020 18:18:35 - INFO: Mini batch Iter: 2 train_loss= 2.50864
08/23/2020 18:18:35 - INFO: Mini batch Iter: 2 graph_loss= 2.50864
08/23/2020 18:18:35 - INFO: Mini batch Iter: 2 reg_loss= 0.00000
08/23/2020 18:18:35 - INFO: Time for Mini batch : 1.80246806145
08/23/2020 18:18:37 - INFO: Mini batch Iter: 3 train_loss= 2.73708
08/23/2020 18:18:37 - INFO: Mini batch Iter: 3 graph_loss= 2.73708
08/23/2020 18:18:37 - INFO: Mini batch Iter: 3 reg_loss= 0.00000
08/23/2020 18:18:37 - INFO: Time for Mini batch : 2.05693793297
08/23/2020 18:18:39 - INFO: Mini batch Iter: 4 train_loss= 2.47013
08/23/2020 18:18:39 - INFO: Mini batch Iter: 4 graph_loss= 2.47013
08/23/2020 18:18:39 - INFO: Mini batch Iter: 4 reg_loss= 0.00000
08/23/2020 18:18:39 - INFO: Time for Mini batch : 1.79101705551
08/23/2020 18:18:39 - INFO: Time for epoch : 9.27134203911
08/23/2020 18:18:40 - INFO: Val results at epoch 20: Measure (HAD) AUC: 0.628777696991
08/23/2020 18:18:41 - INFO: Test results at epoch 20: Measure (HAD) AUC: 0.636733964449
08/23/2020 18:18:43 - INFO: Mini batch Iter: 0 train_loss= 2.49451
08/23/2020 18:18:43 - INFO: Mini batch Iter: 0 graph_loss= 2.49451
08/23/2020 18:18:43 - INFO: Mini batch Iter: 0 reg_loss= 0.00000
08/23/2020 18:18:43 - INFO: Time for Mini batch : 1.88389706612
08/23/2020 18:18:45 - INFO: Mini batch Iter: 1 train_loss= 2.43632
08/23/2020 18:18:45 - INFO: Mini batch Iter: 1 graph_loss= 2.43632
08/23/2020 18:18:45 - INFO: Mini batch Iter: 1 reg_loss= 0.00000
08/23/2020 18:18:45 - INFO: Time for Mini batch : 1.83907485008
08/23/2020 18:18:47 - INFO: Mini batch Iter: 2 train_loss= 2.43683
08/23/2020 18:18:47 - INFO: Mini batch Iter: 2 graph_loss= 2.43683
08/23/2020 18:18:47 - INFO: Mini batch Iter: 2 reg_loss= 0.00000
08/23/2020 18:18:47 - INFO: Time for Mini batch : 1.78876304626
08/23/2020 18:18:49 - INFO: Mini batch Iter: 3 train_loss= 2.46410
08/23/2020 18:18:49 - INFO: Mini batch Iter: 3 graph_loss= 2.46410
08/23/2020 18:18:49 - INFO: Mini batch Iter: 3 reg_loss= 0.00000
08/23/2020 18:18:49 - INFO: Time for Mini batch : 1.79602098465
08/23/2020 18:18:51 - INFO: Mini batch Iter: 4 train_loss= 2.41881
08/23/2020 18:18:51 - INFO: Mini batch Iter: 4 graph_loss= 2.41881
08/23/2020 18:18:51 - INFO: Mini batch Iter: 4 reg_loss= 0.00000
08/23/2020 18:18:51 - INFO: Time for Mini batch : 1.77465701103
08/23/2020 18:18:51 - INFO: Time for epoch : 9.06882882118
08/23/2020 18:18:52 - INFO: Val results at epoch 21: Measure (HAD) AUC: 0.626794750332
08/23/2020 18:18:52 - INFO: Test results at epoch 21: Measure (HAD) AUC: 0.641228643542
08/23/2020 18:18:54 - INFO: Mini batch Iter: 0 train_loss= 2.42303
08/23/2020 18:18:54 - INFO: Mini batch Iter: 0 graph_loss= 2.42303
08/23/2020 18:18:54 - INFO: Mini batch Iter: 0 reg_loss= 0.00000
08/23/2020 18:18:54 - INFO: Time for Mini batch : 1.77848577499
08/23/2020 18:18:56 - INFO: Mini batch Iter: 1 train_loss= 2.45420
08/23/2020 18:18:56 - INFO: Mini batch Iter: 1 graph_loss= 2.45420
08/23/2020 18:18:56 - INFO: Mini batch Iter: 1 reg_loss= 0.00000
08/23/2020 18:18:56 - INFO: Time for Mini batch : 1.80016493797
08/23/2020 18:18:58 - INFO: Mini batch Iter: 2 train_loss= 2.43927
08/23/2020 18:18:58 - INFO: Mini batch Iter: 2 graph_loss= 2.43927
08/23/2020 18:18:58 - INFO: Mini batch Iter: 2 reg_loss= 0.00000
08/23/2020 18:18:58 - INFO: Time for Mini batch : 1.77645611763
08/23/2020 18:19:00 - INFO: Mini batch Iter: 3 train_loss= 2.44499
08/23/2020 18:19:00 - INFO: Mini batch Iter: 3 graph_loss= 2.44499
08/23/2020 18:19:00 - INFO: Mini batch Iter: 3 reg_loss= 0.00000
08/23/2020 18:19:00 - INFO: Time for Mini batch : 1.79476499557
08/23/2020 18:19:02 - INFO: Mini batch Iter: 4 train_loss= 2.48245
08/23/2020 18:19:02 - INFO: Mini batch Iter: 4 graph_loss= 2.48245
08/23/2020 18:19:02 - INFO: Mini batch Iter: 4 reg_loss= 0.00000
08/23/2020 18:19:02 - INFO: Time for Mini batch : 1.7500629425
08/23/2020 18:19:02 - INFO: Time for epoch : 8.88278698921
08/23/2020 18:19:04 - INFO: Val results at epoch 22: Measure (HAD) AUC: 0.627551207761
08/23/2020 18:19:04 - INFO: Test results at epoch 22: Measure (HAD) AUC: 0.646328814989
08/23/2020 18:19:06 - INFO: Mini batch Iter: 0 train_loss= 2.40215
08/23/2020 18:19:06 - INFO: Mini batch Iter: 0 graph_loss= 2.40215
08/23/2020 18:19:06 - INFO: Mini batch Iter: 0 reg_loss= 0.00000
08/23/2020 18:19:06 - INFO: Time for Mini batch : 1.80158305168
08/23/2020 18:19:08 - INFO: Mini batch Iter: 1 train_loss= 2.45371
08/23/2020 18:19:08 - INFO: Mini batch Iter: 1 graph_loss= 2.45371
08/23/2020 18:19:08 - INFO: Mini batch Iter: 1 reg_loss= 0.00000
08/23/2020 18:19:08 - INFO: Time for Mini batch : 1.78685188293
08/23/2020 18:19:10 - INFO: Mini batch Iter: 2 train_loss= 2.40385
08/23/2020 18:19:10 - INFO: Mini batch Iter: 2 graph_loss= 2.40385
08/23/2020 18:19:10 - INFO: Mini batch Iter: 2 reg_loss= 0.00000
08/23/2020 18:19:10 - INFO: Time for Mini batch : 2.01004910469
08/23/2020 18:19:12 - INFO: Mini batch Iter: 3 train_loss= 2.41025
08/23/2020 18:19:12 - INFO: Mini batch Iter: 3 graph_loss= 2.41025
08/23/2020 18:19:12 - INFO: Mini batch Iter: 3 reg_loss= 0.00000
08/23/2020 18:19:12 - INFO: Time for Mini batch : 1.80127692223
08/23/2020 18:19:14 - INFO: Mini batch Iter: 4 train_loss= 2.37949
08/23/2020 18:19:14 - INFO: Mini batch Iter: 4 graph_loss= 2.37949
08/23/2020 18:19:14 - INFO: Mini batch Iter: 4 reg_loss= 0.00000
08/23/2020 18:19:14 - INFO: Time for Mini batch : 1.78747916222
08/23/2020 18:19:14 - INFO: Time for epoch : 9.16871333122
08/23/2020 18:19:15 - INFO: Val results at epoch 23: Measure (HAD) AUC: 0.628425173141
08/23/2020 18:19:15 - INFO: Test results at epoch 23: Measure (HAD) AUC: 0.650364886666
08/23/2020 18:19:17 - INFO: Mini batch Iter: 0 train_loss= 2.39805
08/23/2020 18:19:17 - INFO: Mini batch Iter: 0 graph_loss= 2.39805
08/23/2020 18:19:17 - INFO: Mini batch Iter: 0 reg_loss= 0.00000
08/23/2020 18:19:17 - INFO: Time for Mini batch : 1.65393805504
08/23/2020 18:19:19 - INFO: Mini batch Iter: 1 train_loss= 2.40966
08/23/2020 18:19:19 - INFO: Mini batch Iter: 1 graph_loss= 2.40966
08/23/2020 18:19:19 - INFO: Mini batch Iter: 1 reg_loss= 0.00000
08/23/2020 18:19:19 - INFO: Time for Mini batch : 1.69344210625
08/23/2020 18:19:21 - INFO: Mini batch Iter: 2 train_loss= 2.40212
08/23/2020 18:19:21 - INFO: Mini batch Iter: 2 graph_loss= 2.40212
08/23/2020 18:19:21 - INFO: Mini batch Iter: 2 reg_loss= 0.00000
08/23/2020 18:19:21 - INFO: Time for Mini batch : 1.68473911285
08/23/2020 18:19:23 - INFO: Mini batch Iter: 3 train_loss= 2.43835
08/23/2020 18:19:23 - INFO: Mini batch Iter: 3 graph_loss= 2.43835
08/23/2020 18:19:23 - INFO: Mini batch Iter: 3 reg_loss= 0.00000
08/23/2020 18:19:23 - INFO: Time for Mini batch : 1.67209291458
08/23/2020 18:19:25 - INFO: Mini batch Iter: 4 train_loss= 2.35120
08/23/2020 18:19:25 - INFO: Mini batch Iter: 4 graph_loss= 2.35120
08/23/2020 18:19:25 - INFO: Mini batch Iter: 4 reg_loss= 0.00000
08/23/2020 18:19:25 - INFO: Time for Mini batch : 1.903247118
08/23/2020 18:19:25 - INFO: Time for epoch : 8.59099340439
08/23/2020 18:19:27 - INFO: Val results at epoch 24: Measure (HAD) AUC: 0.627161962677
08/23/2020 18:19:27 - INFO: Test results at epoch 24: Measure (HAD) AUC: 0.648844627561
08/23/2020 18:19:29 - INFO: Mini batch Iter: 0 train_loss= 2.42774
08/23/2020 18:19:29 - INFO: Mini batch Iter: 0 graph_loss= 2.42774
08/23/2020 18:19:29 - INFO: Mini batch Iter: 0 reg_loss= 0.00000
08/23/2020 18:19:29 - INFO: Time for Mini batch : 1.73919510841
08/23/2020 18:19:30 - INFO: Mini batch Iter: 1 train_loss= 2.38549
08/23/2020 18:19:30 - INFO: Mini batch Iter: 1 graph_loss= 2.38549
08/23/2020 18:19:30 - INFO: Mini batch Iter: 1 reg_loss= 0.00000
08/23/2020 18:19:30 - INFO: Time for Mini batch : 1.69320011139
08/23/2020 18:19:33 - INFO: Mini batch Iter: 2 train_loss= 2.41728
08/23/2020 18:19:33 - INFO: Mini batch Iter: 2 graph_loss= 2.41728
08/23/2020 18:19:33 - INFO: Mini batch Iter: 2 reg_loss= 0.00000
08/23/2020 18:19:33 - INFO: Time for Mini batch : 1.87522697449
08/23/2020 18:19:35 - INFO: Mini batch Iter: 3 train_loss= 2.39587
08/23/2020 18:19:35 - INFO: Mini batch Iter: 3 graph_loss= 2.39587
08/23/2020 18:19:35 - INFO: Mini batch Iter: 3 reg_loss= 0.00000
08/23/2020 18:19:35 - INFO: Time for Mini batch : 1.77211785316
08/23/2020 18:19:37 - INFO: Mini batch Iter: 4 train_loss= 2.35992
08/23/2020 18:19:37 - INFO: Mini batch Iter: 4 graph_loss= 2.35992
08/23/2020 18:19:37 - INFO: Mini batch Iter: 4 reg_loss= 0.00000
08/23/2020 18:19:37 - INFO: Time for Mini batch : 2.17371797562
08/23/2020 18:19:37 - INFO: Time for epoch : 9.24274230003
08/23/2020 18:19:39 - INFO: Val results at epoch 25: Measure (HAD) AUC: 0.639757346083
08/23/2020 18:19:39 - INFO: Test results at epoch 25: Measure (HAD) AUC: 0.659210624024
08/23/2020 18:19:41 - INFO: Mini batch Iter: 0 train_loss= 2.34447
08/23/2020 18:19:41 - INFO: Mini batch Iter: 0 graph_loss= 2.34447
08/23/2020 18:19:41 - INFO: Mini batch Iter: 0 reg_loss= 0.00000
08/23/2020 18:19:41 - INFO: Time for Mini batch : 1.87339496613
08/23/2020 18:19:43 - INFO: Mini batch Iter: 1 train_loss= 2.41234
08/23/2020 18:19:43 - INFO: Mini batch Iter: 1 graph_loss= 2.41234
08/23/2020 18:19:43 - INFO: Mini batch Iter: 1 reg_loss= 0.00000
08/23/2020 18:19:43 - INFO: Time for Mini batch : 1.69483399391
08/23/2020 18:19:44 - INFO: Mini batch Iter: 2 train_loss= 2.36618
08/23/2020 18:19:44 - INFO: Mini batch Iter: 2 graph_loss= 2.36618
08/23/2020 18:19:44 - INFO: Mini batch Iter: 2 reg_loss= 0.00000
08/23/2020 18:19:44 - INFO: Time for Mini batch : 1.66522502899
08/23/2020 18:19:47 - INFO: Mini batch Iter: 3 train_loss= 2.42119
08/23/2020 18:19:47 - INFO: Mini batch Iter: 3 graph_loss= 2.42119
08/23/2020 18:19:47 - INFO: Mini batch Iter: 3 reg_loss= 0.00000
08/23/2020 18:19:47 - INFO: Time for Mini batch : 1.8974711895
08/23/2020 18:19:49 - INFO: Mini batch Iter: 4 train_loss= 2.36404
08/23/2020 18:19:49 - INFO: Mini batch Iter: 4 graph_loss= 2.36404
08/23/2020 18:19:49 - INFO: Mini batch Iter: 4 reg_loss= 0.00000
08/23/2020 18:19:49 - INFO: Time for Mini batch : 2.20846199989
08/23/2020 18:19:49 - INFO: Time for epoch : 9.32332277298
08/23/2020 18:19:50 - INFO: Val results at epoch 26: Measure (HAD) AUC: 0.643172420884
08/23/2020 18:19:50 - INFO: Test results at epoch 26: Measure (HAD) AUC: 0.661222947671
08/23/2020 18:19:52 - INFO: Mini batch Iter: 0 train_loss= 2.33948
08/23/2020 18:19:52 - INFO: Mini batch Iter: 0 graph_loss= 2.33948
08/23/2020 18:19:52 - INFO: Mini batch Iter: 0 reg_loss= 0.00000
08/23/2020 18:19:52 - INFO: Time for Mini batch : 1.71923995018
08/23/2020 18:19:55 - INFO: Mini batch Iter: 1 train_loss= 2.32517
08/23/2020 18:19:55 - INFO: Mini batch Iter: 1 graph_loss= 2.32517
08/23/2020 18:19:55 - INFO: Mini batch Iter: 1 reg_loss= 0.00000
08/23/2020 18:19:55 - INFO: Time for Mini batch : 2.14365696907
08/23/2020 18:19:57 - INFO: Mini batch Iter: 2 train_loss= 2.36160
08/23/2020 18:19:57 - INFO: Mini batch Iter: 2 graph_loss= 2.36160
08/23/2020 18:19:57 - INFO: Mini batch Iter: 2 reg_loss= 0.00000
08/23/2020 18:19:57 - INFO: Time for Mini batch : 1.67610812187
08/23/2020 18:19:59 - INFO: Mini batch Iter: 3 train_loss= 2.33234
08/23/2020 18:19:59 - INFO: Mini batch Iter: 3 graph_loss= 2.33234
08/23/2020 18:19:59 - INFO: Mini batch Iter: 3 reg_loss= 0.00000
08/23/2020 18:19:59 - INFO: Time for Mini batch : 1.6060359478
08/23/2020 18:20:00 - INFO: Mini batch Iter: 4 train_loss= 2.63443
08/23/2020 18:20:00 - INFO: Mini batch Iter: 4 graph_loss= 2.63443
08/23/2020 18:20:00 - INFO: Mini batch Iter: 4 reg_loss= 0.00000
08/23/2020 18:20:00 - INFO: Time for Mini batch : 1.60430788994
08/23/2020 18:20:00 - INFO: Time for epoch : 8.73341488838
08/23/2020 18:20:02 - INFO: Val results at epoch 27: Measure (HAD) AUC: 0.644898318902
08/23/2020 18:20:02 - INFO: Test results at epoch 27: Measure (HAD) AUC: 0.66275463116
08/23/2020 18:20:03 - INFO: Mini batch Iter: 0 train_loss= 2.33929
08/23/2020 18:20:03 - INFO: Mini batch Iter: 0 graph_loss= 2.33929
08/23/2020 18:20:03 - INFO: Mini batch Iter: 0 reg_loss= 0.00000
08/23/2020 18:20:03 - INFO: Time for Mini batch : 1.61730885506
08/23/2020 18:20:05 - INFO: Mini batch Iter: 1 train_loss= 2.36558
08/23/2020 18:20:05 - INFO: Mini batch Iter: 1 graph_loss= 2.36558
08/23/2020 18:20:05 - INFO: Mini batch Iter: 1 reg_loss= 0.00000
08/23/2020 18:20:05 - INFO: Time for Mini batch : 1.62124800682
08/23/2020 18:20:07 - INFO: Mini batch Iter: 2 train_loss= 2.33285
08/23/2020 18:20:07 - INFO: Mini batch Iter: 2 graph_loss= 2.33285
08/23/2020 18:20:07 - INFO: Mini batch Iter: 2 reg_loss= 0.00000
08/23/2020 18:20:07 - INFO: Time for Mini batch : 1.61918115616
08/23/2020 18:20:09 - INFO: Mini batch Iter: 3 train_loss= 2.31424
08/23/2020 18:20:09 - INFO: Mini batch Iter: 3 graph_loss= 2.31424
08/23/2020 18:20:09 - INFO: Mini batch Iter: 3 reg_loss= 0.00000
08/23/2020 18:20:09 - INFO: Time for Mini batch : 1.62594795227
08/23/2020 18:20:11 - INFO: Mini batch Iter: 4 train_loss= 2.41225
08/23/2020 18:20:11 - INFO: Mini batch Iter: 4 graph_loss= 2.41225
08/23/2020 18:20:11 - INFO: Mini batch Iter: 4 reg_loss= 0.00000
08/23/2020 18:20:11 - INFO: Time for Mini batch : 1.60381889343
08/23/2020 18:20:11 - INFO: Time for epoch : 8.07310891151
08/23/2020 18:20:12 - INFO: Val results at epoch 28: Measure (HAD) AUC: 0.645221465765
08/23/2020 18:20:12 - INFO: Test results at epoch 28: Measure (HAD) AUC: 0.659117596897
08/23/2020 18:20:14 - INFO: Mini batch Iter: 0 train_loss= 2.30058
08/23/2020 18:20:14 - INFO: Mini batch Iter: 0 graph_loss= 2.30058
08/23/2020 18:20:14 - INFO: Mini batch Iter: 0 reg_loss= 0.00000
08/23/2020 18:20:14 - INFO: Time for Mini batch : 1.60651612282
08/23/2020 18:20:16 - INFO: Mini batch Iter: 1 train_loss= 2.33549
08/23/2020 18:20:16 - INFO: Mini batch Iter: 1 graph_loss= 2.33549
08/23/2020 18:20:16 - INFO: Mini batch Iter: 1 reg_loss= 0.00000
08/23/2020 18:20:16 - INFO: Time for Mini batch : 1.61434984207
08/23/2020 18:20:18 - INFO: Mini batch Iter: 2 train_loss= 2.31723
08/23/2020 18:20:18 - INFO: Mini batch Iter: 2 graph_loss= 2.31723
08/23/2020 18:20:18 - INFO: Mini batch Iter: 2 reg_loss= 0.00000
08/23/2020 18:20:18 - INFO: Time for Mini batch : 1.61474609375
08/23/2020 18:20:20 - INFO: Mini batch Iter: 3 train_loss= 2.36155
08/23/2020 18:20:20 - INFO: Mini batch Iter: 3 graph_loss= 2.36155
08/23/2020 18:20:20 - INFO: Mini batch Iter: 3 reg_loss= 0.00000
08/23/2020 18:20:20 - INFO: Time for Mini batch : 1.63450217247
08/23/2020 18:20:21 - INFO: Mini batch Iter: 4 train_loss= 2.40519
08/23/2020 18:20:21 - INFO: Mini batch Iter: 4 graph_loss= 2.40519
08/23/2020 18:20:21 - INFO: Mini batch Iter: 4 reg_loss= 0.00000
08/23/2020 18:20:21 - INFO: Time for Mini batch : 1.61601209641
08/23/2020 18:20:21 - INFO: Time for epoch : 8.06873631477
08/23/2020 18:20:23 - INFO: Val results at epoch 29: Measure (HAD) AUC: 0.647101592967
08/23/2020 18:20:23 - INFO: Test results at epoch 29: Measure (HAD) AUC: 0.653543313512
08/23/2020 18:20:23 - INFO: Best epoch 2
08/23/2020 18:20:23 - INFO: Best epoch val results defaultdict(<function <lambda> at 0x7f5df84852a8>, {'HAD': [0.7157703013344497, 0.6558265582655827, 0.7024336460651885], 'SIGMOID': [0.715204794324366, 0.6585365853658537, 0.6973400255494745]})

08/23/2020 18:20:23 - INFO: Best epoch test results defaultdict(<function <lambda> at 0x7f5df8485320>, {'HAD': [0.7185643792601732, 0.6648599819331527, 0.7113126595819897], 'SIGMOID': [0.7213119436222968, 0.6666666666666666, 0.7144659819081911]})

