08/08/2020 00:05:10 - INFO: [('structural_head_config', u'16,8,8'), ('temporal_layer_config', u'128'), ('val_freq', 1), ('dataset', u'yelp'), ('epochs', 30), ('walk_len', 20), ('weight_decay', 0.0005), ('neg_sample_size', 10), ('temporal_drop', 0.5), ('GPU_ID', 0), ('use_residual', u'False'), ('structural_layer_config', u'128'), ('window', -1), ('base_model', u'DySAT'), ('log_dir', 'log'), ('model_dir', 'model'), ('spatial_drop', 0.1), ('position_ffn', u'True'), ('optimizer', 'adam'), ('time_steps', 7), ('learning_rate', 0.001), ('csv_dir', 'csv'), ('batch_size', 512), ('max_gradient_norm', 1.0), ('featureless', u'True'), ('test_freq', 1), ('temporal_head_config', u'16'), ('seed', 7), ('save_dir', 'output'), ('model', u'default'), ('neg_weight', 1.0)]
08/08/2020 00:05:38 - INFO: # train: 782, # val: 781, # test: 2344
08/08/2020 00:06:16 - INFO: Mini batch Iter: 0 train_loss= 8.14923
08/08/2020 00:06:16 - INFO: Mini batch Iter: 0 graph_loss= 8.14923
08/08/2020 00:06:16 - INFO: Mini batch Iter: 0 reg_loss= 0.00000
08/08/2020 00:06:16 - INFO: Time for Mini batch : 32.1074500084
08/08/2020 00:06:37 - INFO: Mini batch Iter: 1 train_loss= 8.15346
08/08/2020 00:06:37 - INFO: Mini batch Iter: 1 graph_loss= 8.15346
08/08/2020 00:06:37 - INFO: Mini batch Iter: 1 reg_loss= 0.00000
08/08/2020 00:06:37 - INFO: Time for Mini batch : 20.9341890812
08/08/2020 00:06:58 - INFO: Mini batch Iter: 2 train_loss= 8.14544
08/08/2020 00:06:58 - INFO: Mini batch Iter: 2 graph_loss= 8.14544
08/08/2020 00:06:58 - INFO: Mini batch Iter: 2 reg_loss= 0.00000
08/08/2020 00:06:58 - INFO: Time for Mini batch : 20.9873120785
08/08/2020 00:07:21 - INFO: Mini batch Iter: 3 train_loss= 8.08368
08/08/2020 00:07:21 - INFO: Mini batch Iter: 3 graph_loss= 8.08368
08/08/2020 00:07:21 - INFO: Mini batch Iter: 3 reg_loss= 0.00000
08/08/2020 00:07:21 - INFO: Time for Mini batch : 22.3294718266
08/08/2020 00:07:44 - INFO: Mini batch Iter: 4 train_loss= 8.02516
08/08/2020 00:07:44 - INFO: Mini batch Iter: 4 graph_loss= 8.02516
08/08/2020 00:07:44 - INFO: Mini batch Iter: 4 reg_loss= 0.00000
08/08/2020 00:07:44 - INFO: Time for Mini batch : 22.8200061321
08/08/2020 00:08:07 - INFO: Mini batch Iter: 5 train_loss= 8.04120
08/08/2020 00:08:07 - INFO: Mini batch Iter: 5 graph_loss= 8.04120
08/08/2020 00:08:07 - INFO: Mini batch Iter: 5 reg_loss= 0.00000
08/08/2020 00:08:07 - INFO: Time for Mini batch : 22.7842519283
